Log file open, 06/28/16 12:51:41
LogInit:Display: Running engine for game: Arvind_VR_Proj
LogPlatformFile: Not using cached read wrapper
LogInit:Display: RandInit(-717601277) SRandInit(-717601274).
LogTaskGraph: Started task graph with 4 named threads and 7 total threads.
LogStats: Stats thread started at 0.081674
OCULUS: Info: [CAPI] LibOVR module is located at C:\Program Files\Oculus\Support\oculus-runtime\LibOVRRT64_1.dll
OCULUS: Debug: Connected to the server running version (prod = 1).1.5.0(build = 241049) feature version = 0. Client runs version (prod = 1).1.5.0(build = 241049) feature version = 0
LogInit: Version: 4.11.2-2946394+++UE4+Release-4.11
LogInit: API Version: 2927265
LogInit: Compiled (64-bit): Apr 18 2016 02:18:46
LogInit: Compiled with Visual C++: 19.00.23026.00
LogInit: Build Configuration: Development
LogInit: Branch Name: ++UE4+Release-4.11
LogInit: Command line:  
LogInit: Base directory: C:/Program Files (x86)/Epic Games/4.11/Engine/Binaries/Win64/
LogInit: Installed Engine Build: 1
LogInit: Using libcurl 7.41.0
LogInit:  - built for x86_64-pc-win32
LogInit:  - supports SSL with WinSSL
LogInit:  - other features:
LogInit:      CURL_VERSION_SSL
LogInit:      CURL_VERSION_IPV6
LogInit:      CURL_VERSION_ASYNCHDNS
LogInit:      CURL_VERSION_LARGEFILE
LogInit:      CURL_VERSION_IDN
LogInit:  CurlRequestOptions (configurable via config and command line):
LogInit:  - bVerifyPeer = true  - Libcurl will verify peer certificate
LogInit:  - bUseHttpProxy = false  - Libcurl will NOT use HTTP proxy
LogInit:  - bDontReuseConnections = false  - Libcurl will reuse connections
LogInit:  - CertBundlePath = nullptr  - Libcurl will use whatever was configured at build time.
LogInit: Presizing for max 16777216 objects, including 0 objects not considered by GC, pre-allocating 0 bytes for permanent pool.
LogInit: Object subsystem initialized
[2016.06.28-17.51.41:629][  0]LogInit: Selected Device Profile: [Windows]
[2016.06.28-17.51.41:629][  0]LogInit: Applying CVar settings loaded from the selected device profile: [Windows]
[2016.06.28-17.51.41:636][  0]LogInit: Computer: MSI
[2016.06.28-17.51.41:636][  0]LogInit: User: OGOR
[2016.06.28-17.51.41:636][  0]LogInit: CPU Page size=65536, Cores=4
[2016.06.28-17.51.41:636][  0]LogInit: High frequency timer resolution =2.531250 MHz
[2016.06.28-17.51.41:636][  0]LogMemory: Memory total: Physical=15.9GB (16GB approx)
[2016.06.28-17.51.41:636][  0]LogMemory: Platform Memory Stats for Windows
[2016.06.28-17.51.41:636][  0]LogMemory: Process Physical Memory: 318.11 MB used, 318.11 MB peak
[2016.06.28-17.51.41:636][  0]LogMemory: Process Virtual Memory: 318.23 MB used, 318.23 MB peak
[2016.06.28-17.51.41:636][  0]LogMemory: Physical Memory: 7705.87 MB used, 16260.07 MB total
[2016.06.28-17.51.41:636][  0]LogMemory: Virtual Memory: 692.98 MB used, 134217728.00 MB total
[2016.06.28-17.51.42:180][  0]LogTextLocalizationManager: No specific translations for ('en-US') exist, so ('en') translations will be used.
[2016.06.28-17.51.42:619][  0]LogD3D11RHI: D3D11 adapters:
[2016.06.28-17.51.42:649][  0]LogD3D11RHI:    0. 'NVIDIA GeForce GTX 960M' (Feature Level 11_0)
[2016.06.28-17.51.42:649][  0]LogD3D11RHI:       1995MB of dedicated video memory, 0MB of dedicated system memory, and 8130MB of shared system memory, 1 output[s]
[2016.06.28-17.51.42:657][  0]LogD3D11RHI:    1. 'Intel(R) HD Graphics 530' (Feature Level 11_0)
[2016.06.28-17.51.42:657][  0]LogD3D11RHI:       128MB of dedicated video memory, 0MB of dedicated system memory, and 8130MB of shared system memory, 0 output[s]
[2016.06.28-17.51.42:658][  0]LogD3D11RHI:    2. 'Microsoft Basic Render Driver' (Feature Level 11_0)
[2016.06.28-17.51.42:658][  0]LogD3D11RHI:       0MB of dedicated video memory, 0MB of dedicated system memory, and 8130MB of shared system memory, 0 output[s]
[2016.06.28-17.51.42:658][  0]LogD3D11RHI: Chosen D3D11 Adapter: 0
[2016.06.28-17.51.42:666][  0]LogD3D11RHI: Creating new Direct3DDevice
[2016.06.28-17.51.42:666][  0]LogD3D11RHI:     Adapter Name: NVIDIA GeForce GTX 960M
[2016.06.28-17.51.42:666][  0]LogD3D11RHI:   Driver Version: Unknown (internal Unknown)
[2016.06.28-17.51.42:666][  0]LogD3D11RHI:      Driver Date: Unknown
[2016.06.28-17.51.42:666][  0]LogRHI: Texture pool is 1361 MB (70% of 1945 MB)
[2016.06.28-17.51.42:680][  0]LogD3D11RHI: Async texture creation enabled
[2016.06.28-17.51.42:691][  0]LogShaderCompilers: Guid format shader working directory is -7 characters bigger than the processId version (../../../../../../Users/OGOR/Desktop/Arvind_VR_Proj/Intermediate/Shaders/WorkingDirectory/21368/).
[2016.06.28-17.51.42:691][  0]LogShaderCompilers: Cleaned the shader compiler working directory 'C:/Users/OGOR/AppData/Local/Temp/UnrealShaderWorkingDir/2AAF0E27483CCB75F178A4BCF769B1C4/'.
[2016.06.28-17.51.42:691][  0]LogShaderCompilers:Display: Using Local Shader Compiler.
[2016.06.28-17.51.44:597][  0]LogTemp:Display: Loaded TP AllDesktopTargetPlatform
[2016.06.28-17.51.44:603][  0]LogTemp:Display: Loaded TP WindowsClientTargetPlatform
[2016.06.28-17.51.44:609][  0]LogTemp:Display: Loaded TP WindowsNoEditorTargetPlatform
[2016.06.28-17.51.44:618][  0]LogTemp:Display: Loaded TP WindowsServerTargetPlatform
[2016.06.28-17.51.44:625][  0]LogTemp:Display: Loaded TP WindowsTargetPlatform
[2016.06.28-17.51.44:628][  0]LogTemp:Display: Loaded TP AndroidTargetPlatform
[2016.06.28-17.51.44:632][  0]LogTemp:Display: Loaded TP Android_ASTCTargetPlatform
[2016.06.28-17.51.44:635][  0]LogTemp:Display: Loaded TP Android_ATCTargetPlatform
[2016.06.28-17.51.44:639][  0]LogTemp:Display: Loaded TP Android_DXTTargetPlatform
[2016.06.28-17.51.44:643][  0]LogTemp:Display: Loaded TP Android_ETC1TargetPlatform
[2016.06.28-17.51.44:647][  0]LogTemp:Display: Loaded TP Android_ETC2TargetPlatform
[2016.06.28-17.51.44:656][  0]LogTemp:Display: Loaded TP Android_MultiTargetPlatform
[2016.06.28-17.51.44:656][  0]LogTemp:Display: Loaded TP Android_PVRTCTargetPlatform
[2016.06.28-17.51.44:657][  0]LogTemp:Display: Loaded TP HTML5TargetPlatform
[2016.06.28-17.51.44:727][  0]LogTemp:Display: Loaded TP IOSTargetPlatform
[2016.06.28-17.51.44:731][  0]LogTemp:Display: Loaded TP TVOSTargetPlatform
[2016.06.28-17.51.44:735][  0]LogTemp:Display: Loaded TP LinuxNoEditorTargetPlatform
[2016.06.28-17.51.44:739][  0]LogTemp:Display: Loaded TP LinuxServerTargetPlatform
[2016.06.28-17.51.44:756][  0]LogTemp:Display: Loaded TP LinuxTargetPlatform
[2016.06.28-17.51.44:756][  0]LogTargetPlatformManager:Display: Building Assets For Windows
[2016.06.28-17.51.45:171][  0]LogDerivedDataCache:Display: Max Cache Size: 512 MB
[2016.06.28-17.51.45:255][  0]LogDerivedDataCache: Loaded boot cache 0.08s 46MB C:/Users/OGOR/AppData/Local/UnrealEngine/4.11/DerivedDataCache/Boot.ddc.
[2016.06.28-17.51.45:255][  0]LogDerivedDataCache:Display: Loaded Boot cache: C:/Users/OGOR/AppData/Local/UnrealEngine/4.11/DerivedDataCache/Boot.ddc
[2016.06.28-17.51.45:255][  0]LogDerivedDataCache: FDerivedDataBackendGraph:  Pak pak cache file ../../../../../../Users/OGOR/Desktop/Arvind_VR_Proj/DerivedDataCache/DDC.ddp not found, will not use a pak cache.
[2016.06.28-17.51.45:255][  0]LogDerivedDataCache: Unable to find inner node Pak for hierarchical cache Hierarchy.
[2016.06.28-17.51.45:255][  0]LogDerivedDataCache: FDerivedDataBackendGraph:  CompressedPak pak cache file ../../../../../../Users/OGOR/Desktop/Arvind_VR_Proj/DerivedDataCache/Compressed.ddp not found, will not use a pak cache.
[2016.06.28-17.51.45:255][  0]LogDerivedDataCache: Unable to find inner node CompressedPak for hierarchical cache Hierarchy.
[2016.06.28-17.51.45:395][  0]LogDerivedDataCache:Display: Pak cache opened for reading ../../../Engine/DerivedDataCache/Compressed.ddp.
[2016.06.28-17.51.45:407][  0]LogDerivedDataCache: Using Local data cache path C:/Users/OGOR/AppData/Local/UnrealEngine/Common/DerivedDataCache: Writable
[2016.06.28-17.51.51:776][  0]LogInit: Selected Device Profile: [Windows]
[2016.06.28-17.51.51:840][  0]LogContentStreaming: Texture pool size is 0.00 MB
[2016.06.28-17.51.52:398][  0]LogMaterial: Uniform references updated for custom material expression Custom.
[2016.06.28-17.51.53:043][  0]LogMeshUtilities: No automatic mesh reduction module available
[2016.06.28-17.51.53:043][  0]LogMeshUtilities: No automatic mesh merging module available
[2016.06.28-17.51.53:043][  0]LogMeshUtilities: No distributed automatic mesh merging module available
[2016.06.28-17.51.57:684][  0]LogUObjectArray: 27679 objects as part of root set at end of initial load.
[2016.06.28-17.51.57:684][  0]LogUObjectAllocator: 5591600 out of 0 bytes used by permanent object pool.
[2016.06.28-17.51.57:684][  0]LogUObjectArray: CloseDisregardForGC: 0/0 objects in disregard for GC pool
[2016.06.28-17.51.57:697][  0]LogInit: WinSock: version 1.1 (2.2), MaxSocks=32767, MaxUdp=65467
[2016.06.28-17.51.57:982][  0]LogSlate: SlateFontCache - WITH_FREETYPE: 1, WITH_HARFBUZZ: 1
[2016.06.28-17.51.57:982][  0]LogSlate: SlateFontCache - WITH_FREETYPE: 1, WITH_HARFBUZZ: 1
[2016.06.28-17.52.00:423][  0]LogStreaming:Warning: Failed to read file '../../../Engine/Content/Editor/Slate/Common/Selection_16x.png' error.
[2016.06.28-17.52.00:423][  0]LogSlate: Could not find file for Slate resource: ../../../Engine/Content/Editor/Slate/Common/Selection_16x.png
[2016.06.28-17.52.00:423][  0]LogStreaming:Warning: Failed to read file '../../../Engine/Content/Editor/Slate/Common/Selection_16x.png' error.
[2016.06.28-17.52.00:423][  0]LogSlate: Could not find file for Slate resource: ../../../Engine/Content/Editor/Slate/Common/Selection_16x.png
[2016.06.28-17.52.00:423][  0]LogStreaming:Warning: Failed to read file '../../../Engine/Content/Editor/Slate/Common/Selection_16x.png' error.
[2016.06.28-17.52.00:423][  0]LogSlate: Could not find file for Slate resource: ../../../Engine/Content/Editor/Slate/Common/Selection_16x.png
[2016.06.28-17.52.09:693][  0]LogUdpMessaging: Initializing bridge on interface 0.0.0.0:0 to multicast group 230.0.0.1:6666.
[2016.06.28-17.52.10:069][  0]LogAssetRegistry: FAssetRegistry took 0.0221 seconds to start up
[2016.06.28-17.52.10:873][  0]SourceControl: Info Source control is disabled
[2016.06.28-17.52.13:292][  0]SourceControl: Info Source control is disabled
[2016.06.28-17.52.13:305][  0]SourceControl: Info Source control is disabled
[2016.06.28-17.52.13:321][  0]SourceControl: Info Source control is disabled
[2016.06.28-17.52.14:317][  0]LogHMD: Failed to initialize OpenVR with code 100
[2016.06.28-17.52.14:458][  0]LogEngine: Initializing Engine...
[2016.06.28-17.52.14:458][  0]LogHMD: Oculus plugin initialized. Version: 4.11.2-2946394+++UE4+Release-4.11, LibOVR: 1.5.0, SDK: 1.3.0, built Apr 18 2016, 02:19:44
[2016.06.28-17.52.15:312][  0]LogAIModule: Creating AISystem for world NewWorld
[2016.06.28-17.52.15:321][  0]LogInit: XAudio2 using 'Speakers (Realtek High Definition Audio)' : 8 channels at 48 kHz using 32 bits per sample (channel mask 0x63f)
[2016.06.28-17.52.15:392][  0]LogInit: FAudioDevice initialized.
[2016.06.28-17.52.15:415][  0]LogDerivedDataCache: Saved boot cache 0.02s 46MB C:/Users/OGOR/AppData/Local/UnrealEngine/4.11/DerivedDataCache/Boot.ddc.
[2016.06.28-17.52.15:419][  0]LogInit: Texture streaming: Enabled
[2016.06.28-17.52.15:487][  0]LogInit: Transaction tracking system initialized
[2016.06.28-17.52.15:521][  0]BlueprintLog: New page: Editor Load
[2016.06.28-17.52.15:925][  0]LocalizationService: Info Localization service is disabled
[2016.06.28-17.52.16:568][  0]LogConsoleResponse:Display: 
[2016.06.28-17.52.20:951][  0]LogCook:Display: Max memory allowance for cook 8192mb
[2016.06.28-17.52.20:951][  0]LogCook:Display: Mobile HDR setting 1
[2016.06.28-17.52.20:951][  0]LogCook:Display: Done creating registry. It took  0.00s.
[2016.06.28-17.52.21:215][  0]LogFileCache: Scanning file cache for directory 'C:/Users/OGOR/Desktop/Arvind_VR_Proj/Content/' took 0.02s
[2016.06.28-17.52.21:288][  0]SourceControl: Info Source control is disabled
[2016.06.28-17.52.21:288][  0]Cmd: MAP LOAD FILE="../../../../../../Users/OGOR/Desktop/Arvind_VR_Proj/Content/Runner.umap" TEMPLATE=0 SHOWPROGRESS=1 FEATURELEVEL=3
[2016.06.28-17.52.21:311][  0]LightingResults: New page: Lighting Build
[2016.06.28-17.52.21:315][  0]MapCheck: New page: Map Check
[2016.06.28-17.52.21:316][  0]LightingResults: New page: Lighting Build
[2016.06.28-17.52.21:974][  0]LogBlueprint:Warning: Node '/Game/MixamoAnimPack/MixamoCharacter_Master.MixamoCharacter_Master:EdGraph_12.K2Node_FunctionEntry_19' missing NodeGuid because of upgrade from old package version, this can cause deterministic cooking issues please resave package.
[2016.06.28-17.52.21:984][  0]LogBlueprint:Warning: Node '/Game/MixamoAnimPack/MixamoCharacter_Master.MixamoCharacter_Master:EdGraph_14.K2Node_FunctionEntry_19' missing NodeGuid because of upgrade from old package version, this can cause deterministic cooking issues please resave package.
[2016.06.28-17.52.21:994][  0]LogBlueprint:Warning: Node '/Game/MixamoAnimPack/MixamoCharacter_Master.MixamoCharacter_Master:EdGraph_16.K2Node_FunctionEntry_19' missing NodeGuid because of upgrade from old package version, this can cause deterministic cooking issues please resave package.
[2016.06.28-17.52.22:028][  0]LogBlueprint:Warning: Node '/Game/MixamoAnimPack/Mixamo_Ganfault/Anims/MixamoAnimBP_GanFaul.MixamoAnimBP_GanFaul:EdGraph_18.K2Node_CommutativeAssociativeBinaryOperator_2253' missing NodeGuid because of upgrade from old package version, this can cause deterministic cooking issues please resave package.
[2016.06.28-17.52.22:028][  0]LogBlueprint:Warning: Node '/Game/MixamoAnimPack/Mixamo_Ganfault/Anims/MixamoAnimBP_GanFaul.MixamoAnimBP_GanFaul:EdGraph_18.K2Node_CallFunction_102548' missing NodeGuid because of upgrade from old package version, this can cause deterministic cooking issues please resave package.
[2016.06.28-17.52.22:028][  0]LogBlueprint:Warning: Node '/Game/MixamoAnimPack/Mixamo_Ganfault/Anims/MixamoAnimBP_GanFaul.MixamoAnimBP_GanFaul:EdGraph_18.K2Node_VariableGet_2488' missing NodeGuid because of upgrade from old package version, this can cause deterministic cooking issues please resave package.
[2016.06.28-17.52.22:028][  0]LogBlueprint:Warning: Node '/Game/MixamoAnimPack/Mixamo_Ganfault/Anims/MixamoAnimBP_GanFaul.MixamoAnimBP_GanFaul:EdGraph_18.K2Node_FunctionResult_0' missing NodeGuid because of upgrade from old package version, this can cause deterministic cooking issues please resave package.
[2016.06.28-17.52.22:028][  0]LogBlueprint:Warning: Node '/Game/MixamoAnimPack/Mixamo_Ganfault/Anims/MixamoAnimBP_GanFaul.MixamoAnimBP_GanFaul:EdGraph_18.K2Node_FunctionEntry_139' missing NodeGuid because of upgrade from old package version, this can cause deterministic cooking issues please resave package.
[2016.06.28-17.52.22:049][  0]LogBlueprint:Warning: Node '/Game/MixamoAnimPack/Mixamo_Ganfault/Anims/MixamoAnimBP_GanFaul.MixamoAnimBP_GanFaul:EdGraph_20.K2Node_CommutativeAssociativeBinaryOperator_2253' missing NodeGuid because of upgrade from old package version, this can cause deterministic cooking issues please resave package.
[2016.06.28-17.52.22:049][  0]LogBlueprint:Warning: Node '/Game/MixamoAnimPack/Mixamo_Ganfault/Anims/MixamoAnimBP_GanFaul.MixamoAnimBP_GanFaul:EdGraph_20.K2Node_CallFunction_102548' missing NodeGuid because of upgrade from old package version, this can cause deterministic cooking issues please resave package.
[2016.06.28-17.52.22:049][  0]LogBlueprint:Warning: Node '/Game/MixamoAnimPack/Mixamo_Ganfault/Anims/MixamoAnimBP_GanFaul.MixamoAnimBP_GanFaul:EdGraph_20.K2Node_VariableGet_2488' missing NodeGuid because of upgrade from old package version, this can cause deterministic cooking issues please resave package.
[2016.06.28-17.52.22:049][  0]LogBlueprint:Warning: Node '/Game/MixamoAnimPack/Mixamo_Ganfault/Anims/MixamoAnimBP_GanFaul.MixamoAnimBP_GanFaul:EdGraph_20.K2Node_FunctionResult_0' missing NodeGuid because of upgrade from old package version, this can cause deterministic cooking issues please resave package.
[2016.06.28-17.52.22:049][  0]LogBlueprint:Warning: Node '/Game/MixamoAnimPack/Mixamo_Ganfault/Anims/MixamoAnimBP_GanFaul.MixamoAnimBP_GanFaul:EdGraph_20.K2Node_FunctionEntry_139' missing NodeGuid because of upgrade from old package version, this can cause deterministic cooking issues please resave package.
[2016.06.28-17.52.22:066][  0]LogBlueprint:Warning: Node '/Game/MixamoAnimPack/Mixamo_Ganfault/Anims/MixamoAnimBP_GanFaul.MixamoAnimBP_GanFaul:EdGraph_22.K2Node_CommutativeAssociativeBinaryOperator_2253' missing NodeGuid because of upgrade from old package version, this can cause deterministic cooking issues please resave package.
[2016.06.28-17.52.22:066][  0]LogBlueprint:Warning: Node '/Game/MixamoAnimPack/Mixamo_Ganfault/Anims/MixamoAnimBP_GanFaul.MixamoAnimBP_GanFaul:EdGraph_22.K2Node_CallFunction_102548' missing NodeGuid because of upgrade from old package version, this can cause deterministic cooking issues please resave package.
[2016.06.28-17.52.22:066][  0]LogBlueprint:Warning: Node '/Game/MixamoAnimPack/Mixamo_Ganfault/Anims/MixamoAnimBP_GanFaul.MixamoAnimBP_GanFaul:EdGraph_22.K2Node_VariableGet_2488' missing NodeGuid because of upgrade from old package version, this can cause deterministic cooking issues please resave package.
[2016.06.28-17.52.22:066][  0]LogBlueprint:Warning: Node '/Game/MixamoAnimPack/Mixamo_Ganfault/Anims/MixamoAnimBP_GanFaul.MixamoAnimBP_GanFaul:EdGraph_22.K2Node_FunctionResult_0' missing NodeGuid because of upgrade from old package version, this can cause deterministic cooking issues please resave package.
[2016.06.28-17.52.22:066][  0]LogBlueprint:Warning: Node '/Game/MixamoAnimPack/Mixamo_Ganfault/Anims/MixamoAnimBP_GanFaul.MixamoAnimBP_GanFaul:EdGraph_22.K2Node_FunctionEntry_139' missing NodeGuid because of upgrade from old package version, this can cause deterministic cooking issues please resave package.
[2016.06.28-17.52.27:166][  0]LogBlueprint:Warning: Node '/Game/MixamoAnimPack/MixamoCharacter_Master.MixamoCharacter_Master:EventGraph.EdGraphNode_Comment_93' missing NodeGuid because of upgrade from old package version, this can cause deterministic cooking issues please resave package.
[2016.06.28-17.52.27:166][  0]LogBlueprint:Warning: Node '/Game/MixamoAnimPack/MixamoCharacter_Master.MixamoCharacter_Master:EventGraph.K2Node_Comment_1' missing NodeGuid because of upgrade from old package version, this can cause deterministic cooking issues please resave package.
[2016.06.28-17.52.27:166][  0]LogBlueprint:Warning: Node '/Game/MixamoAnimPack/MixamoCharacter_Master.MixamoCharacter_Master:EventGraph.K2Node_Comment_39' missing NodeGuid because of upgrade from old package version, this can cause deterministic cooking issues please resave package.
[2016.06.28-17.52.27:167][  0]LogBlueprint:Warning: Node '/Game/MixamoAnimPack/MixamoCharacter_Master.MixamoCharacter_Master:EventGraph.K2Node_Comment_56' missing NodeGuid because of upgrade from old package version, this can cause deterministic cooking issues please resave package.
[2016.06.28-17.52.27:167][  0]LogBlueprint:Warning: Node '/Game/MixamoAnimPack/MixamoCharacter_Master.MixamoCharacter_Master:EventGraph.K2Node_CallFunction_108971' missing NodeGuid because of upgrade from old package version, this can cause deterministic cooking issues please resave package.
[2016.06.28-17.52.27:167][  0]LogBlueprint:Warning: Node '/Game/MixamoAnimPack/MixamoCharacter_Master.MixamoCharacter_Master:EventGraph.K2Node_CallFunction_112027' missing NodeGuid because of upgrade from old package version, this can cause deterministic cooking issues please resave package.
[2016.06.28-17.52.27:167][  0]LogBlueprint:Warning: Node '/Game/MixamoAnimPack/MixamoCharacter_Master.MixamoCharacter_Master:EventGraph.K2Node_CallFunction_20844' missing NodeGuid because of upgrade from old package version, this can cause deterministic cooking issues please resave package.
[2016.06.28-17.52.27:167][  0]LogBlueprint:Warning: Node '/Game/MixamoAnimPack/MixamoCharacter_Master.MixamoCharacter_Master:EventGraph.K2Node_CallFunction_21305' missing NodeGuid because of upgrade from old package version, this can cause deterministic cooking issues please resave package.
[2016.06.28-17.52.27:167][  0]LogBlueprint:Warning: Node '/Game/MixamoAnimPack/MixamoCharacter_Master.MixamoCharacter_Master:EventGraph.K2Node_CallFunction_3716' missing NodeGuid because of upgrade from old package version, this can cause deterministic cooking issues please resave package.
[2016.06.28-17.52.27:167][  0]LogBlueprint:Warning: Node '/Game/MixamoAnimPack/MixamoCharacter_Master.MixamoCharacter_Master:EventGraph.K2Node_CallFunction_4184' missing NodeGuid because of upgrade from old package version, this can cause deterministic cooking issues please resave package.
[2016.06.28-17.52.27:167][  0]LogBlueprint:Warning: Node '/Game/MixamoAnimPack/MixamoCharacter_Master.MixamoCharacter_Master:EventGraph.K2Node_CallFunction_4223' missing NodeGuid because of upgrade from old package version, this can cause deterministic cooking issues please resave package.
[2016.06.28-17.52.27:167][  0]LogBlueprint:Warning: Node '/Game/MixamoAnimPack/MixamoCharacter_Master.MixamoCharacter_Master:EventGraph.K2Node_CallFunction_4678' missing NodeGuid because of upgrade from old package version, this can cause deterministic cooking issues please resave package.
[2016.06.28-17.52.27:167][  0]LogBlueprint:Warning: Node '/Game/MixamoAnimPack/MixamoCharacter_Master.MixamoCharacter_Master:EventGraph.K2Node_CallFunction_61214' missing NodeGuid because of upgrade from old package version, this can cause deterministic cooking issues please resave package.
[2016.06.28-17.52.27:167][  0]LogBlueprint:Warning: Node '/Game/MixamoAnimPack/MixamoCharacter_Master.MixamoCharacter_Master:EventGraph.K2Node_CallFunction_61534' missing NodeGuid because of upgrade from old package version, this can cause deterministic cooking issues please resave package.
[2016.06.28-17.52.27:167][  0]LogBlueprint:Warning: Node '/Game/MixamoAnimPack/MixamoCharacter_Master.MixamoCharacter_Master:EventGraph.K2Node_CallFunction_65164' missing NodeGuid because of upgrade from old package version, this can cause deterministic cooking issues please resave package.
[2016.06.28-17.52.27:167][  0]LogBlueprint:Warning: Node '/Game/MixamoAnimPack/MixamoCharacter_Master.MixamoCharacter_Master:EventGraph.K2Node_CallFunction_7346' missing NodeGuid because of upgrade from old package version, this can cause deterministic cooking issues please resave package.
[2016.06.28-17.52.27:167][  0]LogBlueprint:Warning: Node '/Game/MixamoAnimPack/MixamoCharacter_Master.MixamoCharacter_Master:EventGraph.K2Node_CallFunction_8160' missing NodeGuid because of upgrade from old package version, this can cause deterministic cooking issues please resave package.
[2016.06.28-17.52.27:167][  0]LogBlueprint:Warning: Node '/Game/MixamoAnimPack/MixamoCharacter_Master.MixamoCharacter_Master:EventGraph.K2Node_CallFunction_8427' missing NodeGuid because of upgrade from old package version, this can cause deterministic cooking issues please resave package.
[2016.06.28-17.52.27:167][  0]LogBlueprint:Warning: Node '/Game/MixamoAnimPack/MixamoCharacter_Master.MixamoCharacter_Master:EventGraph.K2Node_CallFunction_8733' missing NodeGuid because of upgrade from old package version, this can cause deterministic cooking issues please resave package.
[2016.06.28-17.52.27:167][  0]LogBlueprint:Warning: Node '/Game/MixamoAnimPack/MixamoCharacter_Master.MixamoCharacter_Master:EventGraph.K2Node_CallFunction_87421' missing NodeGuid because of upgrade from old package version, this can cause deterministic cooking issues please resave package.
[2016.06.28-17.52.27:168][  0]LogBlueprint:Warning: Node '/Game/MixamoAnimPack/MixamoCharacter_Master.MixamoCharacter_Master:EventGraph.K2Node_CallFunction_8781' missing NodeGuid because of upgrade from old package version, this can cause deterministic cooking issues please resave package.
[2016.06.28-17.52.27:168][  0]LogBlueprint:Warning: Node '/Game/MixamoAnimPack/MixamoCharacter_Master.MixamoCharacter_Master:EventGraph.K2Node_CommutativeAssociativeBinaryOperator_153' missing NodeGuid because of upgrade from old package version, this can cause deterministic cooking issues please resave package.
[2016.06.28-17.52.27:168][  0]LogBlueprint:Warning: Node '/Game/MixamoAnimPack/MixamoCharacter_Master.MixamoCharacter_Master:EventGraph.K2Node_CommutativeAssociativeBinaryOperator_155' missing NodeGuid because of upgrade from old package version, this can cause deterministic cooking issues please resave package.
[2016.06.28-17.52.27:168][  0]LogBlueprint:Warning: Node '/Game/MixamoAnimPack/MixamoCharacter_Master.MixamoCharacter_Master:EventGraph.K2Node_DynamicCast_179' missing NodeGuid because of upgrade from old package version, this can cause deterministic cooking issues please resave package.
[2016.06.28-17.52.27:168][  0]LogBlueprint:Warning: Node '/Game/MixamoAnimPack/MixamoCharacter_Master.MixamoCharacter_Master:UserConstructionScript.K2Node_FunctionEntry_19' missing NodeGuid because of upgrade from old package version, this can cause deterministic cooking issues please resave package.
[2016.06.28-17.52.27:168][  0]LogBlueprint:Warning: Node '/Game/MixamoAnimPack/MixamoCharacter_Master.MixamoCharacter_Master:EventGraph.K2Node_IfThenElse_203' missing NodeGuid because of upgrade from old package version, this can cause deterministic cooking issues please resave package.
[2016.06.28-17.52.27:168][  0]LogBlueprint:Warning: Node '/Game/MixamoAnimPack/MixamoCharacter_Master.MixamoCharacter_Master:EventGraph.K2Node_IfThenElse_27' missing NodeGuid because of upgrade from old package version, this can cause deterministic cooking issues please resave package.
[2016.06.28-17.52.27:168][  0]LogBlueprint:Warning: Node '/Game/MixamoAnimPack/MixamoCharacter_Master.MixamoCharacter_Master:EventGraph.K2Node_IfThenElse_41' missing NodeGuid because of upgrade from old package version, this can cause deterministic cooking issues please resave package.
[2016.06.28-17.52.27:168][  0]LogBlueprint:Warning: Node '/Game/MixamoAnimPack/MixamoCharacter_Master.MixamoCharacter_Master:EventGraph.K2Node_InputAction_52' missing NodeGuid because of upgrade from old package version, this can cause deterministic cooking issues please resave package.
[2016.06.28-17.52.27:168][  0]LogBlueprint:Warning: Node '/Game/MixamoAnimPack/MixamoCharacter_Master.MixamoCharacter_Master:EventGraph.K2Node_InputAxisEvent_1058' missing NodeGuid because of upgrade from old package version, this can cause deterministic cooking issues please resave package.
[2016.06.28-17.52.27:168][  0]LogBlueprint:Warning: Node '/Game/MixamoAnimPack/MixamoCharacter_Master.MixamoCharacter_Master:EventGraph.K2Node_InputAxisEvent_1657' missing NodeGuid because of upgrade from old package version, this can cause deterministic cooking issues please resave package.
[2016.06.28-17.52.27:168][  0]LogBlueprint:Warning: Node '/Game/MixamoAnimPack/MixamoCharacter_Master.MixamoCharacter_Master:EventGraph.K2Node_InputAxisEvent_43' missing NodeGuid because of upgrade from old package version, this can cause deterministic cooking issues please resave package.
[2016.06.28-17.52.27:168][  0]LogBlueprint:Warning: Node '/Game/MixamoAnimPack/MixamoCharacter_Master.MixamoCharacter_Master:EventGraph.K2Node_InputAxisEvent_50' missing NodeGuid because of upgrade from old package version, this can cause deterministic cooking issues please resave package.
[2016.06.28-17.52.27:168][  0]LogBlueprint:Warning: Node '/Game/MixamoAnimPack/MixamoCharacter_Master.MixamoCharacter_Master:EventGraph.K2Node_InputAxisEvent_55' missing NodeGuid because of upgrade from old package version, this can cause deterministic cooking issues please resave package.
[2016.06.28-17.52.27:168][  0]LogBlueprint:Warning: Node '/Game/MixamoAnimPack/MixamoCharacter_Master.MixamoCharacter_Master:EventGraph.K2Node_InputAxisEvent_86' missing NodeGuid because of upgrade from old package version, this can cause deterministic cooking issues please resave package.
[2016.06.28-17.52.27:168][  0]LogBlueprint:Warning: Node '/Game/MixamoAnimPack/MixamoCharacter_Master.MixamoCharacter_Master:EventGraph.K2Node_InputKey_17975' missing NodeGuid because of upgrade from old package version, this can cause deterministic cooking issues please resave package.
[2016.06.28-17.52.27:168][  0]LogBlueprint:Warning: Node '/Game/MixamoAnimPack/MixamoCharacter_Master.MixamoCharacter_Master:EventGraph.K2Node_VariableGet_1700' missing NodeGuid because of upgrade from old package version, this can cause deterministic cooking issues please resave package.
[2016.06.28-17.52.27:168][  0]LogBlueprint:Warning: Node '/Game/MixamoAnimPack/MixamoCharacter_Master.MixamoCharacter_Master:EventGraph.K2Node_VariableGet_174' missing NodeGuid because of upgrade from old package version, this can cause deterministic cooking issues please resave package.
[2016.06.28-17.52.27:168][  0]LogBlueprint:Warning: Node '/Game/MixamoAnimPack/MixamoCharacter_Master.MixamoCharacter_Master:EventGraph.K2Node_VariableGet_190' missing NodeGuid because of upgrade from old package version, this can cause deterministic cooking issues please resave package.
[2016.06.28-17.52.27:168][  0]LogBlueprint:Warning: Node '/Game/MixamoAnimPack/MixamoCharacter_Master.MixamoCharacter_Master:EventGraph.K2Node_VariableGet_91' missing NodeGuid because of upgrade from old package version, this can cause deterministic cooking issues please resave package.
[2016.06.28-17.52.27:168][  0]LogBlueprint:Warning: Node '/Game/MixamoAnimPack/MixamoCharacter_Master.MixamoCharacter_Master:EventGraph.K2Node_VariableGet_93' missing NodeGuid because of upgrade from old package version, this can cause deterministic cooking issues please resave package.
[2016.06.28-17.52.27:168][  0]LogBlueprint:Warning: Node '/Game/MixamoAnimPack/MixamoCharacter_Master.MixamoCharacter_Master:EventGraph.K2Node_VariableSet_1333' missing NodeGuid because of upgrade from old package version, this can cause deterministic cooking issues please resave package.
[2016.06.28-17.52.27:168][  0]LogBlueprint:Warning: Node '/Game/MixamoAnimPack/MixamoCharacter_Master.MixamoCharacter_Master:EventGraph.K2Node_VariableSet_1684' missing NodeGuid because of upgrade from old package version, this can cause deterministic cooking issues please resave package.
[2016.06.28-17.52.27:168][  0]LogBlueprint:Warning: Node '/Game/MixamoAnimPack/MixamoCharacter_Master.MixamoCharacter_Master:EventGraph.K2Node_VariableSet_1685' missing NodeGuid because of upgrade from old package version, this can cause deterministic cooking issues please resave package.
[2016.06.28-17.52.27:168][  0]LogBlueprint:Warning: Node '/Game/MixamoAnimPack/MixamoCharacter_Master.MixamoCharacter_Master:EventGraph.K2Node_VariableSet_660' missing NodeGuid because of upgrade from old package version, this can cause deterministic cooking issues please resave package.
[2016.06.28-17.52.27:168][  0]LogBlueprint:Warning: Node '/Game/MixamoAnimPack/MixamoCharacter_Master.MixamoCharacter_Master:EventGraph.K2Node_VariableSet_803' missing NodeGuid because of upgrade from old package version, this can cause deterministic cooking issues please resave package.
[2016.06.28-17.52.27:168][  0]LogBlueprint:Warning: Node '/Game/MixamoAnimPack/MixamoCharacter_Master.MixamoCharacter_Master:EventGraph.K2Node_VariableSet_850' missing NodeGuid because of upgrade from old package version, this can cause deterministic cooking issues please resave package.
[2016.06.28-17.52.27:183][  0]LogBlueprint:Warning: Node '/Game/MixamoAnimPack/Mixamo_Ganfault/Anims/MixamoAnimBP_GanFaul.MixamoAnimBP_GanFaul:AnimGraph.AnimGraphNode_StateMachine_6.Default.AnimStateNode_1.Locomotion/Idle.AnimGraphNode_BlendSpacePlayer_9' missing NodeGuid because of upgrade from old package version, this can cause deterministic cooking issues please resave package.
[2016.06.28-17.52.27:183][  0]LogBlueprint:Warning: Node '/Game/MixamoAnimPack/Mixamo_Ganfault/Anims/MixamoAnimBP_GanFaul.MixamoAnimBP_GanFaul:AnimGraph.AnimGraphNode_Root_5' missing NodeGuid because of upgrade from old package version, this can cause deterministic cooking issues please resave package.
[2016.06.28-17.52.27:183][  0]LogBlueprint:Warning: Node '/Game/MixamoAnimPack/Mixamo_Ganfault/Anims/MixamoAnimBP_GanFaul.MixamoAnimBP_GanFaul:AnimGraph.AnimGraphNode_StateMachine_6.Default.AnimStateNode_2.Run Jump.AnimGraphNode_SequencePlayer_34' missing NodeGuid because of upgrade from old package version, this can cause deterministic cooking issues please resave package.
[2016.06.28-17.52.27:183][  0]LogBlueprint:Warning: Node '/Game/MixamoAnimPack/Mixamo_Ganfault/Anims/MixamoAnimBP_GanFaul.MixamoAnimBP_GanFaul:AnimGraph.AnimGraphNode_StateMachine_6.Default.AnimStateNode_3.Jump.AnimGraphNode_SequencePlayer_483' missing NodeGuid because of upgrade from old package version, this can cause deterministic cooking issues please resave package.
[2016.06.28-17.52.27:183][  0]LogBlueprint:Warning: Node '/Game/MixamoAnimPack/Mixamo_Ganfault/Anims/MixamoAnimBP_GanFaul.MixamoAnimBP_GanFaul:AnimGraph.AnimGraphNode_StateMachine_6.Default.AnimStateNode_7.attacking.AnimGraphNode_SequencePlayer_153' missing NodeGuid because of upgrade from old package version, this can cause deterministic cooking issues please resave package.
[2016.06.28-17.52.27:183][  0]LogBlueprint:Warning: Node '/Game/MixamoAnimPack/Mixamo_Ganfault/Anims/MixamoAnimBP_GanFaul.MixamoAnimBP_GanFaul:AnimGraph.AnimGraphNode_StateMachine_6' missing NodeGuid because of upgrade from old package version, this can cause deterministic cooking issues please resave package.
[2016.06.28-17.52.27:183][  0]LogBlueprint:Warning: Node '/Game/MixamoAnimPack/Mixamo_Ganfault/Anims/MixamoAnimBP_GanFaul.MixamoAnimBP_GanFaul:AnimGraph.AnimGraphNode_StateMachine_6.Default.AnimStateNode_1.Locomotion/Idle.AnimGraphNode_StateResult_20' missing NodeGuid because of upgrade from old package version, this can cause deterministic cooking issues please resave package.
[2016.06.28-17.52.27:183][  0]LogBlueprint:Warning: Node '/Game/MixamoAnimPack/Mixamo_Ganfault/Anims/MixamoAnimBP_GanFaul.MixamoAnimBP_GanFaul:AnimGraph.AnimGraphNode_StateMachine_6.Default.AnimStateNode_2.Run Jump.AnimGraphNode_StateResult_15' missing NodeGuid because of upgrade from old package version, this can cause deterministic cooking issues please resave package.
[2016.06.28-17.52.27:183][  0]LogBlueprint:Warning: Node '/Game/MixamoAnimPack/Mixamo_Ganfault/Anims/MixamoAnimBP_GanFaul.MixamoAnimBP_GanFaul:AnimGraph.AnimGraphNode_StateMachine_6.Default.AnimStateNode_3.Jump.AnimGraphNode_StateResult_55' missing NodeGuid because of upgrade from old package version, this can cause deterministic cooking issues please resave package.
[2016.06.28-17.52.27:183][  0]LogBlueprint:Warning: Node '/Game/MixamoAnimPack/Mixamo_Ganfault/Anims/MixamoAnimBP_GanFaul.MixamoAnimBP_GanFaul:AnimGraph.AnimGraphNode_StateMachine_6.Default.AnimStateNode_7.attacking.AnimGraphNode_StateResult_188' missing NodeGuid because of upgrade from old package version, this can cause deterministic cooking issues please resave package.
[2016.06.28-17.52.27:183][  0]LogBlueprint:Warning: Node '/Game/MixamoAnimPack/Mixamo_Ganfault/Anims/MixamoAnimBP_GanFaul.MixamoAnimBP_GanFaul:AnimGraph.AnimGraphNode_StateMachine_6.Default.AnimStateTransitionNode_1.Transition.AnimGraphNode_TransitionResult_20' missing NodeGuid because of upgrade from old package version, this can cause deterministic cooking issues please resave package.
[2016.06.28-17.52.27:183][  0]LogBlueprint:Warning: Node '/Game/MixamoAnimPack/Mixamo_Ganfault/Anims/MixamoAnimBP_GanFaul.MixamoAnimBP_GanFaul:AnimGraph.AnimGraphNode_StateMachine_6.Default.AnimStateTransitionNode_12.Transition.AnimGraphNode_TransitionResult_467' missing NodeGuid because of upgrade from old package version, this can cause deterministic cooking issues please resave package.
[2016.06.28-17.52.27:183][  0]LogBlueprint:Warning: Node '/Game/MixamoAnimPack/Mixamo_Ganfault/Anims/MixamoAnimBP_GanFaul.MixamoAnimBP_GanFaul:AnimGraph.AnimGraphNode_StateMachine_6.Default.AnimStateTransitionNode_2.Transition.AnimGraphNode_TransitionResult_28' missing NodeGuid because of upgrade from old package version, this can cause deterministic cooking issues please resave package.
[2016.06.28-17.52.27:183][  0]LogBlueprint:Warning: Node '/Game/MixamoAnimPack/Mixamo_Ganfault/Anims/MixamoAnimBP_GanFaul.MixamoAnimBP_GanFaul:AnimGraph.AnimGraphNode_StateMachine_6.Default.AnimStateTransitionNode_5.Transition.AnimGraphNode_TransitionResult_142' missing NodeGuid because of upgrade from old package version, this can cause deterministic cooking issues please resave package.
[2016.06.28-17.52.27:183][  0]LogBlueprint:Warning: Node '/Game/MixamoAnimPack/Mixamo_Ganfault/Anims/MixamoAnimBP_GanFaul.MixamoAnimBP_GanFaul:AnimGraph.AnimGraphNode_StateMachine_6.Default.AnimStateTransitionNode_6.AnimationTransitionGraph_65.AnimGraphNode_TransitionResult_22' missing NodeGuid because of upgrade from old package version, this can cause deterministic cooking issues please resave package.
[2016.06.28-17.52.27:183][  0]LogBlueprint:Warning: Node '/Game/MixamoAnimPack/Mixamo_Ganfault/Anims/MixamoAnimBP_GanFaul.MixamoAnimBP_GanFaul:AnimGraph.AnimGraphNode_StateMachine_6.Default.AnimStateTransitionNode_7.Transition.AnimGraphNode_TransitionResult_148' missing NodeGuid because of upgrade from old package version, this can cause deterministic cooking issues please resave package.
[2016.06.28-17.52.27:183][  0]LogBlueprint:Warning: Node '/Game/MixamoAnimPack/Mixamo_Ganfault/Anims/MixamoAnimBP_GanFaul.MixamoAnimBP_GanFaul:AnimGraph.AnimGraphNode_StateMachine_6.Default.AnimStateTransitionNode_8.Transition.AnimGraphNode_TransitionResult_233' missing NodeGuid because of upgrade from old package version, this can cause deterministic cooking issues please resave package.
[2016.06.28-17.52.27:184][  0]LogBlueprint:Warning: Node '/Game/MixamoAnimPack/Mixamo_Ganfault/Anims/MixamoAnimBP_GanFaul.MixamoAnimBP_GanFaul:AnimGraph.AnimGraphNode_StateMachine_6.Default.AnimStateEntryNode_0' missing NodeGuid because of upgrade from old package version, this can cause deterministic cooking issues please resave package.
[2016.06.28-17.52.27:184][  0]LogBlueprint:Warning: Node '/Game/MixamoAnimPack/Mixamo_Ganfault/Anims/MixamoAnimBP_GanFaul.MixamoAnimBP_GanFaul:AnimGraph.AnimGraphNode_StateMachine_6.Default.AnimStateNode_1' missing NodeGuid because of upgrade from old package version, this can cause deterministic cooking issues please resave package.
[2016.06.28-17.52.27:184][  0]LogBlueprint:Warning: Node '/Game/MixamoAnimPack/Mixamo_Ganfault/Anims/MixamoAnimBP_GanFaul.MixamoAnimBP_GanFaul:AnimGraph.AnimGraphNode_StateMachine_6.Default.AnimStateNode_2' missing NodeGuid because of upgrade from old package version, this can cause deterministic cooking issues please resave package.
[2016.06.28-17.52.27:184][  0]LogBlueprint:Warning: Node '/Game/MixamoAnimPack/Mixamo_Ganfault/Anims/MixamoAnimBP_GanFaul.MixamoAnimBP_GanFaul:AnimGraph.AnimGraphNode_StateMachine_6.Default.AnimStateNode_3' missing NodeGuid because of upgrade from old package version, this can cause deterministic cooking issues please resave package.
[2016.06.28-17.52.27:184][  0]LogBlueprint:Warning: Node '/Game/MixamoAnimPack/Mixamo_Ganfault/Anims/MixamoAnimBP_GanFaul.MixamoAnimBP_GanFaul:AnimGraph.AnimGraphNode_StateMachine_6.Default.AnimStateNode_7' missing NodeGuid because of upgrade from old package version, this can cause deterministic cooking issues please resave package.
[2016.06.28-17.52.27:184][  0]LogBlueprint:Warning: Node '/Game/MixamoAnimPack/Mixamo_Ganfault/Anims/MixamoAnimBP_GanFaul.MixamoAnimBP_GanFaul:AnimGraph.AnimGraphNode_StateMachine_6.Default.AnimStateTransitionNode_1' missing NodeGuid because of upgrade from old package version, this can cause deterministic cooking issues please resave package.
[2016.06.28-17.52.27:184][  0]LogBlueprint:Warning: Node '/Game/MixamoAnimPack/Mixamo_Ganfault/Anims/MixamoAnimBP_GanFaul.MixamoAnimBP_GanFaul:AnimGraph.AnimGraphNode_StateMachine_6.Default.AnimStateTransitionNode_12' missing NodeGuid because of upgrade from old package version, this can cause deterministic cooking issues please resave package.
[2016.06.28-17.52.27:184][  0]LogBlueprint:Warning: Node '/Game/MixamoAnimPack/Mixamo_Ganfault/Anims/MixamoAnimBP_GanFaul.MixamoAnimBP_GanFaul:AnimGraph.AnimGraphNode_StateMachine_6.Default.AnimStateTransitionNode_2' missing NodeGuid because of upgrade from old package version, this can cause deterministic cooking issues please resave package.
[2016.06.28-17.52.27:184][  0]LogBlueprint:Warning: Node '/Game/MixamoAnimPack/Mixamo_Ganfault/Anims/MixamoAnimBP_GanFaul.MixamoAnimBP_GanFaul:AnimGraph.AnimGraphNode_StateMachine_6.Default.AnimStateTransitionNode_5' missing NodeGuid because of upgrade from old package version, this can cause deterministic cooking issues please resave package.
[2016.06.28-17.52.27:184][  0]LogBlueprint:Warning: Node '/Game/MixamoAnimPack/Mixamo_Ganfault/Anims/MixamoAnimBP_GanFaul.MixamoAnimBP_GanFaul:AnimGraph.AnimGraphNode_StateMachine_6.Default.AnimStateTransitionNode_6' missing NodeGuid because of upgrade from old package version, this can cause deterministic cooking issues please resave package.
[2016.06.28-17.52.27:184][  0]LogBlueprint:Warning: Node '/Game/MixamoAnimPack/Mixamo_Ganfault/Anims/MixamoAnimBP_GanFaul.MixamoAnimBP_GanFaul:AnimGraph.AnimGraphNode_StateMachine_6.Default.AnimStateTransitionNode_7' missing NodeGuid because of upgrade from old package version, this can cause deterministic cooking issues please resave package.
[2016.06.28-17.52.27:184][  0]LogBlueprint:Warning: Node '/Game/MixamoAnimPack/Mixamo_Ganfault/Anims/MixamoAnimBP_GanFaul.MixamoAnimBP_GanFaul:AnimGraph.AnimGraphNode_StateMachine_6.Default.AnimStateTransitionNode_8' missing NodeGuid because of upgrade from old package version, this can cause deterministic cooking issues please resave package.
[2016.06.28-17.52.27:184][  0]LogBlueprint:Warning: Node '/Game/MixamoAnimPack/Mixamo_Ganfault/Anims/MixamoAnimBP_GanFaul.MixamoAnimBP_GanFaul:EventGraph.EdGraphNode_Comment_19' missing NodeGuid because of upgrade from old package version, this can cause deterministic cooking issues please resave package.
[2016.06.28-17.52.27:184][  0]LogBlueprint:Warning: Node '/Game/MixamoAnimPack/Mixamo_Ganfault/Anims/MixamoAnimBP_GanFaul.MixamoAnimBP_GanFaul:EventGraph.EdGraphNode_Comment_22' missing NodeGuid because of upgrade from old package version, this can cause deterministic cooking issues please resave package.
[2016.06.28-17.52.27:184][  0]LogBlueprint:Warning: Node '/Game/MixamoAnimPack/Mixamo_Ganfault/Anims/MixamoAnimBP_GanFaul.MixamoAnimBP_GanFaul:EventGraph.EdGraphNode_Comment_26' missing NodeGuid because of upgrade from old package version, this can cause deterministic cooking issues please resave package.
[2016.06.28-17.52.27:186][  0]LogBlueprint:Warning: Node '/Game/MixamoAnimPack/Mixamo_Ganfault/Anims/MixamoAnimBP_GanFaul.MixamoAnimBP_GanFaul:AnimGraph.AnimGraphNode_StateMachine_6.Default.AnimStateTransitionNode_12.Transition.K2Node_CallFunction_91451' missing NodeGuid because of upgrade from old package version, this can cause deterministic cooking issues please resave package.
[2016.06.28-17.52.27:186][  0]LogBlueprint:Warning: Node '/Game/MixamoAnimPack/Mixamo_Ganfault/Anims/MixamoAnimBP_GanFaul.MixamoAnimBP_GanFaul:AnimGraph.AnimGraphNode_StateMachine_6.Default.AnimStateTransitionNode_2.Transition.K2Node_CallFunction_11224' missing NodeGuid because of upgrade from old package version, this can cause deterministic cooking issues please resave package.
[2016.06.28-17.52.27:186][  0]LogBlueprint:Warning: Node '/Game/MixamoAnimPack/Mixamo_Ganfault/Anims/MixamoAnimBP_GanFaul.MixamoAnimBP_GanFaul:AnimGraph.AnimGraphNode_StateMachine_6.Default.AnimStateTransitionNode_5.Transition.K2Node_CallFunction_224620' missing NodeGuid because of upgrade from old package version, this can cause deterministic cooking issues please resave package.
[2016.06.28-17.52.27:186][  0]LogBlueprint:Warning: Node '/Game/MixamoAnimPack/Mixamo_Ganfault/Anims/MixamoAnimBP_GanFaul.MixamoAnimBP_GanFaul:AnimGraph.AnimGraphNode_StateMachine_6.Default.AnimStateTransitionNode_5.Transition.K2Node_CallFunction_2831' missing NodeGuid because of upgrade from old package version, this can cause deterministic cooking issues please resave package.
[2016.06.28-17.52.27:186][  0]LogBlueprint:Warning: Node '/Game/MixamoAnimPack/Mixamo_Ganfault/Anims/MixamoAnimBP_GanFaul.MixamoAnimBP_GanFaul:AnimGraph.AnimGraphNode_StateMachine_6.Default.AnimStateTransitionNode_6.AnimationTransitionGraph_65.K2Node_CallFunction_92056' missing NodeGuid because of upgrade from old package version, this can cause deterministic cooking issues please resave package.
[2016.06.28-17.52.27:186][  0]LogBlueprint:Warning: Node '/Game/MixamoAnimPack/Mixamo_Ganfault/Anims/MixamoAnimBP_GanFaul.MixamoAnimBP_GanFaul:AnimGraph.AnimGraphNode_StateMachine_6.Default.AnimStateTransitionNode_7.Transition.K2Node_CallFunction_225505' missing NodeGuid because of upgrade from old package version, this can cause deterministic cooking issues please resave package.
[2016.06.28-17.52.27:187][  0]LogBlueprint:Warning: Node '/Game/MixamoAnimPack/Mixamo_Ganfault/Anims/MixamoAnimBP_GanFaul.MixamoAnimBP_GanFaul:CanJump.K2Node_CallFunction_102548' missing NodeGuid because of upgrade from old package version, this can cause deterministic cooking issues please resave package.
[2016.06.28-17.52.27:187][  0]LogBlueprint:Warning: Node '/Game/MixamoAnimPack/Mixamo_Ganfault/Anims/MixamoAnimBP_GanFaul.MixamoAnimBP_GanFaul:EventGraph.K2Node_CallFunction_108580' missing NodeGuid because of upgrade from old package version, this can cause deterministic cooking issues please resave package.
[2016.06.28-17.52.27:187][  0]LogBlueprint:Warning: Node '/Game/MixamoAnimPack/Mixamo_Ganfault/Anims/MixamoAnimBP_GanFaul.MixamoAnimBP_GanFaul:EventGraph.K2Node_CallFunction_162498' missing NodeGuid because of upgrade from old package version, this can cause deterministic cooking issues please resave package.
[2016.06.28-17.52.27:187][  0]LogBlueprint:Warning: Node '/Game/MixamoAnimPack/Mixamo_Ganfault/Anims/MixamoAnimBP_GanFaul.MixamoAnimBP_GanFaul:EventGraph.K2Node_CallFunction_169492' missing NodeGuid because of upgrade from old package version, this can cause deterministic cooking issues please resave package.
[2016.06.28-17.52.27:187][  0]LogBlueprint:Warning: Node '/Game/MixamoAnimPack/Mixamo_Ganfault/Anims/MixamoAnimBP_GanFaul.MixamoAnimBP_GanFaul:EventGraph.K2Node_CallFunction_227144' missing NodeGuid because of upgrade from old package version, this can cause deterministic cooking issues please resave package.
[2016.06.28-17.52.27:187][  0]LogBlueprint:Warning: Node '/Game/MixamoAnimPack/Mixamo_Ganfault/Anims/MixamoAnimBP_GanFaul.MixamoAnimBP_GanFaul:EventGraph.K2Node_CallFunction_29781' missing NodeGuid because of upgrade from old package version, this can cause deterministic cooking issues please resave package.
[2016.06.28-17.52.27:187][  0]LogBlueprint:Warning: Node '/Game/MixamoAnimPack/Mixamo_Ganfault/Anims/MixamoAnimBP_GanFaul.MixamoAnimBP_GanFaul:EventGraph.K2Node_CallFunction_29886' missing NodeGuid because of upgrade from old package version, this can cause deterministic cooking issues please resave package.
[2016.06.28-17.52.27:187][  0]LogBlueprint:Warning: Node '/Game/MixamoAnimPack/Mixamo_Ganfault/Anims/MixamoAnimBP_GanFaul.MixamoAnimBP_GanFaul:EventGraph.K2Node_CallFunction_45546' missing NodeGuid because of upgrade from old package version, this can cause deterministic cooking issues please resave package.
[2016.06.28-17.52.27:187][  0]LogBlueprint:Warning: Node '/Game/MixamoAnimPack/Mixamo_Ganfault/Anims/MixamoAnimBP_GanFaul.MixamoAnimBP_GanFaul:EventGraph.K2Node_CallFunction_45889' missing NodeGuid because of upgrade from old package version, this can cause deterministic cooking issues please resave package.
[2016.06.28-17.52.27:187][  0]LogBlueprint:Warning: Node '/Game/MixamoAnimPack/Mixamo_Ganfault/Anims/MixamoAnimBP_GanFaul.MixamoAnimBP_GanFaul:AnimGraph.AnimGraphNode_StateMachine_6.Default.AnimStateTransitionNode_2.Transition.K2Node_CommutativeAssociativeBinaryOperator_211' missing NodeGuid because of upgrade from old package version, this can cause deterministic cooking issues please resave package.
[2016.06.28-17.52.27:187][  0]LogBlueprint:Warning: Node '/Game/MixamoAnimPack/Mixamo_Ganfault/Anims/MixamoAnimBP_GanFaul.MixamoAnimBP_GanFaul:AnimGraph.AnimGraphNode_StateMachine_6.Default.AnimStateTransitionNode_5.Transition.K2Node_CommutativeAssociativeBinaryOperator_77' missing NodeGuid because of upgrade from old package version, this can cause deterministic cooking issues please resave package.
[2016.06.28-17.52.27:187][  0]LogBlueprint:Warning: Node '/Game/MixamoAnimPack/Mixamo_Ganfault/Anims/MixamoAnimBP_GanFaul.MixamoAnimBP_GanFaul:CanJump.K2Node_CommutativeAssociativeBinaryOperator_2253' missing NodeGuid because of upgrade from old package version, this can cause deterministic cooking issues please resave package.
[2016.06.28-17.52.27:187][  0]LogBlueprint:Warning: Node '/Game/MixamoAnimPack/Mixamo_Ganfault/Anims/MixamoAnimBP_GanFaul.MixamoAnimBP_GanFaul:EventGraph.K2Node_CommutativeAssociativeBinaryOperator_521' missing NodeGuid because of upgrade from old package version, this can cause deterministic cooking issues please resave package.
[2016.06.28-17.52.27:187][  0]LogBlueprint:Warning: Node '/Game/MixamoAnimPack/Mixamo_Ganfault/Anims/MixamoAnimBP_GanFaul.MixamoAnimBP_GanFaul:EventGraph.K2Node_DynamicCast_120' missing NodeGuid because of upgrade from old package version, this can cause deterministic cooking issues please resave package.
[2016.06.28-17.52.27:187][  0]LogBlueprint:Warning: Node '/Game/MixamoAnimPack/Mixamo_Ganfault/Anims/MixamoAnimBP_GanFaul.MixamoAnimBP_GanFaul:EventGraph.K2Node_DynamicCast_127' missing NodeGuid because of upgrade from old package version, this can cause deterministic cooking issues please resave package.
[2016.06.28-17.52.27:187][  0]LogBlueprint:Warning: Node '/Game/MixamoAnimPack/Mixamo_Ganfault/Anims/MixamoAnimBP_GanFaul.MixamoAnimBP_GanFaul:EventGraph.K2Node_DynamicCast_99' missing NodeGuid because of upgrade from old package version, this can cause deterministic cooking issues please resave package.
[2016.06.28-17.52.27:187][  0]LogBlueprint:Warning: Node '/Game/MixamoAnimPack/Mixamo_Ganfault/Anims/MixamoAnimBP_GanFaul.MixamoAnimBP_GanFaul:EventGraph.K2Node_Event_1003' missing NodeGuid because of upgrade from old package version, this can cause deterministic cooking issues please resave package.
[2016.06.28-17.52.27:187][  0]LogBlueprint:Warning: Node '/Game/MixamoAnimPack/Mixamo_Ganfault/Anims/MixamoAnimBP_GanFaul.MixamoAnimBP_GanFaul:EventGraph.K2Node_Event_2429' missing NodeGuid because of upgrade from old package version, this can cause deterministic cooking issues please resave package.
[2016.06.28-17.52.27:187][  0]LogBlueprint:Warning: Node '/Game/MixamoAnimPack/Mixamo_Ganfault/Anims/MixamoAnimBP_GanFaul.MixamoAnimBP_GanFaul:EventGraph.K2Node_Event_85' missing NodeGuid because of upgrade from old package version, this can cause deterministic cooking issues please resave package.
[2016.06.28-17.52.27:188][  0]LogBlueprint:Warning: Node '/Game/MixamoAnimPack/Mixamo_Ganfault/Anims/MixamoAnimBP_GanFaul.MixamoAnimBP_GanFaul:EventGraph.K2Node_ExecutionSequence_180' missing NodeGuid because of upgrade from old package version, this can cause deterministic cooking issues please resave package.
[2016.06.28-17.52.27:188][  0]LogBlueprint:Warning: Node '/Game/MixamoAnimPack/Mixamo_Ganfault/Anims/MixamoAnimBP_GanFaul.MixamoAnimBP_GanFaul:CanJump.K2Node_FunctionEntry_139' missing NodeGuid because of upgrade from old package version, this can cause deterministic cooking issues please resave package.
[2016.06.28-17.52.27:188][  0]LogBlueprint:Warning: Node '/Game/MixamoAnimPack/Mixamo_Ganfault/Anims/MixamoAnimBP_GanFaul.MixamoAnimBP_GanFaul:CanJump.K2Node_FunctionResult_0' missing NodeGuid because of upgrade from old package version, this can cause deterministic cooking issues please resave package.
[2016.06.28-17.52.27:188][  0]LogBlueprint:Warning: Node '/Game/MixamoAnimPack/Mixamo_Ganfault/Anims/MixamoAnimBP_GanFaul.MixamoAnimBP_GanFaul:EventGraph.K2Node_IfThenElse_332' missing NodeGuid because of upgrade from old package version, this can cause deterministic cooking issues please resave package.
[2016.06.28-17.52.27:188][  0]LogBlueprint:Warning: Node '/Game/MixamoAnimPack/Mixamo_Ganfault/Anims/MixamoAnimBP_GanFaul.MixamoAnimBP_GanFaul:EventGraph.K2Node_IfThenElse_413' missing NodeGuid because of upgrade from old package version, this can cause deterministic cooking issues please resave package.
[2016.06.28-17.52.27:188][  0]LogBlueprint:Warning: Node '/Game/MixamoAnimPack/Mixamo_Ganfault/Anims/MixamoAnimBP_GanFaul.MixamoAnimBP_GanFaul:AnimGraph.AnimGraphNode_StateMachine_6.Default.AnimStateTransitionNode_12.Transition.K2Node_TransitionRuleGetter_8' missing NodeGuid because of upgrade from old package version, this can cause deterministic cooking issues please resave package.
[2016.06.28-17.52.27:188][  0]LogBlueprint:Warning: Node '/Game/MixamoAnimPack/Mixamo_Ganfault/Anims/MixamoAnimBP_GanFaul.MixamoAnimBP_GanFaul:AnimGraph.AnimGraphNode_StateMachine_6.Default.AnimStateTransitionNode_6.AnimationTransitionGraph_65.K2Node_TransitionRuleGetter_17' missing NodeGuid because of upgrade from old package version, this can cause deterministic cooking issues please resave package.
[2016.06.28-17.52.27:188][  0]LogBlueprint:Warning: Node '/Game/MixamoAnimPack/Mixamo_Ganfault/Anims/MixamoAnimBP_GanFaul.MixamoAnimBP_GanFaul:AnimGraph.AnimGraphNode_StateMachine_6.Default.AnimStateTransitionNode_6.AnimationTransitionGraph_65.K2Node_TransitionRuleGetter_182' missing NodeGuid because of upgrade from old package version, this can cause deterministic cooking issues please resave package.
[2016.06.28-17.52.27:188][  0]LogBlueprint:Warning: Node '/Game/MixamoAnimPack/Mixamo_Ganfault/Anims/MixamoAnimBP_GanFaul.MixamoAnimBP_GanFaul:AnimGraph.AnimGraphNode_StateMachine_6.Default.AnimStateNode_1.Locomotion/Idle.K2Node_VariableGet_589' missing NodeGuid because of upgrade from old package version, this can cause deterministic cooking issues please resave package.
[2016.06.28-17.52.27:188][  0]LogBlueprint:Warning: Node '/Game/MixamoAnimPack/Mixamo_Ganfault/Anims/MixamoAnimBP_GanFaul.MixamoAnimBP_GanFaul:AnimGraph.AnimGraphNode_StateMachine_6.Default.AnimStateTransitionNode_1.Transition.K2Node_VariableGet_208' missing NodeGuid because of upgrade from old package version, this can cause deterministic cooking issues please resave package.
[2016.06.28-17.52.27:188][  0]LogBlueprint:Warning: Node '/Game/MixamoAnimPack/Mixamo_Ganfault/Anims/MixamoAnimBP_GanFaul.MixamoAnimBP_GanFaul:AnimGraph.AnimGraphNode_StateMachine_6.Default.AnimStateTransitionNode_2.Transition.K2Node_VariableGet_125' missing NodeGuid because of upgrade from old package version, this can cause deterministic cooking issues please resave package.
[2016.06.28-17.52.27:188][  0]LogBlueprint:Warning: Node '/Game/MixamoAnimPack/Mixamo_Ganfault/Anims/MixamoAnimBP_GanFaul.MixamoAnimBP_GanFaul:AnimGraph.AnimGraphNode_StateMachine_6.Default.AnimStateTransitionNode_2.Transition.K2Node_VariableGet_129' missing NodeGuid because of upgrade from old package version, this can cause deterministic cooking issues please resave package.
[2016.06.28-17.52.27:188][  0]LogBlueprint:Warning: Node '/Game/MixamoAnimPack/Mixamo_Ganfault/Anims/MixamoAnimBP_GanFaul.MixamoAnimBP_GanFaul:AnimGraph.AnimGraphNode_StateMachine_6.Default.AnimStateTransitionNode_5.Transition.K2Node_VariableGet_1066' missing NodeGuid because of upgrade from old package version, this can cause deterministic cooking issues please resave package.
[2016.06.28-17.52.27:188][  0]LogBlueprint:Warning: Node '/Game/MixamoAnimPack/Mixamo_Ganfault/Anims/MixamoAnimBP_GanFaul.MixamoAnimBP_GanFaul:AnimGraph.AnimGraphNode_StateMachine_6.Default.AnimStateTransitionNode_5.Transition.K2Node_VariableGet_74' missing NodeGuid because of upgrade from old package version, this can cause deterministic cooking issues please resave package.
[2016.06.28-17.52.27:188][  0]LogBlueprint:Warning: Node '/Game/MixamoAnimPack/Mixamo_Ganfault/Anims/MixamoAnimBP_GanFaul.MixamoAnimBP_GanFaul:AnimGraph.AnimGraphNode_StateMachine_6.Default.AnimStateTransitionNode_7.Transition.K2Node_VariableGet_1084' missing NodeGuid because of upgrade from old package version, this can cause deterministic cooking issues please resave package.
[2016.06.28-17.52.27:188][  0]LogBlueprint:Warning: Node '/Game/MixamoAnimPack/Mixamo_Ganfault/Anims/MixamoAnimBP_GanFaul.MixamoAnimBP_GanFaul:AnimGraph.AnimGraphNode_StateMachine_6.Default.AnimStateTransitionNode_8.Transition.K2Node_VariableGet_624' missing NodeGuid because of upgrade from old package version, this can cause deterministic cooking issues please resave package.
[2016.06.28-17.52.27:188][  0]LogBlueprint:Warning: Node '/Game/MixamoAnimPack/Mixamo_Ganfault/Anims/MixamoAnimBP_GanFaul.MixamoAnimBP_GanFaul:CanJump.K2Node_VariableGet_2488' missing NodeGuid because of upgrade from old package version, this can cause deterministic cooking issues please resave package.
[2016.06.28-17.52.27:188][  0]LogBlueprint:Warning: Node '/Game/MixamoAnimPack/Mixamo_Ganfault/Anims/MixamoAnimBP_GanFaul.MixamoAnimBP_GanFaul:EventGraph.K2Node_VariableGet_1007' missing NodeGuid because of upgrade from old package version, this can cause deterministic cooking issues please resave package.
[2016.06.28-17.52.27:188][  0]LogBlueprint:Warning: Node '/Game/MixamoAnimPack/Mixamo_Ganfault/Anims/MixamoAnimBP_GanFaul.MixamoAnimBP_GanFaul:EventGraph.K2Node_VariableGet_1157' missing NodeGuid because of upgrade from old package version, this can cause deterministic cooking issues please resave package.
[2016.06.28-17.52.27:188][  0]LogBlueprint:Warning: Node '/Game/MixamoAnimPack/Mixamo_Ganfault/Anims/MixamoAnimBP_GanFaul.MixamoAnimBP_GanFaul:EventGraph.K2Node_VariableGet_3156' missing NodeGuid because of upgrade from old package version, this can cause deterministic cooking issues please resave package.
[2016.06.28-17.52.27:188][  0]LogBlueprint:Warning: Node '/Game/MixamoAnimPack/Mixamo_Ganfault/Anims/MixamoAnimBP_GanFaul.MixamoAnimBP_GanFaul:EventGraph.K2Node_VariableSet_1402' missing NodeGuid because of upgrade from old package version, this can cause deterministic cooking issues please resave package.
[2016.06.28-17.52.27:188][  0]LogBlueprint:Warning: Node '/Game/MixamoAnimPack/Mixamo_Ganfault/Anims/MixamoAnimBP_GanFaul.MixamoAnimBP_GanFaul:EventGraph.K2Node_VariableSet_2289' missing NodeGuid because of upgrade from old package version, this can cause deterministic cooking issues please resave package.
[2016.06.28-17.52.27:188][  0]LogBlueprint:Warning: Node '/Game/MixamoAnimPack/Mixamo_Ganfault/Anims/MixamoAnimBP_GanFaul.MixamoAnimBP_GanFaul:EventGraph.K2Node_VariableSet_2465' missing NodeGuid because of upgrade from old package version, this can cause deterministic cooking issues please resave package.
[2016.06.28-17.52.27:188][  0]LogBlueprint:Warning: Node '/Game/MixamoAnimPack/Mixamo_Ganfault/Anims/MixamoAnimBP_GanFaul.MixamoAnimBP_GanFaul:EventGraph.K2Node_VariableSet_74' missing NodeGuid because of upgrade from old package version, this can cause deterministic cooking issues please resave package.
[2016.06.28-17.52.27:519][  0]LogAIModule: Creating AISystem for world Runner
[2016.06.28-17.52.27:523][  0]LogEditorServer: Finished looking for orphan Actors (0.000 secs)
[2016.06.28-17.52.27:523][  0]Cmd: MAP CHECKDEP NOCLEARLOG
[2016.06.28-17.52.27:585][  0]MapCheck: Info Map check complete: 0 Error(s), 0 Warning(s), took 61.891ms to complete.
[2016.06.28-17.52.27:585][  0]LogFileHelpers: Loading map 'Runner' took 6.297
[2016.06.28-17.52.27:792][  0]LogCollectionManager: Loaded 0 collections in 0.004250 seconds
[2016.06.28-17.52.27:836][  0]LogFileCache: Scanning file cache for directory 'C:/Users/OGOR/Desktop/Arvind_VR_Proj/Saved/Collections/' took 0.01s
[2016.06.28-17.52.27:836][  0]LogFileCache: Scanning file cache for directory 'C:/Users/OGOR/Desktop/Arvind_VR_Proj/Content/Developers/OGOR/Collections/' took 0.01s
[2016.06.28-17.52.27:836][  0]LogFileCache: Scanning file cache for directory 'C:/Users/OGOR/Desktop/Arvind_VR_Proj/Content/Collections/' took 0.01s
[2016.06.28-17.52.27:836][  0]LogCollectionManager: Rebuilt the GUID cache for 0 collections in 0.000002 seconds
[2016.06.28-17.52.27:844][  0]LogContentBrowser: Native class hierarchy populated in 0.0076 seconds. Added 1996 classes and 351 folders.
[2016.06.28-17.52.27:848][  0]LogStats: UGameplayTagsManager::ConstructGameplayTagTree: Construct from data asset -  0.000 s
[2016.06.28-17.52.27:848][  0]LogStats: UGameplayTagsManager::ConstructGameplayTagTree: GameplayTagTreeChangedEvent.Broadcast -  0.000 s
[2016.06.28-17.52.27:849][  0]LogContentBrowser: Native class hierarchy updated for 'GameplayTags' in 0.0004 seconds. Added 12 classes and 0 folders.
[2016.06.28-17.52.27:856][  0]LogContentBrowser: Native class hierarchy updated for 'WidgetCarousel' in 0.0003 seconds. Added 0 classes and 0 folders.
[2016.06.28-17.52.27:919][  0]LogContentBrowser: Native class hierarchy updated for 'SuperSearch' in 0.0003 seconds. Added 1 classes and 2 folders.
[2016.06.28-17.52.30:657][  0]LogContentBrowser: Native class hierarchy updated for 'AddContentDialog' in 0.0003 seconds. Added 0 classes and 0 folders.
[2016.06.28-17.52.30:661][  0]LogContentBrowser: Native class hierarchy updated for 'SceneOutliner' in 0.0003 seconds. Added 1 classes and 2 folders.
[2016.06.28-17.52.30:843][  0]LogCrashTracker: Crashtracker disabled due to settings.
[2016.06.28-17.52.30:849][  0]LogUObjectGlobals:Warning: Failed to find object 'Class None.'
[2016.06.28-17.52.30:877][  0]LogContentBrowser: Native class hierarchy updated for 'HierarchicalLODOutliner' in 0.0003 seconds. Added 1 classes and 2 folders.
[2016.06.28-17.52.30:877][  0]LogLoad: Full Startup: 50.85 seconds (BP compile: 0.36 seconds)
[2016.06.28-17.52.30:877][  0]LogExternalProfiler: Found external profiler: VSPerf
[2016.06.28-17.52.30:877][  0]LogExternalProfiler: Using external profiler: VSPerf
[2016.06.28-17.52.31:217][  0]LogOcInput: OculusInput pre-init called
[2016.06.28-17.52.31:227][  0]LogOcInput: OculusInput is initialized. Init status 0. Runtime version: 1.5.0
[2016.06.28-17.52.31:375][  0]LogContentStreaming: Texture pool size now 1000 MB
[2016.06.28-17.52.31:660][  1]LogRenderer: Reallocating scene render targets to support 832x208 (Frame:2).
[2016.06.28-17.52.31:911][  1]LogAssetRegistry: Asset discovery search completed in 21.8641 seconds
[2016.06.28-17.52.31:911][  1]LogCollectionManager: Rebuilt the object cache for 0 collections in 0.000000 seconds (found 0 objects)
[2016.06.28-17.52.31:911][  1]LogCollectionManager: Fixed up redirectors for 0 collections in 0.000017 seconds (updated 0 objects)
[2016.06.28-17.52.32:003][  2]LogLinker:Warning: Can't find file '/Game/UE4_Mannequin/Mesh/UE4_Mannequin'
[2016.06.28-17.52.32:003][  2]LogLinker:Warning: Can't find file '/Game/UE4_Mannequin/Mesh/UE4_Mannequin'
[2016.06.28-17.52.32:003][  2]LogUObjectGlobals:Warning: Failed to find object 'SkeletalMesh /Game/UE4_Mannequin/Mesh/UE4_Mannequin.UE4_Mannequin'
[2016.06.28-19.08.24:742][744]LogActorComponent: UnregisterComponent: (/Engine/Transient.CharMoveComp) Not registered. Aborting.
[2016.06.28-19.08.24:743][744]LogActorComponent: UnregisterComponent: (/Engine/Transient.KinectInterfaceComponent_4) Not registered. Aborting.
[2016.06.28-19.08.25:371][745]Cmd: QUIT_EDITOR
[2016.06.28-19.08.25:431][745]LogWindowsTextInputMethodSystem:Display: IME system now deactivated.
[2016.06.28-19.08.25:477][745]LogExit: Preparing to exit.
[2016.06.28-19.08.26:746][745]LogExit: Editor shut down
[2016.06.28-19.08.26:748][745]LogExit: Transaction tracking system shut down
[2016.06.28-19.08.26:940][745]LogObj: Freed 0b from 0 cluster array pools.
[2016.06.28-19.08.26:941][745]LogExit: Object subsystem successfully closed.
[2016.06.28-19.08.27:038][745]LogD3D11RHI: Shutdown
[2016.06.28-19.08.27:038][745]LogD3D11RHI: CleanupD3DDevice
[2016.06.28-19.08.27:128][745]LogD3D11RHI: ~FD3D11DynamicRHI
[2016.06.28-19.08.27:178][745]LogDerivedDataCache: Shutdown
[2016.06.28-19.08.27:179][745]LogModuleManager: Shutting down and abandoning module HierarchicalLODOutliner (205)
[2016.06.28-19.08.27:179][745]LogModuleManager: Shutting down and abandoning module CrashTracker (204)
[2016.06.28-19.08.27:179][745]LogModuleManager: Shutting down and abandoning module SceneOutliner (203)
[2016.06.28-19.08.27:179][745]LogModuleManager: Shutting down and abandoning module SuperSearch (202)
[2016.06.28-19.08.27:179][745]LogModuleManager: Shutting down and abandoning module WidgetCarousel (201)
[2016.06.28-19.08.27:179][745]LogModuleManager: Shutting down and abandoning module AddContentDialog (200)
[2016.06.28-19.08.27:186][745]LogModuleManager: Shutting down and abandoning module GameplayTags (199)
[2016.06.28-19.08.27:186][745]LogModuleManager: Shutting down and abandoning module EditorWidgets (198)
[2016.06.28-19.08.27:186][745]LogModuleManager: Shutting down and abandoning module CollectionManager (197)
[2016.06.28-19.08.27:187][745]LogModuleManager: Shutting down and abandoning module StatsViewer (196)
[2016.06.28-19.08.27:187][745]LogModuleManager: Shutting down and abandoning module FoliageEdit (195)
[2016.06.28-19.08.27:187][745]LogModuleManager: Shutting down and abandoning module LandscapeEditor (194)
[2016.06.28-19.08.27:187][745]LogModuleManager: Shutting down and abandoning module ActorPickerMode (193)
[2016.06.28-19.08.27:187][745]LogModuleManager: Shutting down and abandoning module GeometryMode (192)
[2016.06.28-19.08.27:187][745]LogModuleManager: Shutting down and abandoning module TextureAlignMode (191)
[2016.06.28-19.08.27:187][745]LogModuleManager: Shutting down and abandoning module BspMode (190)
[2016.06.28-19.08.27:187][745]LogModuleManager: Shutting down and abandoning module PlacementMode (189)
[2016.06.28-19.08.27:187][745]LogModuleManager: Shutting down and abandoning module AutomationWorker (188)
[2016.06.28-19.08.27:187][745]LogModuleManager: Shutting down and abandoning module CharacterAI (187)
[2016.06.28-19.08.27:187][745]LogModuleManager: Shutting down and abandoning module SmartSnapping (186)
[2016.06.28-19.08.27:187][745]LogModuleManager: Shutting down and abandoning module ViewportSnapping (185)
[2016.06.28-19.08.27:187][745]LogModuleManager: Shutting down and abandoning module LogVisualizer (184)
[2016.06.28-19.08.27:187][745]LogModuleManager: Shutting down and abandoning module GameProjectGeneration (183)
[2016.06.28-19.08.27:187][745]LogModuleManager: Shutting down and abandoning module IntroTutorials (182)
[2016.06.28-19.08.27:187][745]LogModuleManager: Shutting down and abandoning module EditorLiveStreaming (181)
[2016.06.28-19.08.27:187][745]LogModuleManager: Shutting down and abandoning module IOSPlatformEditor (180)
[2016.06.28-19.08.27:187][745]LogModuleManager: Shutting down and abandoning module HTML5PlatformEditor (179)
[2016.06.28-19.08.27:187][745]LogModuleManager: Shutting down and abandoning module AndroidDeviceDetection (178)
[2016.06.28-19.08.27:537][745]LogModuleManager: Shutting down and abandoning module AndroidPlatformEditor (177)
[2016.06.28-19.08.27:537][745]LogModuleManager: Shutting down and abandoning module IOSRuntimeSettings (176)
[2016.06.28-19.08.27:537][745]LogModuleManager: Shutting down and abandoning module AndroidRuntimeSettings (175)
[2016.06.28-19.08.27:537][745]LogModuleManager: Shutting down and abandoning module MergeActors (174)
[2016.06.28-19.08.27:537][745]LogModuleManager: Shutting down and abandoning module SizeMap (173)
[2016.06.28-19.08.27:537][745]LogModuleManager: Shutting down and abandoning module TreeMap (172)
[2016.06.28-19.08.27:537][745]LogModuleManager: Shutting down and abandoning module ReferenceViewer (171)
[2016.06.28-19.08.27:537][745]LogModuleManager: Shutting down and abandoning module LocalizationService (170)
[2016.06.28-19.08.27:537][745]LogModuleManager: Shutting down and abandoning module LocalizationDashboard (169)
[2016.06.28-19.08.27:537][745]LogModuleManager: Shutting down and abandoning module HardwareTargeting (168)
[2016.06.28-19.08.27:537][745]LogModuleManager: Shutting down and abandoning module DeviceProfileEditor (167)
[2016.06.28-19.08.27:537][745]LogModuleManager: Shutting down and abandoning module UndoHistory (166)
[2016.06.28-19.08.27:538][745]LogModuleManager: Shutting down and abandoning module UserFeedback (165)
[2016.06.28-19.08.27:538][745]LogModuleManager: Shutting down and abandoning module XmlParser (164)
[2016.06.28-19.08.27:538][745]LogModuleManager: Shutting down and abandoning module Blutility (163)
[2016.06.28-19.08.27:538][745]LogModuleManager: Shutting down and abandoning module ProjectTargetPlatformEditor (162)
[2016.06.28-19.08.27:538][745]LogModuleManager: Shutting down and abandoning module ProjectSettingsViewer (161)
[2016.06.28-19.08.27:538][745]LogModuleManager: Shutting down and abandoning module InputBindingEditor (160)
[2016.06.28-19.08.27:538][745]LogModuleManager: Shutting down and abandoning module EditorSettingsViewer (159)
[2016.06.28-19.08.27:538][745]LogModuleManager: Shutting down and abandoning module SettingsEditor (158)
[2016.06.28-19.08.27:538][745]LogModuleManager: Shutting down and abandoning module ProjectLauncher (157)
[2016.06.28-19.08.27:538][745]LogModuleManager: Shutting down and abandoning module SessionFrontend (156)
[2016.06.28-19.08.27:538][745]LogModuleManager: Shutting down and abandoning module ProfilerClient (155)
[2016.06.28-19.08.27:538][745]LogModuleManager: Shutting down and abandoning module TargetDeviceServices (154)
[2016.06.28-19.08.27:538][745]LogModuleManager: Shutting down and abandoning module DeviceManager (153)
[2016.06.28-19.08.27:570][745]LogModuleManager: Shutting down and abandoning module AutomationController (152)
[2016.06.28-19.08.27:570][745]LogModuleManager: Shutting down and abandoning module AutomationWindow (151)
[2016.06.28-19.08.27:570][745]LogModuleManager: Shutting down and abandoning module Layers (150)
[2016.06.28-19.08.27:570][745]LogModuleManager: Shutting down and abandoning module ComponentVisualizers (149)
[2016.06.28-19.08.27:570][745]LogModuleManager: Shutting down and abandoning module DetailCustomizations (148)
[2016.06.28-19.08.27:570][745]LogModuleManager: Shutting down and abandoning module PackagesDialog (147)
[2016.06.28-19.08.27:571][745]LogModuleManager: Shutting down and abandoning module Persona (146)
[2016.06.28-19.08.27:571][745]LogModuleManager: Shutting down and abandoning module Kismet (145)
[2016.06.28-19.08.27:571][745]LogModuleManager: Shutting down and abandoning module GraphEditor (144)
[2016.06.28-19.08.27:571][745]LogModuleManager: Shutting down and abandoning module ClassViewer (143)
[2016.06.28-19.08.27:571][745]LogModuleManager: Shutting down and abandoning module Toolbox (142)
[2016.06.28-19.08.27:571][745]LogModuleManager: Shutting down and abandoning module ModuleUI (141)
[2016.06.28-19.08.27:571][745]LogModuleManager: Shutting down and abandoning module MovieSceneTools (140)
[2016.06.28-19.08.27:571][745]LogModuleManager: Shutting down and abandoning module OutputLog (139)
[2016.06.28-19.08.27:571][745]LogModuleManager: Shutting down and abandoning module GammaUI (138)
[2016.06.28-19.08.27:571][745]LogModuleManager: Shutting down and abandoning module Documentation (137)
[2016.06.28-19.08.27:571][745]LogModuleManager: Shutting down and abandoning module StreamingPauseRendering (136)
[2016.06.28-19.08.27:571][745]LogModuleManager: Shutting down and abandoning module AnalyticsET (135)
[2016.06.28-19.08.27:571][745]LogModuleManager: Shutting down and abandoning module Analytics (134)
[2016.06.28-19.08.27:571][745]LogModuleManager: Shutting down and abandoning module PortalServices (133)
[2016.06.28-19.08.27:571][745]LogModuleManager: Shutting down and abandoning module PortalRpc (132)
[2016.06.28-19.08.27:571][745]LogModuleManager: Shutting down and abandoning module MessagingRpc (131)
[2016.06.28-19.08.27:571][745]LogModuleManager: Shutting down and abandoning module AITestSuite (130)
[2016.06.28-19.08.27:571][745]LogModuleManager: Shutting down and abandoning module GameplayDebugger (129)
[2016.06.28-19.08.27:571][745]LogModuleManager: Shutting down and abandoning module AIModule (128)
[2016.06.28-19.08.27:571][745]LogModuleManager: Shutting down and abandoning module ProfilerService (127)
[2016.06.28-19.08.27:770][745]LogModuleManager: Shutting down and abandoning module TaskGraph (126)
[2016.06.28-19.08.27:770][745]LogModuleManager: Shutting down and abandoning module SlateRemote (125)
[2016.06.28-19.08.27:770][745]LogModuleManager: Shutting down and abandoning module SteamVRController (124)
[2016.06.28-19.08.27:770][745]LogModuleManager: Shutting down and abandoning module SteamVR (123)
[2016.06.28-19.08.27:770][745]LogModuleManager: Shutting down and abandoning module ProceduralMeshComponent (122)
[2016.06.28-19.08.27:770][745]LogModuleManager: Shutting down and abandoning module OculusLibrary (121)
[2016.06.28-19.08.27:770][745]LogModuleManager: Shutting down and abandoning module OculusInput (120)
[2016.06.28-19.08.27:770][745]LogModuleManager: Shutting down and abandoning module CustomMeshComponent (119)
[2016.06.28-19.08.27:770][745]LogModuleManager: Shutting down and abandoning module CableComponent (118)
[2016.06.28-19.08.27:770][745]LogModuleManager: Shutting down and abandoning module ArchVisCharacter (117)
[2016.06.28-19.08.27:770][745]LogModuleManager: Shutting down and abandoning module MediaPlayerEditor (116)
[2016.06.28-19.08.27:770][745]LogModuleManager: Shutting down and abandoning module HTML5Networking (115)
[2016.06.28-19.08.27:770][745]LogModuleManager: Shutting down and abandoning module SpeedTreeImporter (114)
[2016.06.28-19.08.27:770][745]LogModuleManager: Shutting down and abandoning module PluginBrowser (113)
[2016.06.28-19.08.27:770][745]LogModuleManager: Shutting down and abandoning module EpicSurvey (112)
[2016.06.28-19.08.27:770][745]LogModuleManager: Shutting down and abandoning module DesktopPlatform (111)
[2016.06.28-19.08.27:771][745]LogModuleManager: Shutting down and abandoning module VisualStudioSourceCodeAccess (110)
[2016.06.28-19.08.27:771][745]LogModuleManager: Shutting down and abandoning module UObjectPlugin (109)
[2016.06.28-19.08.27:771][745]LogModuleManager: Shutting down and abandoning module SubversionSourceControl (108)
[2016.06.28-19.08.27:771][745]LogModuleManager: Shutting down and abandoning module PerforceSourceControl (107)
[2016.06.28-19.08.27:771][745]LogModuleManager: Shutting down and abandoning module SourceControl (106)
[2016.06.28-19.08.27:771][745]LogModuleManager: Shutting down and abandoning module GitSourceControl (105)
[2016.06.28-19.08.27:771][745]LogModuleManager: Shutting down and abandoning module LightPropagationVolumeEditor (104)
[2016.06.28-19.08.27:771][745]LogModuleManager: Shutting down and abandoning module PaperTiledImporter (103)
[2016.06.28-19.08.27:771][745]LogModuleManager: Shutting down and abandoning module PaperSpriteSheetImporter (102)
[2016.06.28-19.08.27:771][745]LogModuleManager: Shutting down and abandoning module MeshPaint (101)
[2016.06.28-19.08.27:771][745]LogModuleManager: Shutting down and abandoning module HotReload (100)
[2016.06.28-19.08.27:772][745]LogModuleManager: Shutting down and abandoning module MainFrame (99)
[2016.06.28-19.08.27:772][745]LogModuleManager: Shutting down and abandoning module LevelEditor (98)
[2016.06.28-19.08.27:773][745]LogModuleManager: Shutting down and abandoning module DirectoryWatcher (97)
[2016.06.28-19.08.27:778][745]LogModuleManager: Shutting down and abandoning module AssetRegistry (96)
[2016.06.28-19.08.27:939][745]LogModuleManager: Shutting down and abandoning module ContentBrowser (95)
[2016.06.28-19.08.27:940][745]LogModuleManager: Shutting down and abandoning module Paper2DEditor (94)
[2016.06.28-19.08.27:940][745]LogModuleManager: Shutting down and abandoning module Kinect4Unreal (93)
[2016.06.28-19.08.27:940][745]LogModuleManager: Shutting down and abandoning module UdpMessaging (92)
[2016.06.28-19.08.28:042][745]LogModuleManager: Shutting down and abandoning module LightPropagationVolumeRuntime (91)
[2016.06.28-19.08.28:042][745]LogModuleManager: Shutting down and abandoning module Paper2D (90)
[2016.06.28-19.08.28:042][745]LogModuleManager: Shutting down and abandoning module WindowsMoviePlayer (89)
[2016.06.28-19.08.28:042][745]LogModuleManager: Shutting down and abandoning module Media (88)
[2016.06.28-19.08.28:042][745]LogModuleManager: Shutting down and abandoning module WmfMedia (87)
[2016.06.28-19.08.28:042][745]LogModuleManager: Shutting down and abandoning module MediaAssets (86)
[2016.06.28-19.08.28:042][745]LogModuleManager: Shutting down and abandoning module GameLiveStreaming (85)
[2016.06.28-19.08.28:042][745]LogModuleManager: Shutting down and abandoning module GameplayTagsEditor (84)
[2016.06.28-19.08.28:042][745]LogModuleManager: Shutting down and abandoning module OnlineBlueprintSupport (83)
[2016.06.28-19.08.28:042][745]LogModuleManager: Shutting down and abandoning module GameplayTasksEditor (82)
[2016.06.28-19.08.28:042][745]LogModuleManager: Shutting down and abandoning module PropertyEditor (81)
[2016.06.28-19.08.28:042][745]LogModuleManager: Shutting down and abandoning module BehaviorTreeEditor (80)
[2016.06.28-19.08.28:042][745]LogModuleManager: Shutting down and abandoning module FunctionalTesting (79)
[2016.06.28-19.08.28:042][745]LogModuleManager: Shutting down and abandoning module CollisionAnalyzer (78)
[2016.06.28-19.08.28:042][745]LogModuleManager: Shutting down and abandoning module WorkspaceMenuStructure (77)
[2016.06.28-19.08.28:042][745]LogModuleManager: Shutting down and abandoning module MessageLog (76)
[2016.06.28-19.08.28:042][745]LogModuleManager: Shutting down and abandoning module Sequencer (75)
[2016.06.28-19.08.28:042][745]LogModuleManager: Shutting down and abandoning module AssetTools (74)
[2016.06.28-19.08.28:042][745]LogModuleManager: Shutting down and abandoning module UMGEditor (73)
[2016.06.28-19.08.28:042][745]LogModuleManager: Shutting down and abandoning module UMG (72)
[2016.06.28-19.08.28:042][745]LogModuleManager: Shutting down and abandoning module SlateReflector (71)
[2016.06.28-19.08.28:043][745]LogModuleManager: Shutting down and abandoning module Slate (70)
[2016.06.28-19.08.28:043][745]LogModuleManager: Shutting down and abandoning module EditorStyle (69)
[2016.06.28-19.08.28:045][745]LogModuleManager: Shutting down and abandoning module SessionServices (68)
[2016.06.28-19.08.28:045][745]LogModuleManager: Shutting down and abandoning module SourceCodeAccess (67)
[2016.06.28-19.08.28:045][745]LogModuleManager: Shutting down and abandoning module HeadMountedDisplay (66)
[2016.06.28-19.08.28:045][745]LogModuleManager: Shutting down and abandoning module XAudio2 (65)
[2016.06.28-19.08.28:045][745]LogModuleManager: Shutting down and abandoning module Networking (63)
[2016.06.28-19.08.28:045][745]LogModuleManager: Shutting down and abandoning module Core (62)
[2016.06.28-19.08.28:045][745]LogModuleManager: Shutting down and abandoning module KismetCompiler (61)
[2016.06.28-19.08.28:045][745]LogModuleManager: Shutting down and abandoning module PhysXFormats (60)
[2016.06.28-19.08.28:045][745]LogModuleManager: Shutting down and abandoning module MeshUtilities (59)
[2016.06.28-19.08.28:045][745]LogModuleManager: Shutting down and abandoning module CookingStats (58)
[2016.06.28-19.08.28:045][745]LogModuleManager: Shutting down and abandoning module DerivedDataCache (57)
[2016.06.28-19.08.28:045][745]LogDerivedDataCache: Shutdown
[2016.06.28-19.08.28:045][745]LogModuleManager: Shutting down and abandoning module ShaderFormatOpenGL (56)
[2016.06.28-19.08.28:045][745]LogModuleManager: Shutting down and abandoning module ShaderFormatD3D (55)
[2016.06.28-19.08.28:045][745]LogModuleManager: Shutting down and abandoning module MetalShaderFormat (54)
[2016.06.28-19.08.28:045][745]LogModuleManager: Shutting down and abandoning module TextureFormatUncompressed (53)
[2016.06.28-19.08.28:045][745]LogModuleManager: Shutting down and abandoning module TextureFormatPVR (52)
[2016.06.28-19.08.28:045][745]LogModuleManager: Shutting down and abandoning module TextureFormatIntelISPCTexComp (51)
[2016.06.28-19.08.28:046][745]LogModuleManager: Shutting down and abandoning module TextureFormatDXT (50)
[2016.06.28-19.08.28:046][745]LogModuleManager: Shutting down and abandoning module ImageWrapper (49)
[2016.06.28-19.08.28:046][745]LogModuleManager: Shutting down and abandoning module TextureFormatASTC (48)
[2016.06.28-19.08.28:046][745]LogModuleManager: Shutting down and abandoning module TextureFormatAndroid (47)
[2016.06.28-19.08.28:046][745]LogModuleManager: Shutting down and abandoning module AudioFormatOpus (46)
[2016.06.28-19.08.28:057][745]LogModuleManager: Shutting down and abandoning module AudioFormatOgg (45)
[2016.06.28-19.08.28:058][745]LogModuleManager: Shutting down and abandoning module AudioFormatADPCM (44)
[2016.06.28-19.08.28:058][745]LogModuleManager: Shutting down and abandoning module LinuxTargetPlatform (43)
[2016.06.28-19.08.28:058][745]LogModuleManager: Shutting down and abandoning module LinuxServerTargetPlatform (42)
[2016.06.28-19.08.28:058][745]LogModuleManager: Shutting down and abandoning module LinuxNoEditorTargetPlatform (41)
[2016.06.28-19.08.28:058][745]LogModuleManager: Shutting down and abandoning module TVOSTargetPlatform (40)
[2016.06.28-19.08.28:058][745]LogModuleManager: Shutting down and abandoning module Messaging (39)
[2016.06.28-19.08.28:058][745]LogModuleManager: Shutting down and abandoning module IOSTargetPlatform (38)
[2016.06.28-19.08.28:058][745]LogModuleManager: Shutting down and abandoning module HTML5TargetPlatform (37)
[2016.06.28-19.08.28:058][745]LogModuleManager: Shutting down and abandoning module Android_PVRTCTargetPlatform (36)
[2016.06.28-19.08.28:058][745]LogModuleManager: Shutting down and abandoning module Android_MultiTargetPlatform (35)
[2016.06.28-19.08.28:058][745]LogModuleManager: Shutting down and abandoning module Android_ETC2TargetPlatform (34)
[2016.06.28-19.08.28:058][745]LogModuleManager: Shutting down and abandoning module Android_ETC1TargetPlatform (33)
[2016.06.28-19.08.28:058][745]LogModuleManager: Shutting down and abandoning module Android_DXTTargetPlatform (32)
[2016.06.28-19.08.28:058][745]LogModuleManager: Shutting down and abandoning module Android_ATCTargetPlatform (31)
[2016.06.28-19.08.28:058][745]LogModuleManager: Shutting down and abandoning module Android_ASTCTargetPlatform (30)
[2016.06.28-19.08.28:058][745]LogModuleManager: Shutting down and abandoning module AndroidTargetPlatform (29)
[2016.06.28-19.08.28:058][745]LogModuleManager: Shutting down and abandoning module WindowsTargetPlatform (28)
[2016.06.28-19.08.28:058][745]LogModuleManager: Shutting down and abandoning module WindowsServerTargetPlatform (27)
[2016.06.28-19.08.28:058][745]LogModuleManager: Shutting down and abandoning module WindowsNoEditorTargetPlatform (26)
[2016.06.28-19.08.28:058][745]LogModuleManager: Shutting down and abandoning module WindowsClientTargetPlatform (25)
[2016.06.28-19.08.28:058][745]LogModuleManager: Shutting down and abandoning module AllDesktopTargetPlatform (24)
[2016.06.28-19.08.28:058][745]LogModuleManager: Shutting down and abandoning module TargetPlatform (23)
[2016.06.28-19.08.28:058][745]LogModuleManager: Shutting down and abandoning module InputCore (22)
[2016.06.28-19.08.28:058][745]LogModuleManager: Shutting down and abandoning module Settings (21)
[2016.06.28-19.08.28:058][745]LogModuleManager: Shutting down and abandoning module OnlineSubsystem (19)
[2016.06.28-19.08.28:058][745]LogModuleManager: Shutting down and abandoning module HTTP (18)
[2016.06.28-19.08.30:062][745]LogModuleManager: Shutting down and abandoning module XMPP (17)
[2016.06.28-19.08.30:062][745]LogModuleManager: Shutting down and abandoning module OculusRift (16)
[2016.06.28-19.08.30:063][745]LogHMD: Oculus shutdown.
[2016.06.28-19.08.30:063][745]LogModuleManager: Shutting down and abandoning module ExampleDeviceProfileSelector (15)
[2016.06.28-19.08.30:063][745]LogModuleManager: Shutting down and abandoning module TextureCompressor (14)
[2016.06.28-19.08.30:064][745]LogModuleManager: Shutting down and abandoning module ShaderCore (13)
[2016.06.28-19.08.30:064][745]LogModuleManager: Shutting down and abandoning module Landscape (12)
[2016.06.28-19.08.30:064][745]LogModuleManager: Shutting down and abandoning module SlateRHIRenderer (11)
[2016.06.28-19.08.30:067][745]LogModuleManager: Shutting down and abandoning module OpenGLDrv (10)
[2016.06.28-19.08.30:067][745]LogModuleManager: Shutting down and abandoning module D3D11RHI (9)
[2016.06.28-19.08.30:067][745]LogModuleManager: Shutting down and abandoning module AnimGraphRuntime (8)
[2016.06.28-19.08.30:067][745]LogModuleManager: Shutting down and abandoning module Renderer (7)
[2016.06.28-19.08.30:067][745]LogModuleManager: Shutting down and abandoning module Engine (6)
[2016.06.28-19.08.30:068][745]LogModuleManager: Shutting down and abandoning module CoreUObject (5)
[2016.06.28-19.08.30:068][745]LogModuleManager: Shutting down and abandoning module NetworkFile (4)
[2016.06.28-19.08.30:068][745]LogModuleManager: Shutting down and abandoning module StreamingFile (3)
[2016.06.28-19.08.30:068][745]LogModuleManager: Shutting down and abandoning module SandboxFile (2)
[2016.06.28-19.08.30:068][745]LogModuleManager: Shutting down and abandoning module PakFile (1)
[2016.06.28-19.08.30:069][745]LogExit: Exiting.
[2016.06.28-19.08.30:073][745]Log file closed, 06/28/16 14:08:30
