Log file open, 05/02/16 15:11:11
LogInit:Display: Running engine for game: MyProject3
LogPlatformFile: Not using cached read wrapper
LogInit:Display: RandInit(-1916679176) SRandInit(-1916679175).
LogTaskGraph: Started task graph with 4 named threads and 7 total threads.
LogStats: Stats thread started at 0.060737
LogHMD: Can't find Oculus library dev build: is proper Runtime installed? Version: 1.3.0
LogInit: Version: 4.11.2-2946394+++UE4+Release-4.11
LogInit: API Version: 2927265
LogInit: Compiled (64-bit): Apr 18 2016 02:18:46
LogInit: Compiled with Visual C++: 19.00.23026.00
LogInit: Build Configuration: Development
LogInit: Branch Name: ++UE4+Release-4.11
LogInit: Command line:  
LogInit: Base directory: D:/Program Files/Epic Games/4.11/Engine/Binaries/Win64/
LogInit: Installed Engine Build: 1
LogInit: Using libcurl 7.41.0
LogInit:  - built for x86_64-pc-win32
LogInit:  - supports SSL with WinSSL
LogInit:  - other features:
LogInit:      CURL_VERSION_SSL
LogInit:      CURL_VERSION_IPV6
LogInit:      CURL_VERSION_ASYNCHDNS
LogInit:      CURL_VERSION_LARGEFILE
LogInit:      CURL_VERSION_IDN
LogInit:  CurlRequestOptions (configurable via config and command line):
LogInit:  - bVerifyPeer = true  - Libcurl will verify peer certificate
LogInit:  - bUseHttpProxy = false  - Libcurl will NOT use HTTP proxy
LogInit:  - bDontReuseConnections = false  - Libcurl will reuse connections
LogInit:  - CertBundlePath = nullptr  - Libcurl will use whatever was configured at build time.
LogInit: Presizing for max 16777216 objects, including 0 objects not considered by GC, pre-allocating 0 bytes for permanent pool.
LogInit: Object subsystem initialized
[2016.05.02-20.11.11:759][  0]LogInit: Selected Device Profile: [Windows]
[2016.05.02-20.11.11:759][  0]LogInit: Applying CVar settings loaded from the selected device profile: [Windows]
[2016.05.02-20.11.11:766][  0]LogInit: Computer: MSI-2
[2016.05.02-20.11.11:766][  0]LogInit: User: Students
[2016.05.02-20.11.11:766][  0]LogInit: CPU Page size=65536, Cores=4
[2016.05.02-20.11.11:766][  0]LogInit: High frequency timer resolution =2.728068 MHz
[2016.05.02-20.11.11:766][  0]LogMemory: Memory total: Physical=32.0GB (32GB approx)
[2016.05.02-20.11.11:766][  0]LogMemory: Platform Memory Stats for Windows
[2016.05.02-20.11.11:766][  0]LogMemory: Process Physical Memory: 313.09 MB used, 313.09 MB peak
[2016.05.02-20.11.11:766][  0]LogMemory: Process Virtual Memory: 315.02 MB used, 315.02 MB peak
[2016.05.02-20.11.11:766][  0]LogMemory: Physical Memory: 13559.82 MB used, 32720.83 MB total
[2016.05.02-20.11.11:766][  0]LogMemory: Virtual Memory: 653.23 MB used, 134217728.00 MB total
[2016.05.02-20.11.11:792][  0]LogTextLocalizationManager: No specific translations for ('en-US') exist, so ('en') translations will be used.
[2016.05.02-20.11.12:079][  0]LogD3D11RHI: D3D11 adapters:
[2016.05.02-20.11.12:103][  0]LogD3D11RHI:    0. 'NVIDIA GeForce GTX 980M' (Feature Level 11_0)
[2016.05.02-20.11.12:103][  0]LogD3D11RHI:       8093MB of dedicated video memory, 0MB of dedicated system memory, and 16360MB of shared system memory, 1 output[s]
[2016.05.02-20.11.12:104][  0]LogD3D11RHI:    1. 'Microsoft Basic Render Driver' (Feature Level 11_0)
[2016.05.02-20.11.12:104][  0]LogD3D11RHI:       0MB of dedicated video memory, 0MB of dedicated system memory, and 16360MB of shared system memory, 0 output[s]
[2016.05.02-20.11.12:104][  0]LogD3D11RHI: Chosen D3D11 Adapter: 0
[2016.05.02-20.11.12:110][  0]LogD3D11RHI: Creating new Direct3DDevice
[2016.05.02-20.11.12:110][  0]LogD3D11RHI:     Adapter Name: NVIDIA GeForce GTX 980M
[2016.05.02-20.11.12:110][  0]LogD3D11RHI:   Driver Version: 10.18.13.6472 (internal 10.18.13.6472)
[2016.05.02-20.11.12:110][  0]LogD3D11RHI:      Driver Date: 3-21-2016
[2016.05.02-20.11.12:110][  0]LogRHI: Texture pool is 1361 MB (70% of 1945 MB)
[2016.05.02-20.11.12:120][  0]LogD3D11RHI: Async texture creation enabled
[2016.05.02-20.11.12:128][  0]LogShaderCompilers: Guid format shader working directory is -6 characters bigger than the processId version (C:/Users/Students/Documents/Unreal Projects/MyProject3/Intermediate/Shaders/WorkingDirectory/34500/).
[2016.05.02-20.11.12:129][  0]LogShaderCompilers: Cleaned the shader compiler working directory 'C:/Users/Students/AppData/Local/Temp/UnrealShaderWorkingDir/311B3A5E4CEB8F4006F26590A4690D07/'.
[2016.05.02-20.11.12:129][  0]LogShaderCompilers:Display: Using Local Shader Compiler.
[2016.05.02-20.11.12:868][  0]LogTemp:Display: Loaded TP AllDesktopTargetPlatform
[2016.05.02-20.11.12:871][  0]LogTemp:Display: Loaded TP WindowsClientTargetPlatform
[2016.05.02-20.11.12:874][  0]LogTemp:Display: Loaded TP WindowsNoEditorTargetPlatform
[2016.05.02-20.11.12:876][  0]LogTemp:Display: Loaded TP WindowsServerTargetPlatform
[2016.05.02-20.11.12:879][  0]LogTemp:Display: Loaded TP WindowsTargetPlatform
[2016.05.02-20.11.12:881][  0]LogTemp:Display: Loaded TP AndroidTargetPlatform
[2016.05.02-20.11.12:883][  0]LogTemp:Display: Loaded TP Android_ASTCTargetPlatform
[2016.05.02-20.11.12:885][  0]LogTemp:Display: Loaded TP Android_ATCTargetPlatform
[2016.05.02-20.11.12:887][  0]LogTemp:Display: Loaded TP Android_DXTTargetPlatform
[2016.05.02-20.11.12:889][  0]LogTemp:Display: Loaded TP Android_ETC1TargetPlatform
[2016.05.02-20.11.12:892][  0]LogTemp:Display: Loaded TP Android_ETC2TargetPlatform
[2016.05.02-20.11.12:896][  0]LogTemp:Display: Loaded TP Android_MultiTargetPlatform
[2016.05.02-20.11.12:896][  0]LogTemp:Display: Loaded TP Android_PVRTCTargetPlatform
[2016.05.02-20.11.12:896][  0]LogTemp:Display: Loaded TP HTML5TargetPlatform
[2016.05.02-20.11.12:910][  0]LogTemp:Display: Loaded TP IOSTargetPlatform
[2016.05.02-20.11.12:912][  0]LogTemp:Display: Loaded TP TVOSTargetPlatform
[2016.05.02-20.11.12:915][  0]LogTemp:Display: Loaded TP LinuxNoEditorTargetPlatform
[2016.05.02-20.11.12:917][  0]LogTemp:Display: Loaded TP LinuxServerTargetPlatform
[2016.05.02-20.11.12:919][  0]LogTemp:Display: Loaded TP LinuxTargetPlatform
[2016.05.02-20.11.12:919][  0]LogTargetPlatformManager:Display: Building Assets For Windows
[2016.05.02-20.11.12:958][  0]LogDerivedDataCache:Display: Max Cache Size: 512 MB
[2016.05.02-20.11.12:994][  0]LogDerivedDataCache: Loaded boot cache 0.04s 46MB C:/Users/Students/AppData/Local/UnrealEngine/4.11/DerivedDataCache/Boot.ddc.
[2016.05.02-20.11.12:994][  0]LogDerivedDataCache:Display: Loaded Boot cache: C:/Users/Students/AppData/Local/UnrealEngine/4.11/DerivedDataCache/Boot.ddc
[2016.05.02-20.11.12:994][  0]LogDerivedDataCache: FDerivedDataBackendGraph:  Pak pak cache file C:/Users/Students/Documents/Unreal Projects/MyProject3/DerivedDataCache/DDC.ddp not found, will not use a pak cache.
[2016.05.02-20.11.12:994][  0]LogDerivedDataCache: Unable to find inner node Pak for hierarchical cache Hierarchy.
[2016.05.02-20.11.12:994][  0]LogDerivedDataCache: FDerivedDataBackendGraph:  CompressedPak pak cache file C:/Users/Students/Documents/Unreal Projects/MyProject3/DerivedDataCache/Compressed.ddp not found, will not use a pak cache.
[2016.05.02-20.11.12:994][  0]LogDerivedDataCache: Unable to find inner node CompressedPak for hierarchical cache Hierarchy.
[2016.05.02-20.11.13:006][  0]LogDerivedDataCache:Display: Pak cache opened for reading ../../../Engine/DerivedDataCache/Compressed.ddp.
[2016.05.02-20.11.13:018][  0]LogDerivedDataCache: Using Local data cache path C:/Users/Students/AppData/Local/UnrealEngine/Common/DerivedDataCache: Writable
[2016.05.02-20.11.13:137][  0]LogInit: Selected Device Profile: [Windows]
[2016.05.02-20.11.13:137][  0]LogContentStreaming: Texture pool size is 0.00 MB
[2016.05.02-20.11.13:162][  0]LogMaterial: Uniform references updated for custom material expression Custom.
[2016.05.02-20.11.13:252][  0]LogMeshUtilities: No automatic mesh reduction module available
[2016.05.02-20.11.13:252][  0]LogMeshUtilities: No automatic mesh merging module available
[2016.05.02-20.11.13:252][  0]LogMeshUtilities: No distributed automatic mesh merging module available
[2016.05.02-20.11.13:408][  0]LogUObjectArray: 27679 objects as part of root set at end of initial load.
[2016.05.02-20.11.13:408][  0]LogUObjectAllocator: 5591600 out of 0 bytes used by permanent object pool.
[2016.05.02-20.11.13:408][  0]LogUObjectArray: CloseDisregardForGC: 0/0 objects in disregard for GC pool
[2016.05.02-20.11.13:411][  0]LogInit: WinSock: version 1.1 (2.2), MaxSocks=32767, MaxUdp=65467
[2016.05.02-20.11.13:458][  0]LogSlate: SlateFontCache - WITH_FREETYPE: 1, WITH_HARFBUZZ: 1
[2016.05.02-20.11.13:458][  0]LogSlate: SlateFontCache - WITH_FREETYPE: 1, WITH_HARFBUZZ: 1
[2016.05.02-20.11.13:530][  0]LogStreaming:Warning: Failed to read file '../../../Engine/Content/Editor/Slate/Common/Selection_16x.png' error.
[2016.05.02-20.11.13:530][  0]LogSlate: Could not find file for Slate resource: ../../../Engine/Content/Editor/Slate/Common/Selection_16x.png
[2016.05.02-20.11.13:530][  0]LogStreaming:Warning: Failed to read file '../../../Engine/Content/Editor/Slate/Common/Selection_16x.png' error.
[2016.05.02-20.11.13:530][  0]LogSlate: Could not find file for Slate resource: ../../../Engine/Content/Editor/Slate/Common/Selection_16x.png
[2016.05.02-20.11.13:530][  0]LogStreaming:Warning: Failed to read file '../../../Engine/Content/Editor/Slate/Common/Selection_16x.png' error.
[2016.05.02-20.11.13:530][  0]LogSlate: Could not find file for Slate resource: ../../../Engine/Content/Editor/Slate/Common/Selection_16x.png
[2016.05.02-20.11.13:934][  0]LogUdpMessaging: Initializing bridge on interface 0.0.0.0:0 to multicast group 230.0.0.1:6666.
[2016.05.02-20.11.14:054][  0]LogAssetRegistry: FAssetRegistry took 0.0214 seconds to start up
[2016.05.02-20.11.14:141][  0]SourceControl: Info Source control is disabled
[2016.05.02-20.11.14:147][  0]SourceControl: Info Source control is disabled
[2016.05.02-20.11.14:151][  0]SourceControl: Info Source control is disabled
[2016.05.02-20.11.14:154][  0]SourceControl: Info Source control is disabled
[2016.05.02-20.11.14:207][  0]LogHMD: Failed to initialize OpenVR with code 110
[2016.05.02-20.11.14:256][  0]LogEngine: Initializing Engine...
[2016.05.02-20.11.14:356][  0]LogAIModule: Creating AISystem for world NewWorld
[2016.05.02-20.11.14:360][  0]LogInit: XAudio2 using 'Speakers (Realtek High Definition Audio)' : 2 channels at 48 kHz using 32 bits per sample (channel mask 0x3)
[2016.05.02-20.11.14:368][  0]LogInit: FAudioDevice initialized.
[2016.05.02-20.11.14:388][  0]LogDerivedDataCache: Saved boot cache 0.02s 46MB C:/Users/Students/AppData/Local/UnrealEngine/4.11/DerivedDataCache/Boot.ddc.
[2016.05.02-20.11.14:393][  0]LogInit: Texture streaming: Enabled
[2016.05.02-20.11.14:406][  0]LogInit: Transaction tracking system initialized
[2016.05.02-20.11.14:416][  0]BlueprintLog: New page: Editor Load
[2016.05.02-20.11.14:451][  0]LocalizationService: Info Localization service is disabled
[2016.05.02-20.11.14:493][  0]LogConsoleResponse:Display: 
[2016.05.02-20.11.14:563][  0]LogCook:Display: Max memory allowance for cook 8192mb
[2016.05.02-20.11.14:563][  0]LogCook:Display: Mobile HDR setting 1
[2016.05.02-20.11.14:563][  0]LogCook:Display: Done creating registry. It took  0.00s.
[2016.05.02-20.11.14:587][  0]LogFileCache: Scanning file cache for directory 'C:/Users/Students/Documents/Unreal Projects/MyProject3/Content/' took 0.01s
[2016.05.02-20.11.14:587][  0]SourceControl: Info Source control is disabled
[2016.05.02-20.11.14:588][  0]Cmd: MAP LOAD FILE="C:/Users/Students/Documents/Unreal Projects/MyProject3/Content/Runner.umap" TEMPLATE=0 SHOWPROGRESS=1 FEATURELEVEL=3
[2016.05.02-20.11.14:588][  0]LightingResults: New page: Lighting Build
[2016.05.02-20.11.14:589][  0]MapCheck: New page: Map Check
[2016.05.02-20.11.14:589][  0]LightingResults: New page: Lighting Build
[2016.05.02-20.11.14:749][  0]LogAIModule: Creating AISystem for world Runner
[2016.05.02-20.11.14:751][  0]LogEditorServer: Finished looking for orphan Actors (0.000 secs)
[2016.05.02-20.11.14:752][  0]Cmd: MAP CHECKDEP NOCLEARLOG
[2016.05.02-20.11.14:773][  0]MapCheck: Info Map check complete: 0 Error(s), 0 Warning(s), took 21.445ms to complete.
[2016.05.02-20.11.14:773][  0]LogFileHelpers: Loading map 'Runner' took 0.186
[2016.05.02-20.11.14:874][  0]LogCollectionManager: Loaded 0 collections in 0.000670 seconds
[2016.05.02-20.11.14:911][  0]LogFileCache: Scanning file cache for directory 'C:/Users/Students/Documents/Unreal Projects/MyProject3/Saved/Collections/' took 0.01s
[2016.05.02-20.11.14:911][  0]LogFileCache: Scanning file cache for directory 'C:/Users/Students/Documents/Unreal Projects/MyProject3/Content/Developers/Students/Collections/' took 0.01s
[2016.05.02-20.11.14:911][  0]LogFileCache: Scanning file cache for directory 'C:/Users/Students/Documents/Unreal Projects/MyProject3/Content/Collections/' took 0.01s
[2016.05.02-20.11.14:911][  0]LogCollectionManager: Rebuilt the GUID cache for 0 collections in 0.000003 seconds
[2016.05.02-20.11.14:917][  0]LogContentBrowser: Native class hierarchy populated in 0.0056 seconds. Added 1996 classes and 351 folders.
[2016.05.02-20.11.14:919][  0]LogStats: UGameplayTagsManager::ConstructGameplayTagTree: Construct from data asset -  0.000 s
[2016.05.02-20.11.14:919][  0]LogStats: UGameplayTagsManager::ConstructGameplayTagTree: GameplayTagTreeChangedEvent.Broadcast -  0.000 s
[2016.05.02-20.11.14:919][  0]LogContentBrowser: Native class hierarchy updated for 'GameplayTags' in 0.0003 seconds. Added 12 classes and 0 folders.
[2016.05.02-20.11.14:921][  0]LogContentBrowser: Native class hierarchy updated for 'WidgetCarousel' in 0.0002 seconds. Added 0 classes and 0 folders.
[2016.05.02-20.11.14:925][  0]LogContentBrowser: Native class hierarchy updated for 'SuperSearch' in 0.0003 seconds. Added 1 classes and 2 folders.
[2016.05.02-20.11.14:949][  0]LogContentBrowser: Native class hierarchy updated for 'AddContentDialog' in 0.0003 seconds. Added 0 classes and 0 folders.
[2016.05.02-20.11.14:951][  0]LogContentBrowser: Native class hierarchy updated for 'SceneOutliner' in 0.0002 seconds. Added 1 classes and 2 folders.
[2016.05.02-20.11.14:965][  0]LogCrashTracker: Crashtracker disabled due to settings.
[2016.05.02-20.11.14:969][  0]LogUObjectGlobals:Warning: Failed to find object 'Class None.'
[2016.05.02-20.11.14:992][  0]LogContentBrowser: Native class hierarchy updated for 'HierarchicalLODOutliner' in 0.0003 seconds. Added 1 classes and 2 folders.
[2016.05.02-20.11.14:992][  0]LogLoad: Full Startup: 3.75 seconds (BP compile: 0.02 seconds)
[2016.05.02-20.11.14:992][  0]LogExternalProfiler: Found external profiler: VSPerf
[2016.05.02-20.11.14:992][  0]LogExternalProfiler: Using external profiler: VSPerf
[2016.05.02-20.11.15:009][  0]LogWindowsTextInputMethodSystem:Display: IME system now deactivated.
[2016.05.02-20.11.15:009][  0]LogOcInput: OculusInput pre-init called
[2016.05.02-20.11.15:010][  0]LogOcInput: Can't find Oculus library dev build: is proper Runtime installed? Version: 1.3.0
[2016.05.02-20.11.15:024][  0]LogAssetRegistry: Asset discovery search completed in 0.9912 seconds
[2016.05.02-20.11.15:024][  0]LogCollectionManager: Rebuilt the object cache for 0 collections in 0.000001 seconds (found 0 objects)
[2016.05.02-20.11.15:024][  0]LogCollectionManager: Fixed up redirectors for 0 collections in 0.000023 seconds (updated 0 objects)
[2016.05.02-20.11.15:040][  0]LogContentStreaming: Texture pool size now 1000 MB
[2016.05.02-20.11.15:153][  0]LogRenderer: Reallocating scene render targets to support 1616x916 (Frame:2).
[2016.05.02-20.11.22:613][422]LogContentBrowser: Native class hierarchy updated for 'BlueprintGraph' in 0.0005 seconds. Added 108 classes and 0 folders.
[2016.05.02-20.11.23:096][422]LogSpawn:Warning: SpawnActor failed because we are running a ConstructionScript (KinectAccessLayer)
[2016.05.02-20.11.34:186][ 83]LogLinker:Warning: Can't find file '/Game/UE4_Mannequin/Mesh/UE4_Mannequin'
[2016.05.02-20.11.34:187][ 83]LogLinker:Warning: Can't find file '/Game/UE4_Mannequin/Mesh/UE4_Mannequin'
[2016.05.02-20.11.34:187][ 83]LogUObjectGlobals:Warning: Failed to find object 'SkeletalMesh /Game/UE4_Mannequin/Mesh/UE4_Mannequin.UE4_Mannequin'
[2016.05.02-20.11.36:929][217]LogTexture:Display: Building textures: T_UDK_Sky_CloudMask01_N (AutoDXT)
[2016.05.02-20.11.38:505][217]LogSkeletalMesh: InitArticulated: Bodies already created (/Engine/Transient.DebugSkelMeshComponent_0) - call TermArticulated first.
[2016.05.02-20.11.38:612][217]LogTexture:Display: Building textures: icon_ShowSkeletalMeshes_40x (BGRA8)
[2016.05.02-20.16.39:689][240]LogActorComponent: UnregisterComponent: (/Engine/Transient.KinectInterfaceComponent_4) Not registered. Aborting.
[2016.05.02-20.16.40:022][240]LogWindowsTextInputMethodSystem:Display: IME system now deactivated.
[2016.05.02-20.16.40:183][241]Cmd: QUIT_EDITOR
[2016.05.02-20.16.40:248][241]LogExit: Preparing to exit.
[2016.05.02-20.16.41:196][241]LogExit: Editor shut down
[2016.05.02-20.16.41:197][241]LogExit: Transaction tracking system shut down
[2016.05.02-20.16.41:315][241]LogObj: Freed 0b from 0 cluster array pools.
[2016.05.02-20.16.41:315][241]LogExit: Object subsystem successfully closed.
[2016.05.02-20.16.41:328][241]LogD3D11RHI: Shutdown
[2016.05.02-20.16.41:328][241]LogD3D11RHI: CleanupD3DDevice
[2016.05.02-20.16.41:398][241]LogD3D11RHI: ~FD3D11DynamicRHI
[2016.05.02-20.16.41:481][241]LogDerivedDataCache: Shutdown
[2016.05.02-20.16.41:481][241]LogModuleManager: Shutting down and abandoning module BlueprintGraph (206)
[2016.05.02-20.16.41:481][241]LogModuleManager: Shutting down and abandoning module HierarchicalLODOutliner (205)
[2016.05.02-20.16.41:481][241]LogModuleManager: Shutting down and abandoning module CrashTracker (204)
[2016.05.02-20.16.41:481][241]LogModuleManager: Shutting down and abandoning module SceneOutliner (203)
[2016.05.02-20.16.41:481][241]LogModuleManager: Shutting down and abandoning module SuperSearch (202)
[2016.05.02-20.16.41:481][241]LogModuleManager: Shutting down and abandoning module WidgetCarousel (201)
[2016.05.02-20.16.41:481][241]LogModuleManager: Shutting down and abandoning module AddContentDialog (200)
[2016.05.02-20.16.41:482][241]LogModuleManager: Shutting down and abandoning module GameplayTags (199)
[2016.05.02-20.16.41:482][241]LogModuleManager: Shutting down and abandoning module EditorWidgets (198)
[2016.05.02-20.16.41:482][241]LogModuleManager: Shutting down and abandoning module CollectionManager (197)
[2016.05.02-20.16.41:482][241]LogModuleManager: Shutting down and abandoning module StatsViewer (196)
[2016.05.02-20.16.41:482][241]LogModuleManager: Shutting down and abandoning module FoliageEdit (195)
[2016.05.02-20.16.41:482][241]LogModuleManager: Shutting down and abandoning module LandscapeEditor (194)
[2016.05.02-20.16.41:483][241]LogModuleManager: Shutting down and abandoning module ActorPickerMode (193)
[2016.05.02-20.16.41:483][241]LogModuleManager: Shutting down and abandoning module GeometryMode (192)
[2016.05.02-20.16.41:483][241]LogModuleManager: Shutting down and abandoning module TextureAlignMode (191)
[2016.05.02-20.16.41:483][241]LogModuleManager: Shutting down and abandoning module BspMode (190)
[2016.05.02-20.16.41:483][241]LogModuleManager: Shutting down and abandoning module PlacementMode (189)
[2016.05.02-20.16.41:483][241]LogModuleManager: Shutting down and abandoning module AutomationWorker (188)
[2016.05.02-20.16.41:483][241]LogModuleManager: Shutting down and abandoning module CharacterAI (187)
[2016.05.02-20.16.41:483][241]LogModuleManager: Shutting down and abandoning module SmartSnapping (186)
[2016.05.02-20.16.41:483][241]LogModuleManager: Shutting down and abandoning module ViewportSnapping (185)
[2016.05.02-20.16.41:483][241]LogModuleManager: Shutting down and abandoning module LogVisualizer (184)
[2016.05.02-20.16.41:483][241]LogModuleManager: Shutting down and abandoning module GameProjectGeneration (183)
[2016.05.02-20.16.41:483][241]LogModuleManager: Shutting down and abandoning module IntroTutorials (182)
[2016.05.02-20.16.41:483][241]LogModuleManager: Shutting down and abandoning module EditorLiveStreaming (181)
[2016.05.02-20.16.41:483][241]LogModuleManager: Shutting down and abandoning module IOSPlatformEditor (180)
[2016.05.02-20.16.41:483][241]LogModuleManager: Shutting down and abandoning module HTML5PlatformEditor (179)
[2016.05.02-20.16.41:483][241]LogModuleManager: Shutting down and abandoning module AndroidDeviceDetection (178)
[2016.05.02-20.16.41:554][241]LogModuleManager: Shutting down and abandoning module AndroidPlatformEditor (177)
[2016.05.02-20.16.41:554][241]LogModuleManager: Shutting down and abandoning module IOSRuntimeSettings (176)
[2016.05.02-20.16.41:554][241]LogModuleManager: Shutting down and abandoning module AndroidRuntimeSettings (175)
[2016.05.02-20.16.41:554][241]LogModuleManager: Shutting down and abandoning module MergeActors (174)
[2016.05.02-20.16.41:554][241]LogModuleManager: Shutting down and abandoning module SizeMap (173)
[2016.05.02-20.16.41:554][241]LogModuleManager: Shutting down and abandoning module TreeMap (172)
[2016.05.02-20.16.41:554][241]LogModuleManager: Shutting down and abandoning module ReferenceViewer (171)
[2016.05.02-20.16.41:554][241]LogModuleManager: Shutting down and abandoning module LocalizationService (170)
[2016.05.02-20.16.41:554][241]LogModuleManager: Shutting down and abandoning module LocalizationDashboard (169)
[2016.05.02-20.16.41:554][241]LogModuleManager: Shutting down and abandoning module HardwareTargeting (168)
[2016.05.02-20.16.41:554][241]LogModuleManager: Shutting down and abandoning module DeviceProfileEditor (167)
[2016.05.02-20.16.41:554][241]LogModuleManager: Shutting down and abandoning module UndoHistory (166)
[2016.05.02-20.16.41:554][241]LogModuleManager: Shutting down and abandoning module UserFeedback (165)
[2016.05.02-20.16.41:554][241]LogModuleManager: Shutting down and abandoning module XmlParser (164)
[2016.05.02-20.16.41:554][241]LogModuleManager: Shutting down and abandoning module Blutility (163)
[2016.05.02-20.16.41:554][241]LogModuleManager: Shutting down and abandoning module ProjectTargetPlatformEditor (162)
[2016.05.02-20.16.41:555][241]LogModuleManager: Shutting down and abandoning module ProjectSettingsViewer (161)
[2016.05.02-20.16.41:555][241]LogModuleManager: Shutting down and abandoning module InputBindingEditor (160)
[2016.05.02-20.16.41:555][241]LogModuleManager: Shutting down and abandoning module EditorSettingsViewer (159)
[2016.05.02-20.16.41:555][241]LogModuleManager: Shutting down and abandoning module SettingsEditor (158)
[2016.05.02-20.16.41:555][241]LogModuleManager: Shutting down and abandoning module ProjectLauncher (157)
[2016.05.02-20.16.41:555][241]LogModuleManager: Shutting down and abandoning module SessionFrontend (156)
[2016.05.02-20.16.41:555][241]LogModuleManager: Shutting down and abandoning module ProfilerClient (155)
[2016.05.02-20.16.41:555][241]LogModuleManager: Shutting down and abandoning module TargetDeviceServices (154)
[2016.05.02-20.16.41:555][241]LogModuleManager: Shutting down and abandoning module DeviceManager (153)
[2016.05.02-20.16.41:586][241]LogModuleManager: Shutting down and abandoning module AutomationController (152)
[2016.05.02-20.16.41:586][241]LogModuleManager: Shutting down and abandoning module AutomationWindow (151)
[2016.05.02-20.16.41:586][241]LogModuleManager: Shutting down and abandoning module Layers (150)
[2016.05.02-20.16.41:586][241]LogModuleManager: Shutting down and abandoning module ComponentVisualizers (149)
[2016.05.02-20.16.41:586][241]LogModuleManager: Shutting down and abandoning module DetailCustomizations (148)
[2016.05.02-20.16.41:586][241]LogModuleManager: Shutting down and abandoning module PackagesDialog (147)
[2016.05.02-20.16.41:586][241]LogModuleManager: Shutting down and abandoning module Persona (146)
[2016.05.02-20.16.41:586][241]LogModuleManager: Shutting down and abandoning module Kismet (145)
[2016.05.02-20.16.41:586][241]LogModuleManager: Shutting down and abandoning module GraphEditor (144)
[2016.05.02-20.16.41:586][241]LogModuleManager: Shutting down and abandoning module ClassViewer (143)
[2016.05.02-20.16.41:586][241]LogModuleManager: Shutting down and abandoning module Toolbox (142)
[2016.05.02-20.16.41:586][241]LogModuleManager: Shutting down and abandoning module ModuleUI (141)
[2016.05.02-20.16.41:586][241]LogModuleManager: Shutting down and abandoning module MovieSceneTools (140)
[2016.05.02-20.16.41:586][241]LogModuleManager: Shutting down and abandoning module OutputLog (139)
[2016.05.02-20.16.41:586][241]LogModuleManager: Shutting down and abandoning module GammaUI (138)
[2016.05.02-20.16.41:586][241]LogModuleManager: Shutting down and abandoning module Documentation (137)
[2016.05.02-20.16.41:586][241]LogModuleManager: Shutting down and abandoning module StreamingPauseRendering (136)
[2016.05.02-20.16.41:586][241]LogModuleManager: Shutting down and abandoning module AnalyticsET (135)
[2016.05.02-20.16.41:586][241]LogModuleManager: Shutting down and abandoning module Analytics (134)
[2016.05.02-20.16.41:586][241]LogModuleManager: Shutting down and abandoning module PortalServices (133)
[2016.05.02-20.16.41:586][241]LogModuleManager: Shutting down and abandoning module PortalRpc (132)
[2016.05.02-20.16.41:586][241]LogModuleManager: Shutting down and abandoning module MessagingRpc (131)
[2016.05.02-20.16.41:586][241]LogModuleManager: Shutting down and abandoning module AITestSuite (130)
[2016.05.02-20.16.41:586][241]LogModuleManager: Shutting down and abandoning module GameplayDebugger (129)
[2016.05.02-20.16.41:586][241]LogModuleManager: Shutting down and abandoning module AIModule (128)
[2016.05.02-20.16.41:586][241]LogModuleManager: Shutting down and abandoning module ProfilerService (127)
[2016.05.02-20.16.41:773][241]LogModuleManager: Shutting down and abandoning module TaskGraph (126)
[2016.05.02-20.16.41:774][241]LogModuleManager: Shutting down and abandoning module SlateRemote (125)
[2016.05.02-20.16.41:774][241]LogModuleManager: Shutting down and abandoning module SteamVRController (124)
[2016.05.02-20.16.41:774][241]LogModuleManager: Shutting down and abandoning module SteamVR (123)
[2016.05.02-20.16.41:774][241]LogModuleManager: Shutting down and abandoning module ProceduralMeshComponent (122)
[2016.05.02-20.16.41:774][241]LogModuleManager: Shutting down and abandoning module OculusLibrary (121)
[2016.05.02-20.16.41:774][241]LogModuleManager: Shutting down and abandoning module OculusInput (120)
[2016.05.02-20.16.41:774][241]LogModuleManager: Shutting down and abandoning module CustomMeshComponent (119)
[2016.05.02-20.16.41:774][241]LogModuleManager: Shutting down and abandoning module CableComponent (118)
[2016.05.02-20.16.41:774][241]LogModuleManager: Shutting down and abandoning module ArchVisCharacter (117)
[2016.05.02-20.16.41:774][241]LogModuleManager: Shutting down and abandoning module MediaPlayerEditor (116)
[2016.05.02-20.16.41:774][241]LogModuleManager: Shutting down and abandoning module HTML5Networking (115)
[2016.05.02-20.16.41:774][241]LogModuleManager: Shutting down and abandoning module SpeedTreeImporter (114)
[2016.05.02-20.16.41:774][241]LogModuleManager: Shutting down and abandoning module PluginBrowser (113)
[2016.05.02-20.16.41:774][241]LogModuleManager: Shutting down and abandoning module EpicSurvey (112)
[2016.05.02-20.16.41:774][241]LogModuleManager: Shutting down and abandoning module DesktopPlatform (111)
[2016.05.02-20.16.41:774][241]LogModuleManager: Shutting down and abandoning module VisualStudioSourceCodeAccess (110)
[2016.05.02-20.16.41:774][241]LogModuleManager: Shutting down and abandoning module UObjectPlugin (109)
[2016.05.02-20.16.41:774][241]LogModuleManager: Shutting down and abandoning module SubversionSourceControl (108)
[2016.05.02-20.16.41:774][241]LogModuleManager: Shutting down and abandoning module PerforceSourceControl (107)
[2016.05.02-20.16.41:774][241]LogModuleManager: Shutting down and abandoning module SourceControl (106)
[2016.05.02-20.16.41:774][241]LogModuleManager: Shutting down and abandoning module GitSourceControl (105)
[2016.05.02-20.16.41:774][241]LogModuleManager: Shutting down and abandoning module LightPropagationVolumeEditor (104)
[2016.05.02-20.16.41:774][241]LogModuleManager: Shutting down and abandoning module PaperTiledImporter (103)
[2016.05.02-20.16.41:774][241]LogModuleManager: Shutting down and abandoning module PaperSpriteSheetImporter (102)
[2016.05.02-20.16.41:774][241]LogModuleManager: Shutting down and abandoning module MeshPaint (101)
[2016.05.02-20.16.41:774][241]LogModuleManager: Shutting down and abandoning module HotReload (100)
[2016.05.02-20.16.41:774][241]LogModuleManager: Shutting down and abandoning module MainFrame (99)
[2016.05.02-20.16.41:774][241]LogModuleManager: Shutting down and abandoning module LevelEditor (98)
[2016.05.02-20.16.41:775][241]LogModuleManager: Shutting down and abandoning module DirectoryWatcher (97)
[2016.05.02-20.16.41:775][241]LogModuleManager: Shutting down and abandoning module AssetRegistry (96)
[2016.05.02-20.16.41:853][241]LogModuleManager: Shutting down and abandoning module ContentBrowser (95)
[2016.05.02-20.16.41:854][241]LogModuleManager: Shutting down and abandoning module Paper2DEditor (94)
[2016.05.02-20.16.41:854][241]LogModuleManager: Shutting down and abandoning module Kinect4Unreal (93)
[2016.05.02-20.16.41:854][241]LogModuleManager: Shutting down and abandoning module UdpMessaging (92)
[2016.05.02-20.16.41:955][241]LogModuleManager: Shutting down and abandoning module LightPropagationVolumeRuntime (91)
[2016.05.02-20.16.41:955][241]LogModuleManager: Shutting down and abandoning module Paper2D (90)
[2016.05.02-20.16.41:955][241]LogModuleManager: Shutting down and abandoning module WindowsMoviePlayer (89)
[2016.05.02-20.16.41:955][241]LogModuleManager: Shutting down and abandoning module Media (88)
[2016.05.02-20.16.41:955][241]LogModuleManager: Shutting down and abandoning module WmfMedia (87)
[2016.05.02-20.16.41:955][241]LogModuleManager: Shutting down and abandoning module MediaAssets (86)
[2016.05.02-20.16.41:955][241]LogModuleManager: Shutting down and abandoning module GameLiveStreaming (85)
[2016.05.02-20.16.41:955][241]LogModuleManager: Shutting down and abandoning module GameplayTagsEditor (84)
[2016.05.02-20.16.41:955][241]LogModuleManager: Shutting down and abandoning module OnlineBlueprintSupport (83)
[2016.05.02-20.16.41:955][241]LogModuleManager: Shutting down and abandoning module GameplayTasksEditor (82)
[2016.05.02-20.16.41:955][241]LogModuleManager: Shutting down and abandoning module PropertyEditor (81)
[2016.05.02-20.16.41:955][241]LogModuleManager: Shutting down and abandoning module BehaviorTreeEditor (80)
[2016.05.02-20.16.41:955][241]LogModuleManager: Shutting down and abandoning module FunctionalTesting (79)
[2016.05.02-20.16.41:955][241]LogModuleManager: Shutting down and abandoning module CollisionAnalyzer (78)
[2016.05.02-20.16.41:955][241]LogModuleManager: Shutting down and abandoning module WorkspaceMenuStructure (77)
[2016.05.02-20.16.41:955][241]LogModuleManager: Shutting down and abandoning module MessageLog (76)
[2016.05.02-20.16.41:955][241]LogModuleManager: Shutting down and abandoning module Sequencer (75)
[2016.05.02-20.16.41:955][241]LogModuleManager: Shutting down and abandoning module AssetTools (74)
[2016.05.02-20.16.41:955][241]LogModuleManager: Shutting down and abandoning module UMGEditor (73)
[2016.05.02-20.16.41:955][241]LogModuleManager: Shutting down and abandoning module UMG (72)
[2016.05.02-20.16.41:955][241]LogModuleManager: Shutting down and abandoning module SlateReflector (71)
[2016.05.02-20.16.41:955][241]LogModuleManager: Shutting down and abandoning module Slate (70)
[2016.05.02-20.16.41:955][241]LogModuleManager: Shutting down and abandoning module EditorStyle (69)
[2016.05.02-20.16.41:956][241]LogModuleManager: Shutting down and abandoning module SessionServices (68)
[2016.05.02-20.16.41:956][241]LogModuleManager: Shutting down and abandoning module SourceCodeAccess (67)
[2016.05.02-20.16.41:956][241]LogModuleManager: Shutting down and abandoning module HeadMountedDisplay (66)
[2016.05.02-20.16.41:956][241]LogModuleManager: Shutting down and abandoning module XAudio2 (65)
[2016.05.02-20.16.41:956][241]LogModuleManager: Shutting down and abandoning module Networking (63)
[2016.05.02-20.16.41:956][241]LogModuleManager: Shutting down and abandoning module Core (62)
[2016.05.02-20.16.41:956][241]LogModuleManager: Shutting down and abandoning module KismetCompiler (61)
[2016.05.02-20.16.41:956][241]LogModuleManager: Shutting down and abandoning module PhysXFormats (60)
[2016.05.02-20.16.41:956][241]LogModuleManager: Shutting down and abandoning module MeshUtilities (59)
[2016.05.02-20.16.41:956][241]LogModuleManager: Shutting down and abandoning module CookingStats (58)
[2016.05.02-20.16.41:956][241]LogModuleManager: Shutting down and abandoning module DerivedDataCache (57)
[2016.05.02-20.16.41:956][241]LogDerivedDataCache: Shutdown
[2016.05.02-20.16.41:956][241]LogModuleManager: Shutting down and abandoning module ShaderFormatOpenGL (56)
[2016.05.02-20.16.41:956][241]LogModuleManager: Shutting down and abandoning module ShaderFormatD3D (55)
[2016.05.02-20.16.41:956][241]LogModuleManager: Shutting down and abandoning module MetalShaderFormat (54)
[2016.05.02-20.16.41:956][241]LogModuleManager: Shutting down and abandoning module TextureFormatUncompressed (53)
[2016.05.02-20.16.41:956][241]LogModuleManager: Shutting down and abandoning module TextureFormatPVR (52)
[2016.05.02-20.16.41:956][241]LogModuleManager: Shutting down and abandoning module TextureFormatIntelISPCTexComp (51)
[2016.05.02-20.16.41:956][241]LogModuleManager: Shutting down and abandoning module TextureFormatDXT (50)
[2016.05.02-20.16.41:956][241]LogModuleManager: Shutting down and abandoning module ImageWrapper (49)
[2016.05.02-20.16.41:956][241]LogModuleManager: Shutting down and abandoning module TextureFormatASTC (48)
[2016.05.02-20.16.41:957][241]LogModuleManager: Shutting down and abandoning module TextureFormatAndroid (47)
[2016.05.02-20.16.41:957][241]LogModuleManager: Shutting down and abandoning module AudioFormatOpus (46)
[2016.05.02-20.16.41:957][241]LogModuleManager: Shutting down and abandoning module AudioFormatOgg (45)
[2016.05.02-20.16.41:957][241]LogModuleManager: Shutting down and abandoning module AudioFormatADPCM (44)
[2016.05.02-20.16.41:957][241]LogModuleManager: Shutting down and abandoning module LinuxTargetPlatform (43)
[2016.05.02-20.16.41:957][241]LogModuleManager: Shutting down and abandoning module LinuxServerTargetPlatform (42)
[2016.05.02-20.16.41:957][241]LogModuleManager: Shutting down and abandoning module LinuxNoEditorTargetPlatform (41)
[2016.05.02-20.16.41:957][241]LogModuleManager: Shutting down and abandoning module TVOSTargetPlatform (40)
[2016.05.02-20.16.41:957][241]LogModuleManager: Shutting down and abandoning module Messaging (39)
[2016.05.02-20.16.41:957][241]LogModuleManager: Shutting down and abandoning module IOSTargetPlatform (38)
[2016.05.02-20.16.41:957][241]LogModuleManager: Shutting down and abandoning module HTML5TargetPlatform (37)
[2016.05.02-20.16.41:957][241]LogModuleManager: Shutting down and abandoning module Android_PVRTCTargetPlatform (36)
[2016.05.02-20.16.41:957][241]LogModuleManager: Shutting down and abandoning module Android_MultiTargetPlatform (35)
[2016.05.02-20.16.41:957][241]LogModuleManager: Shutting down and abandoning module Android_ETC2TargetPlatform (34)
[2016.05.02-20.16.41:957][241]LogModuleManager: Shutting down and abandoning module Android_ETC1TargetPlatform (33)
[2016.05.02-20.16.41:957][241]LogModuleManager: Shutting down and abandoning module Android_DXTTargetPlatform (32)
[2016.05.02-20.16.41:957][241]LogModuleManager: Shutting down and abandoning module Android_ATCTargetPlatform (31)
[2016.05.02-20.16.41:957][241]LogModuleManager: Shutting down and abandoning module Android_ASTCTargetPlatform (30)
[2016.05.02-20.16.41:957][241]LogModuleManager: Shutting down and abandoning module AndroidTargetPlatform (29)
[2016.05.02-20.16.41:957][241]LogModuleManager: Shutting down and abandoning module WindowsTargetPlatform (28)
[2016.05.02-20.16.41:957][241]LogModuleManager: Shutting down and abandoning module WindowsServerTargetPlatform (27)
[2016.05.02-20.16.41:957][241]LogModuleManager: Shutting down and abandoning module WindowsNoEditorTargetPlatform (26)
[2016.05.02-20.16.41:957][241]LogModuleManager: Shutting down and abandoning module WindowsClientTargetPlatform (25)
[2016.05.02-20.16.41:957][241]LogModuleManager: Shutting down and abandoning module AllDesktopTargetPlatform (24)
[2016.05.02-20.16.41:957][241]LogModuleManager: Shutting down and abandoning module TargetPlatform (23)
[2016.05.02-20.16.41:957][241]LogModuleManager: Shutting down and abandoning module InputCore (22)
[2016.05.02-20.16.41:957][241]LogModuleManager: Shutting down and abandoning module Settings (21)
[2016.05.02-20.16.41:957][241]LogModuleManager: Shutting down and abandoning module OnlineSubsystem (19)
[2016.05.02-20.16.41:957][241]LogModuleManager: Shutting down and abandoning module HTTP (18)
[2016.05.02-20.16.43:959][241]LogModuleManager: Shutting down and abandoning module XMPP (17)
[2016.05.02-20.16.43:959][241]LogModuleManager: Shutting down and abandoning module OculusRift (16)
[2016.05.02-20.16.43:959][241]LogModuleManager: Shutting down and abandoning module ExampleDeviceProfileSelector (15)
[2016.05.02-20.16.43:959][241]LogModuleManager: Shutting down and abandoning module TextureCompressor (14)
[2016.05.02-20.16.43:959][241]LogModuleManager: Shutting down and abandoning module ShaderCore (13)
[2016.05.02-20.16.43:959][241]LogModuleManager: Shutting down and abandoning module Landscape (12)
[2016.05.02-20.16.43:959][241]LogModuleManager: Shutting down and abandoning module SlateRHIRenderer (11)
[2016.05.02-20.16.43:961][241]LogModuleManager: Shutting down and abandoning module OpenGLDrv (10)
[2016.05.02-20.16.43:961][241]LogModuleManager: Shutting down and abandoning module D3D11RHI (9)
[2016.05.02-20.16.43:961][241]LogModuleManager: Shutting down and abandoning module AnimGraphRuntime (8)
[2016.05.02-20.16.43:961][241]LogModuleManager: Shutting down and abandoning module Renderer (7)
[2016.05.02-20.16.43:961][241]LogModuleManager: Shutting down and abandoning module Engine (6)
[2016.05.02-20.16.43:961][241]LogModuleManager: Shutting down and abandoning module CoreUObject (5)
[2016.05.02-20.16.43:961][241]LogModuleManager: Shutting down and abandoning module NetworkFile (4)
[2016.05.02-20.16.43:961][241]LogModuleManager: Shutting down and abandoning module StreamingFile (3)
[2016.05.02-20.16.43:961][241]LogModuleManager: Shutting down and abandoning module SandboxFile (2)
[2016.05.02-20.16.43:961][241]LogModuleManager: Shutting down and abandoning module PakFile (1)
[2016.05.02-20.16.43:962][241]LogExit: Exiting.
[2016.05.02-20.16.43:963][241]Log file closed, 05/02/16 15:16:43
