Log file open, 05/02/16 17:52:13
LogInit:Display: Running engine for game: MyProject3
LogPlatformFile: Not using cached read wrapper
LogInit:Display: RandInit(-1328726334) SRandInit(-1328726334).
LogTaskGraph: Started task graph with 4 named threads and 7 total threads.
LogStats: Stats thread started at 0.063244
LogHMD: Can't find Oculus library dev build: is proper Runtime installed? Version: 1.3.0
LogInit: Version: 4.11.2-2946394+++UE4+Release-4.11
LogInit: API Version: 2927265
LogInit: Compiled (64-bit): Apr 18 2016 02:18:46
LogInit: Compiled with Visual C++: 19.00.23026.00
LogInit: Build Configuration: Development
LogInit: Branch Name: ++UE4+Release-4.11
LogInit: Command line:  
LogInit: Base directory: D:/Program Files/Epic Games/4.11/Engine/Binaries/Win64/
LogInit: Installed Engine Build: 1
LogInit: Using libcurl 7.41.0
LogInit:  - built for x86_64-pc-win32
LogInit:  - supports SSL with WinSSL
LogInit:  - other features:
LogInit:      CURL_VERSION_SSL
LogInit:      CURL_VERSION_IPV6
LogInit:      CURL_VERSION_ASYNCHDNS
LogInit:      CURL_VERSION_LARGEFILE
LogInit:      CURL_VERSION_IDN
LogInit:  CurlRequestOptions (configurable via config and command line):
LogInit:  - bVerifyPeer = true  - Libcurl will verify peer certificate
LogInit:  - bUseHttpProxy = false  - Libcurl will NOT use HTTP proxy
LogInit:  - bDontReuseConnections = false  - Libcurl will reuse connections
LogInit:  - CertBundlePath = nullptr  - Libcurl will use whatever was configured at build time.
LogInit: Presizing for max 16777216 objects, including 0 objects not considered by GC, pre-allocating 0 bytes for permanent pool.
LogInit: Object subsystem initialized
[2016.05.02-22.52.13:479][  0]LogInit: Selected Device Profile: [Windows]
[2016.05.02-22.52.13:479][  0]LogInit: Applying CVar settings loaded from the selected device profile: [Windows]
[2016.05.02-22.52.13:486][  0]LogInit: Computer: MSI-2
[2016.05.02-22.52.13:486][  0]LogInit: User: Students
[2016.05.02-22.52.13:486][  0]LogInit: CPU Page size=65536, Cores=4
[2016.05.02-22.52.13:486][  0]LogInit: High frequency timer resolution =2.728068 MHz
[2016.05.02-22.52.13:486][  0]LogMemory: Memory total: Physical=32.0GB (32GB approx)
[2016.05.02-22.52.13:486][  0]LogMemory: Platform Memory Stats for Windows
[2016.05.02-22.52.13:486][  0]LogMemory: Process Physical Memory: 313.64 MB used, 313.64 MB peak
[2016.05.02-22.52.13:486][  0]LogMemory: Process Virtual Memory: 315.04 MB used, 315.04 MB peak
[2016.05.02-22.52.13:486][  0]LogMemory: Physical Memory: 8704.81 MB used, 32720.83 MB total
[2016.05.02-22.52.13:486][  0]LogMemory: Virtual Memory: 653.23 MB used, 134217728.00 MB total
[2016.05.02-22.52.13:514][  0]LogTextLocalizationManager: No specific translations for ('en-US') exist, so ('en') translations will be used.
[2016.05.02-22.52.13:833][  0]LogD3D11RHI: D3D11 adapters:
[2016.05.02-22.52.13:850][  0]LogD3D11RHI:    0. 'NVIDIA GeForce GTX 980M' (Feature Level 11_0)
[2016.05.02-22.52.13:850][  0]LogD3D11RHI:       8093MB of dedicated video memory, 0MB of dedicated system memory, and 16360MB of shared system memory, 1 output[s]
[2016.05.02-22.52.13:851][  0]LogD3D11RHI:    1. 'Microsoft Basic Render Driver' (Feature Level 11_0)
[2016.05.02-22.52.13:851][  0]LogD3D11RHI:       0MB of dedicated video memory, 0MB of dedicated system memory, and 16360MB of shared system memory, 0 output[s]
[2016.05.02-22.52.13:851][  0]LogD3D11RHI: Chosen D3D11 Adapter: 0
[2016.05.02-22.52.13:856][  0]LogD3D11RHI: Creating new Direct3DDevice
[2016.05.02-22.52.13:856][  0]LogD3D11RHI:     Adapter Name: NVIDIA GeForce GTX 980M
[2016.05.02-22.52.13:856][  0]LogD3D11RHI:   Driver Version: 10.18.13.6472 (internal 10.18.13.6472)
[2016.05.02-22.52.13:856][  0]LogD3D11RHI:      Driver Date: 3-21-2016
[2016.05.02-22.52.13:856][  0]LogRHI: Texture pool is 1361 MB (70% of 1945 MB)
[2016.05.02-22.52.13:866][  0]LogD3D11RHI: Async texture creation enabled
[2016.05.02-22.52.13:875][  0]LogShaderCompilers: Guid format shader working directory is -6 characters bigger than the processId version (C:/Users/Students/Documents/Unreal Projects/MyProject3/Intermediate/Shaders/WorkingDirectory/48456/).
[2016.05.02-22.52.13:875][  0]LogShaderCompilers: Cleaned the shader compiler working directory 'C:/Users/Students/AppData/Local/Temp/UnrealShaderWorkingDir/1A09C4C34B45F726F64447A354270DBF/'.
[2016.05.02-22.52.13:875][  0]LogShaderCompilers:Display: Using Local Shader Compiler.
[2016.05.02-22.52.14:610][  0]LogTemp:Display: Loaded TP AllDesktopTargetPlatform
[2016.05.02-22.52.14:613][  0]LogTemp:Display: Loaded TP WindowsClientTargetPlatform
[2016.05.02-22.52.14:615][  0]LogTemp:Display: Loaded TP WindowsNoEditorTargetPlatform
[2016.05.02-22.52.14:618][  0]LogTemp:Display: Loaded TP WindowsServerTargetPlatform
[2016.05.02-22.52.14:621][  0]LogTemp:Display: Loaded TP WindowsTargetPlatform
[2016.05.02-22.52.14:623][  0]LogTemp:Display: Loaded TP AndroidTargetPlatform
[2016.05.02-22.52.14:625][  0]LogTemp:Display: Loaded TP Android_ASTCTargetPlatform
[2016.05.02-22.52.14:627][  0]LogTemp:Display: Loaded TP Android_ATCTargetPlatform
[2016.05.02-22.52.14:629][  0]LogTemp:Display: Loaded TP Android_DXTTargetPlatform
[2016.05.02-22.52.14:632][  0]LogTemp:Display: Loaded TP Android_ETC1TargetPlatform
[2016.05.02-22.52.14:634][  0]LogTemp:Display: Loaded TP Android_ETC2TargetPlatform
[2016.05.02-22.52.14:639][  0]LogTemp:Display: Loaded TP Android_MultiTargetPlatform
[2016.05.02-22.52.14:639][  0]LogTemp:Display: Loaded TP Android_PVRTCTargetPlatform
[2016.05.02-22.52.14:640][  0]LogTemp:Display: Loaded TP HTML5TargetPlatform
[2016.05.02-22.52.14:654][  0]LogTemp:Display: Loaded TP IOSTargetPlatform
[2016.05.02-22.52.14:656][  0]LogTemp:Display: Loaded TP TVOSTargetPlatform
[2016.05.02-22.52.14:658][  0]LogTemp:Display: Loaded TP LinuxNoEditorTargetPlatform
[2016.05.02-22.52.14:661][  0]LogTemp:Display: Loaded TP LinuxServerTargetPlatform
[2016.05.02-22.52.14:664][  0]LogTemp:Display: Loaded TP LinuxTargetPlatform
[2016.05.02-22.52.14:664][  0]LogTargetPlatformManager:Display: Building Assets For Windows
[2016.05.02-22.52.14:704][  0]LogDerivedDataCache:Display: Max Cache Size: 512 MB
[2016.05.02-22.52.14:742][  0]LogDerivedDataCache: Loaded boot cache 0.04s 46MB C:/Users/Students/AppData/Local/UnrealEngine/4.11/DerivedDataCache/Boot.ddc.
[2016.05.02-22.52.14:742][  0]LogDerivedDataCache:Display: Loaded Boot cache: C:/Users/Students/AppData/Local/UnrealEngine/4.11/DerivedDataCache/Boot.ddc
[2016.05.02-22.52.14:742][  0]LogDerivedDataCache: FDerivedDataBackendGraph:  Pak pak cache file C:/Users/Students/Documents/Unreal Projects/MyProject3/DerivedDataCache/DDC.ddp not found, will not use a pak cache.
[2016.05.02-22.52.14:742][  0]LogDerivedDataCache: Unable to find inner node Pak for hierarchical cache Hierarchy.
[2016.05.02-22.52.14:742][  0]LogDerivedDataCache: FDerivedDataBackendGraph:  CompressedPak pak cache file C:/Users/Students/Documents/Unreal Projects/MyProject3/DerivedDataCache/Compressed.ddp not found, will not use a pak cache.
[2016.05.02-22.52.14:742][  0]LogDerivedDataCache: Unable to find inner node CompressedPak for hierarchical cache Hierarchy.
[2016.05.02-22.52.14:754][  0]LogDerivedDataCache:Display: Pak cache opened for reading ../../../Engine/DerivedDataCache/Compressed.ddp.
[2016.05.02-22.52.14:766][  0]LogDerivedDataCache: Using Local data cache path C:/Users/Students/AppData/Local/UnrealEngine/Common/DerivedDataCache: Writable
[2016.05.02-22.52.14:883][  0]LogInit: Selected Device Profile: [Windows]
[2016.05.02-22.52.14:883][  0]LogContentStreaming: Texture pool size is 0.00 MB
[2016.05.02-22.52.14:908][  0]LogMaterial: Uniform references updated for custom material expression Custom.
[2016.05.02-22.52.14:998][  0]LogMeshUtilities: No automatic mesh reduction module available
[2016.05.02-22.52.14:998][  0]LogMeshUtilities: No automatic mesh merging module available
[2016.05.02-22.52.14:998][  0]LogMeshUtilities: No distributed automatic mesh merging module available
[2016.05.02-22.52.15:151][  0]LogUObjectArray: 27679 objects as part of root set at end of initial load.
[2016.05.02-22.52.15:151][  0]LogUObjectAllocator: 5591600 out of 0 bytes used by permanent object pool.
[2016.05.02-22.52.15:151][  0]LogUObjectArray: CloseDisregardForGC: 0/0 objects in disregard for GC pool
[2016.05.02-22.52.15:154][  0]LogInit: WinSock: version 1.1 (2.2), MaxSocks=32767, MaxUdp=65467
[2016.05.02-22.52.15:201][  0]LogSlate: SlateFontCache - WITH_FREETYPE: 1, WITH_HARFBUZZ: 1
[2016.05.02-22.52.15:202][  0]LogSlate: SlateFontCache - WITH_FREETYPE: 1, WITH_HARFBUZZ: 1
[2016.05.02-22.52.15:273][  0]LogStreaming:Warning: Failed to read file '../../../Engine/Content/Editor/Slate/Common/Selection_16x.png' error.
[2016.05.02-22.52.15:273][  0]LogSlate: Could not find file for Slate resource: ../../../Engine/Content/Editor/Slate/Common/Selection_16x.png
[2016.05.02-22.52.15:273][  0]LogStreaming:Warning: Failed to read file '../../../Engine/Content/Editor/Slate/Common/Selection_16x.png' error.
[2016.05.02-22.52.15:273][  0]LogSlate: Could not find file for Slate resource: ../../../Engine/Content/Editor/Slate/Common/Selection_16x.png
[2016.05.02-22.52.15:273][  0]LogStreaming:Warning: Failed to read file '../../../Engine/Content/Editor/Slate/Common/Selection_16x.png' error.
[2016.05.02-22.52.15:273][  0]LogSlate: Could not find file for Slate resource: ../../../Engine/Content/Editor/Slate/Common/Selection_16x.png
[2016.05.02-22.52.15:674][  0]LogUdpMessaging: Initializing bridge on interface 0.0.0.0:0 to multicast group 230.0.0.1:6666.
[2016.05.02-22.52.15:789][  0]LogAssetRegistry: FAssetRegistry took 0.0220 seconds to start up
[2016.05.02-22.52.15:879][  0]SourceControl: Info Source control is disabled
[2016.05.02-22.52.15:885][  0]SourceControl: Info Source control is disabled
[2016.05.02-22.52.15:889][  0]SourceControl: Info Source control is disabled
[2016.05.02-22.52.15:892][  0]SourceControl: Info Source control is disabled
[2016.05.02-22.52.15:948][  0]LogHMD: Failed to initialize OpenVR with code 110
[2016.05.02-22.52.15:997][  0]LogEngine: Initializing Engine...
[2016.05.02-22.52.16:101][  0]LogAIModule: Creating AISystem for world NewWorld
[2016.05.02-22.52.16:104][  0]LogInit: XAudio2 using 'Speakers (Realtek High Definition Audio)' : 2 channels at 48 kHz using 32 bits per sample (channel mask 0x3)
[2016.05.02-22.52.16:130][  0]LogInit: FAudioDevice initialized.
[2016.05.02-22.52.16:150][  0]LogDerivedDataCache: Saved boot cache 0.02s 46MB C:/Users/Students/AppData/Local/UnrealEngine/4.11/DerivedDataCache/Boot.ddc.
[2016.05.02-22.52.16:154][  0]LogInit: Texture streaming: Enabled
[2016.05.02-22.52.16:168][  0]LogInit: Transaction tracking system initialized
[2016.05.02-22.52.16:178][  0]BlueprintLog: New page: Editor Load
[2016.05.02-22.52.16:215][  0]LocalizationService: Info Localization service is disabled
[2016.05.02-22.52.16:254][  0]LogConsoleResponse:Display: 
[2016.05.02-22.52.16:324][  0]LogCook:Display: Max memory allowance for cook 8192mb
[2016.05.02-22.52.16:324][  0]LogCook:Display: Mobile HDR setting 1
[2016.05.02-22.52.16:324][  0]LogCook:Display: Done creating registry. It took  0.00s.
[2016.05.02-22.52.16:348][  0]LogFileCache: Scanning file cache for directory 'C:/Users/Students/Documents/Unreal Projects/MyProject3/Content/' took 0.01s
[2016.05.02-22.52.16:348][  0]SourceControl: Info Source control is disabled
[2016.05.02-22.52.16:348][  0]Cmd: MAP LOAD FILE="C:/Users/Students/Documents/Unreal Projects/MyProject3/Content/Runner.umap" TEMPLATE=0 SHOWPROGRESS=1 FEATURELEVEL=3
[2016.05.02-22.52.16:349][  0]LightingResults: New page: Lighting Build
[2016.05.02-22.52.16:350][  0]MapCheck: New page: Map Check
[2016.05.02-22.52.16:350][  0]LightingResults: New page: Lighting Build
[2016.05.02-22.52.16:755][  0]LogAIModule: Creating AISystem for world Runner
[2016.05.02-22.52.16:760][  0]LogEditorServer: Finished looking for orphan Actors (0.000 secs)
[2016.05.02-22.52.16:760][  0]Cmd: MAP CHECKDEP NOCLEARLOG
[2016.05.02-22.52.16:788][  0]MapCheck: Info Map check complete: 0 Error(s), 0 Warning(s), took 27.92ms to complete.
[2016.05.02-22.52.16:788][  0]LogFileHelpers: Loading map 'Runner' took 0.440
[2016.05.02-22.52.16:873][  0]LogCollectionManager: Loaded 0 collections in 0.000658 seconds
[2016.05.02-22.52.16:910][  0]LogFileCache: Scanning file cache for directory 'C:/Users/Students/Documents/Unreal Projects/MyProject3/Saved/Collections/' took 0.01s
[2016.05.02-22.52.16:910][  0]LogFileCache: Scanning file cache for directory 'C:/Users/Students/Documents/Unreal Projects/MyProject3/Content/Developers/Students/Collections/' took 0.01s
[2016.05.02-22.52.16:910][  0]LogFileCache: Scanning file cache for directory 'C:/Users/Students/Documents/Unreal Projects/MyProject3/Content/Collections/' took 0.01s
[2016.05.02-22.52.16:910][  0]LogCollectionManager: Rebuilt the GUID cache for 0 collections in 0.000002 seconds
[2016.05.02-22.52.16:916][  0]LogContentBrowser: Native class hierarchy populated in 0.0060 seconds. Added 1996 classes and 351 folders.
[2016.05.02-22.52.16:919][  0]LogStats: UGameplayTagsManager::ConstructGameplayTagTree: Construct from data asset -  0.000 s
[2016.05.02-22.52.16:919][  0]LogStats: UGameplayTagsManager::ConstructGameplayTagTree: GameplayTagTreeChangedEvent.Broadcast -  0.000 s
[2016.05.02-22.52.16:919][  0]LogContentBrowser: Native class hierarchy updated for 'GameplayTags' in 0.0003 seconds. Added 12 classes and 0 folders.
[2016.05.02-22.52.16:921][  0]LogContentBrowser: Native class hierarchy updated for 'WidgetCarousel' in 0.0002 seconds. Added 0 classes and 0 folders.
[2016.05.02-22.52.16:924][  0]LogContentBrowser: Native class hierarchy updated for 'SuperSearch' in 0.0002 seconds. Added 1 classes and 2 folders.
[2016.05.02-22.52.16:950][  0]LogContentBrowser: Native class hierarchy updated for 'AddContentDialog' in 0.0003 seconds. Added 0 classes and 0 folders.
[2016.05.02-22.52.16:952][  0]LogContentBrowser: Native class hierarchy updated for 'SceneOutliner' in 0.0002 seconds. Added 1 classes and 2 folders.
[2016.05.02-22.52.16:967][  0]LogCrashTracker: Crashtracker disabled due to settings.
[2016.05.02-22.52.16:970][  0]LogUObjectGlobals:Warning: Failed to find object 'Class None.'
[2016.05.02-22.52.16:994][  0]LogContentBrowser: Native class hierarchy updated for 'HierarchicalLODOutliner' in 0.0003 seconds. Added 1 classes and 2 folders.
[2016.05.02-22.52.16:994][  0]LogLoad: Full Startup: 4.06 seconds (BP compile: 0.10 seconds)
[2016.05.02-22.52.16:994][  0]LogExternalProfiler: Found external profiler: VSPerf
[2016.05.02-22.52.16:994][  0]LogExternalProfiler: Using external profiler: VSPerf
[2016.05.02-22.52.17:011][  0]LogWindowsTextInputMethodSystem:Display: IME system now deactivated.
[2016.05.02-22.52.17:012][  0]LogOcInput: OculusInput pre-init called
[2016.05.02-22.52.17:013][  0]LogOcInput: Can't find Oculus library dev build: is proper Runtime installed? Version: 1.3.0
[2016.05.02-22.52.17:026][  0]LogAssetRegistry: Asset discovery search completed in 1.2588 seconds
[2016.05.02-22.52.17:026][  0]LogCollectionManager: Rebuilt the object cache for 0 collections in 0.000001 seconds (found 0 objects)
[2016.05.02-22.52.17:026][  0]LogCollectionManager: Fixed up redirectors for 0 collections in 0.000013 seconds (updated 0 objects)
[2016.05.02-22.52.17:043][  0]LogContentStreaming: Texture pool size now 1000 MB
[2016.05.02-22.52.17:161][  0]LogRenderer: Reallocating scene render targets to support 1616x892 (Frame:2).
[2016.05.02-22.52.17:207][  1]LogLinker:Warning: Can't find file '/Game/UE4_Mannequin/Mesh/UE4_Mannequin'
[2016.05.02-22.52.17:207][  1]LogLinker:Warning: Can't find file '/Game/UE4_Mannequin/Mesh/UE4_Mannequin'
[2016.05.02-22.52.17:207][  1]LogUObjectGlobals:Warning: Failed to find object 'SkeletalMesh /Game/UE4_Mannequin/Mesh/UE4_Mannequin.UE4_Mannequin'
[2016.05.02-22.52.26:887][573]LogBlueprint:Warning: [compiler RunGameMode] Warning 'ReturnValue' is already a 'BP Floor Tile', you don't need  Cast To BP_FloorTile .
[2016.05.02-22.52.26:888][573]LogBlueprint:Warning: [compiler RunGameMode] Warning [0013.95] Compile of RunGameMode successful, but with 1 Warning(s) [in 2 ms]
[2016.05.02-22.52.26:888][573]LogBlueprint:Warning: [compiler RunGameMode] Warning [0013.95] Compile of RunGameMode successful, but with 2 Warning(s) [in 0 ms]
[2016.05.02-22.52.26:888][573]LogBlueprint:Warning: [compiler RunGameMode] Warning [0013.95] Compile of RunGameMode successful, but with 3 Warning(s) [in 0 ms]
[2016.05.02-22.52.26:895][573]LogBlueprint:Warning: [compiler RunGameMode] Warning 'ReturnValue' is already a 'BP Floor Tile', you don't need  Cast To BP_FloorTile .
[2016.05.02-22.52.26:895][573]LogBlueprint:Warning: [compiler RunGameMode] Warning [0013.96] Compile of RunGameMode successful, but with 1 Warning(s) [in 2 ms]
[2016.05.02-22.52.26:895][573]LogBlueprint:Warning: [compiler RunGameMode] Warning [0013.96] Compile of RunGameMode successful, but with 2 Warning(s) [in 0 ms]
[2016.05.02-22.52.26:896][573]LogBlueprint:Warning: [compiler RunGameMode] Warning [0013.96] Compile of RunGameMode successful, but with 3 Warning(s) [in 0 ms]
[2016.05.02-22.52.34:787][ 46]LogEditorViewport: Clicking on Actor (LMB): BP_Sky_Sphere_C (Sky Sphere)
[2016.05.02-22.52.37:194][187]LogPlayLevel: PlayLevel: No blueprints needed recompiling
[2016.05.02-22.52.37:194][187]PIE: New page: PIE session: Runner (May 2, 2016, 11:52:37 AM)
[2016.05.02-22.52.37:195][187]LogPlayLevel: Creating play world package: /Game/UEDPIE_0_Runner
[2016.05.02-22.52.37:197][187]LogPlayLevel: PIE: StaticDuplicateObject took: (0.002121s)
[2016.05.02-22.52.37:197][187]LogAIModule: Creating AISystem for world Runner
[2016.05.02-22.52.37:197][187]LogPlayLevel: PIE: World Init took: (0.000559s)
[2016.05.02-22.52.37:197][187]LogPlayLevel: PIE: Created PIE world by copying editor world from /Game/Runner.Runner to /Game/UEDPIE_0_Runner.Runner (0.002877s)
[2016.05.02-22.52.37:197][187]LogActorComponent: UnregisterComponent: (/Engine/Transient.CharMoveComp) Not registered. Aborting.
[2016.05.02-22.52.37:197][187]LogActorComponent: UnregisterComponent: (/Engine/Transient.KinectInterfaceComponent_4) Not registered. Aborting.
[2016.05.02-22.52.37:237][187]LogInit: XAudio2 using 'Speakers (Realtek High Definition Audio)' : 2 channels at 48 kHz using 32 bits per sample (channel mask 0x3)
[2016.05.02-22.52.37:247][187]LogInit: FAudioDevice initialized.
[2016.05.02-22.52.37:290][187]LogWorld: Game class is 'RunGameMode_C'
[2016.05.02-22.52.37:293][187]LogWorld: Bringing World /Game/UEDPIE_0_Runner.Runner up for play (max tick rate 60) at 2016.05.02-17.52.37
[2016.05.02-22.52.37:332][187]LogWorld: Bringing up level for play took: 0.040475
[2016.05.02-22.52.37:335][187]LogContentBrowser: Native class hierarchy updated for 'MovieSceneCapture' in 0.0004 seconds. Added 9 classes and 0 folders.
[2016.05.02-22.52.37:344][187]PIE: Info Play in editor start time for /Game/UEDPIE_0_Runner -0.363
[2016.05.02-22.52.42:115][464]LogWindowsTextInputMethodSystem:Display: IME system now deactivated.
[2016.05.02-22.52.42:298][465]Cmd: QUIT_EDITOR
[2016.05.02-22.52.43:206][465]LogExit: Preparing to exit.
[2016.05.02-22.52.43:812][465]LogExit: Editor shut down
[2016.05.02-22.52.43:812][465]LogExit: Transaction tracking system shut down
[2016.05.02-22.52.43:894][465]LogObj: Freed 0b from 0 cluster array pools.
[2016.05.02-22.52.43:894][465]LogExit: Object subsystem successfully closed.
[2016.05.02-22.52.43:904][465]LogD3D11RHI: Shutdown
[2016.05.02-22.52.43:904][465]LogD3D11RHI: CleanupD3DDevice
[2016.05.02-22.52.43:947][465]LogD3D11RHI: ~FD3D11DynamicRHI
[2016.05.02-22.52.44:273][465]LogDerivedDataCache: Shutdown
[2016.05.02-22.52.44:273][465]LogModuleManager: Shutting down and abandoning module MovieSceneCapture (207)
[2016.05.02-22.52.44:273][465]LogModuleManager: Shutting down and abandoning module ExternalImagePicker (206)
[2016.05.02-22.52.44:273][465]LogModuleManager: Shutting down and abandoning module HierarchicalLODOutliner (205)
[2016.05.02-22.52.44:273][465]LogModuleManager: Shutting down and abandoning module CrashTracker (204)
[2016.05.02-22.52.44:273][465]LogModuleManager: Shutting down and abandoning module SceneOutliner (203)
[2016.05.02-22.52.44:273][465]LogModuleManager: Shutting down and abandoning module SuperSearch (202)
[2016.05.02-22.52.44:273][465]LogModuleManager: Shutting down and abandoning module WidgetCarousel (201)
[2016.05.02-22.52.44:273][465]LogModuleManager: Shutting down and abandoning module AddContentDialog (200)
[2016.05.02-22.52.44:274][465]LogModuleManager: Shutting down and abandoning module GameplayTags (199)
[2016.05.02-22.52.44:274][465]LogModuleManager: Shutting down and abandoning module EditorWidgets (198)
[2016.05.02-22.52.44:274][465]LogModuleManager: Shutting down and abandoning module CollectionManager (197)
[2016.05.02-22.52.44:274][465]LogModuleManager: Shutting down and abandoning module StatsViewer (196)
[2016.05.02-22.52.44:274][465]LogModuleManager: Shutting down and abandoning module FoliageEdit (195)
[2016.05.02-22.52.44:274][465]LogModuleManager: Shutting down and abandoning module LandscapeEditor (194)
[2016.05.02-22.52.44:274][465]LogModuleManager: Shutting down and abandoning module ActorPickerMode (193)
[2016.05.02-22.52.44:274][465]LogModuleManager: Shutting down and abandoning module GeometryMode (192)
[2016.05.02-22.52.44:274][465]LogModuleManager: Shutting down and abandoning module TextureAlignMode (191)
[2016.05.02-22.52.44:274][465]LogModuleManager: Shutting down and abandoning module BspMode (190)
[2016.05.02-22.52.44:274][465]LogModuleManager: Shutting down and abandoning module PlacementMode (189)
[2016.05.02-22.52.44:274][465]LogModuleManager: Shutting down and abandoning module AutomationWorker (188)
[2016.05.02-22.52.44:274][465]LogModuleManager: Shutting down and abandoning module CharacterAI (187)
[2016.05.02-22.52.44:274][465]LogModuleManager: Shutting down and abandoning module SmartSnapping (186)
[2016.05.02-22.52.44:274][465]LogModuleManager: Shutting down and abandoning module ViewportSnapping (185)
[2016.05.02-22.52.44:274][465]LogModuleManager: Shutting down and abandoning module LogVisualizer (184)
[2016.05.02-22.52.44:274][465]LogModuleManager: Shutting down and abandoning module GameProjectGeneration (183)
[2016.05.02-22.52.44:274][465]LogModuleManager: Shutting down and abandoning module IntroTutorials (182)
[2016.05.02-22.52.44:275][465]LogModuleManager: Shutting down and abandoning module EditorLiveStreaming (181)
[2016.05.02-22.52.44:275][465]LogModuleManager: Shutting down and abandoning module IOSPlatformEditor (180)
[2016.05.02-22.52.44:275][465]LogModuleManager: Shutting down and abandoning module HTML5PlatformEditor (179)
[2016.05.02-22.52.44:275][465]LogModuleManager: Shutting down and abandoning module AndroidDeviceDetection (178)
[2016.05.02-22.52.45:239][465]LogModuleManager: Shutting down and abandoning module AndroidPlatformEditor (177)
[2016.05.02-22.52.45:239][465]LogModuleManager: Shutting down and abandoning module IOSRuntimeSettings (176)
[2016.05.02-22.52.45:239][465]LogModuleManager: Shutting down and abandoning module AndroidRuntimeSettings (175)
[2016.05.02-22.52.45:239][465]LogModuleManager: Shutting down and abandoning module MergeActors (174)
[2016.05.02-22.52.45:239][465]LogModuleManager: Shutting down and abandoning module SizeMap (173)
[2016.05.02-22.52.45:239][465]LogModuleManager: Shutting down and abandoning module TreeMap (172)
[2016.05.02-22.52.45:239][465]LogModuleManager: Shutting down and abandoning module ReferenceViewer (171)
[2016.05.02-22.52.45:239][465]LogModuleManager: Shutting down and abandoning module LocalizationService (170)
[2016.05.02-22.52.45:239][465]LogModuleManager: Shutting down and abandoning module LocalizationDashboard (169)
[2016.05.02-22.52.45:239][465]LogModuleManager: Shutting down and abandoning module HardwareTargeting (168)
[2016.05.02-22.52.45:239][465]LogModuleManager: Shutting down and abandoning module DeviceProfileEditor (167)
[2016.05.02-22.52.45:239][465]LogModuleManager: Shutting down and abandoning module UndoHistory (166)
[2016.05.02-22.52.45:239][465]LogModuleManager: Shutting down and abandoning module UserFeedback (165)
[2016.05.02-22.52.45:239][465]LogModuleManager: Shutting down and abandoning module XmlParser (164)
[2016.05.02-22.52.45:239][465]LogModuleManager: Shutting down and abandoning module Blutility (163)
[2016.05.02-22.52.45:239][465]LogModuleManager: Shutting down and abandoning module ProjectTargetPlatformEditor (162)
[2016.05.02-22.52.45:239][465]LogModuleManager: Shutting down and abandoning module ProjectSettingsViewer (161)
[2016.05.02-22.52.45:239][465]LogModuleManager: Shutting down and abandoning module InputBindingEditor (160)
[2016.05.02-22.52.45:239][465]LogModuleManager: Shutting down and abandoning module EditorSettingsViewer (159)
[2016.05.02-22.52.45:239][465]LogModuleManager: Shutting down and abandoning module SettingsEditor (158)
[2016.05.02-22.52.45:239][465]LogModuleManager: Shutting down and abandoning module ProjectLauncher (157)
[2016.05.02-22.52.45:239][465]LogModuleManager: Shutting down and abandoning module SessionFrontend (156)
[2016.05.02-22.52.45:239][465]LogModuleManager: Shutting down and abandoning module ProfilerClient (155)
[2016.05.02-22.52.45:239][465]LogModuleManager: Shutting down and abandoning module TargetDeviceServices (154)
[2016.05.02-22.52.45:239][465]LogModuleManager: Shutting down and abandoning module DeviceManager (153)
[2016.05.02-22.52.45:273][465]LogModuleManager: Shutting down and abandoning module AutomationController (152)
[2016.05.02-22.52.45:273][465]LogModuleManager: Shutting down and abandoning module AutomationWindow (151)
[2016.05.02-22.52.45:273][465]LogModuleManager: Shutting down and abandoning module Layers (150)
[2016.05.02-22.52.45:273][465]LogModuleManager: Shutting down and abandoning module ComponentVisualizers (149)
[2016.05.02-22.52.45:273][465]LogModuleManager: Shutting down and abandoning module DetailCustomizations (148)
[2016.05.02-22.52.45:273][465]LogModuleManager: Shutting down and abandoning module PackagesDialog (147)
[2016.05.02-22.52.45:273][465]LogModuleManager: Shutting down and abandoning module Persona (146)
[2016.05.02-22.52.45:273][465]LogModuleManager: Shutting down and abandoning module Kismet (145)
[2016.05.02-22.52.45:273][465]LogModuleManager: Shutting down and abandoning module GraphEditor (144)
[2016.05.02-22.52.45:273][465]LogModuleManager: Shutting down and abandoning module ClassViewer (143)
[2016.05.02-22.52.45:273][465]LogModuleManager: Shutting down and abandoning module Toolbox (142)
[2016.05.02-22.52.45:273][465]LogModuleManager: Shutting down and abandoning module ModuleUI (141)
[2016.05.02-22.52.45:273][465]LogModuleManager: Shutting down and abandoning module MovieSceneTools (140)
[2016.05.02-22.52.45:273][465]LogModuleManager: Shutting down and abandoning module OutputLog (139)
[2016.05.02-22.52.45:273][465]LogModuleManager: Shutting down and abandoning module GammaUI (138)
[2016.05.02-22.52.45:273][465]LogModuleManager: Shutting down and abandoning module Documentation (137)
[2016.05.02-22.52.45:273][465]LogModuleManager: Shutting down and abandoning module StreamingPauseRendering (136)
[2016.05.02-22.52.45:273][465]LogModuleManager: Shutting down and abandoning module AnalyticsET (135)
[2016.05.02-22.52.45:273][465]LogModuleManager: Shutting down and abandoning module Analytics (134)
[2016.05.02-22.52.45:273][465]LogModuleManager: Shutting down and abandoning module PortalServices (133)
[2016.05.02-22.52.45:273][465]LogModuleManager: Shutting down and abandoning module PortalRpc (132)
[2016.05.02-22.52.45:273][465]LogModuleManager: Shutting down and abandoning module MessagingRpc (131)
[2016.05.02-22.52.45:273][465]LogModuleManager: Shutting down and abandoning module AITestSuite (130)
[2016.05.02-22.52.45:273][465]LogModuleManager: Shutting down and abandoning module GameplayDebugger (129)
[2016.05.02-22.52.45:273][465]LogModuleManager: Shutting down and abandoning module AIModule (128)
[2016.05.02-22.52.45:273][465]LogModuleManager: Shutting down and abandoning module ProfilerService (127)
[2016.05.02-22.52.45:487][465]LogModuleManager: Shutting down and abandoning module TaskGraph (126)
[2016.05.02-22.52.45:487][465]LogModuleManager: Shutting down and abandoning module SlateRemote (125)
[2016.05.02-22.52.45:487][465]LogModuleManager: Shutting down and abandoning module SteamVRController (124)
[2016.05.02-22.52.45:487][465]LogModuleManager: Shutting down and abandoning module SteamVR (123)
[2016.05.02-22.52.45:487][465]LogModuleManager: Shutting down and abandoning module ProceduralMeshComponent (122)
[2016.05.02-22.52.45:487][465]LogModuleManager: Shutting down and abandoning module OculusLibrary (121)
[2016.05.02-22.52.45:487][465]LogModuleManager: Shutting down and abandoning module OculusInput (120)
[2016.05.02-22.52.45:487][465]LogModuleManager: Shutting down and abandoning module CustomMeshComponent (119)
[2016.05.02-22.52.45:487][465]LogModuleManager: Shutting down and abandoning module CableComponent (118)
[2016.05.02-22.52.45:487][465]LogModuleManager: Shutting down and abandoning module ArchVisCharacter (117)
[2016.05.02-22.52.45:487][465]LogModuleManager: Shutting down and abandoning module MediaPlayerEditor (116)
[2016.05.02-22.52.45:487][465]LogModuleManager: Shutting down and abandoning module HTML5Networking (115)
[2016.05.02-22.52.45:487][465]LogModuleManager: Shutting down and abandoning module SpeedTreeImporter (114)
[2016.05.02-22.52.45:487][465]LogModuleManager: Shutting down and abandoning module PluginBrowser (113)
[2016.05.02-22.52.45:487][465]LogModuleManager: Shutting down and abandoning module EpicSurvey (112)
[2016.05.02-22.52.45:487][465]LogModuleManager: Shutting down and abandoning module DesktopPlatform (111)
[2016.05.02-22.52.45:487][465]LogModuleManager: Shutting down and abandoning module VisualStudioSourceCodeAccess (110)
[2016.05.02-22.52.45:487][465]LogModuleManager: Shutting down and abandoning module UObjectPlugin (109)
[2016.05.02-22.52.45:488][465]LogModuleManager: Shutting down and abandoning module SubversionSourceControl (108)
[2016.05.02-22.52.45:488][465]LogModuleManager: Shutting down and abandoning module PerforceSourceControl (107)
[2016.05.02-22.52.45:488][465]LogModuleManager: Shutting down and abandoning module SourceControl (106)
[2016.05.02-22.52.45:488][465]LogModuleManager: Shutting down and abandoning module GitSourceControl (105)
[2016.05.02-22.52.45:488][465]LogModuleManager: Shutting down and abandoning module LightPropagationVolumeEditor (104)
[2016.05.02-22.52.45:488][465]LogModuleManager: Shutting down and abandoning module PaperTiledImporter (103)
[2016.05.02-22.52.45:488][465]LogModuleManager: Shutting down and abandoning module PaperSpriteSheetImporter (102)
[2016.05.02-22.52.45:488][465]LogModuleManager: Shutting down and abandoning module MeshPaint (101)
[2016.05.02-22.52.45:488][465]LogModuleManager: Shutting down and abandoning module HotReload (100)
[2016.05.02-22.52.45:488][465]LogModuleManager: Shutting down and abandoning module MainFrame (99)
[2016.05.02-22.52.45:488][465]LogModuleManager: Shutting down and abandoning module LevelEditor (98)
[2016.05.02-22.52.45:488][465]LogModuleManager: Shutting down and abandoning module DirectoryWatcher (97)
[2016.05.02-22.52.45:489][465]LogModuleManager: Shutting down and abandoning module AssetRegistry (96)
[2016.05.02-22.52.45:643][465]LogModuleManager: Shutting down and abandoning module ContentBrowser (95)
[2016.05.02-22.52.45:644][465]LogModuleManager: Shutting down and abandoning module Paper2DEditor (94)
[2016.05.02-22.52.45:644][465]LogModuleManager: Shutting down and abandoning module Kinect4Unreal (93)
[2016.05.02-22.52.45:644][465]LogModuleManager: Shutting down and abandoning module UdpMessaging (92)
[2016.05.02-22.52.45:745][465]LogModuleManager: Shutting down and abandoning module LightPropagationVolumeRuntime (91)
[2016.05.02-22.52.45:745][465]LogModuleManager: Shutting down and abandoning module Paper2D (90)
[2016.05.02-22.52.45:745][465]LogModuleManager: Shutting down and abandoning module WindowsMoviePlayer (89)
[2016.05.02-22.52.45:745][465]LogModuleManager: Shutting down and abandoning module Media (88)
[2016.05.02-22.52.45:745][465]LogModuleManager: Shutting down and abandoning module WmfMedia (87)
[2016.05.02-22.52.45:745][465]LogModuleManager: Shutting down and abandoning module MediaAssets (86)
[2016.05.02-22.52.45:745][465]LogModuleManager: Shutting down and abandoning module GameLiveStreaming (85)
[2016.05.02-22.52.45:745][465]LogModuleManager: Shutting down and abandoning module GameplayTagsEditor (84)
[2016.05.02-22.52.45:745][465]LogModuleManager: Shutting down and abandoning module OnlineBlueprintSupport (83)
[2016.05.02-22.52.45:745][465]LogModuleManager: Shutting down and abandoning module GameplayTasksEditor (82)
[2016.05.02-22.52.45:745][465]LogModuleManager: Shutting down and abandoning module PropertyEditor (81)
[2016.05.02-22.52.45:745][465]LogModuleManager: Shutting down and abandoning module BehaviorTreeEditor (80)
[2016.05.02-22.52.45:745][465]LogModuleManager: Shutting down and abandoning module FunctionalTesting (79)
[2016.05.02-22.52.45:745][465]LogModuleManager: Shutting down and abandoning module CollisionAnalyzer (78)
[2016.05.02-22.52.45:745][465]LogModuleManager: Shutting down and abandoning module WorkspaceMenuStructure (77)
[2016.05.02-22.52.45:745][465]LogModuleManager: Shutting down and abandoning module MessageLog (76)
[2016.05.02-22.52.45:745][465]LogModuleManager: Shutting down and abandoning module Sequencer (75)
[2016.05.02-22.52.45:745][465]LogModuleManager: Shutting down and abandoning module AssetTools (74)
[2016.05.02-22.52.45:745][465]LogModuleManager: Shutting down and abandoning module UMGEditor (73)
[2016.05.02-22.52.45:745][465]LogModuleManager: Shutting down and abandoning module UMG (72)
[2016.05.02-22.52.45:745][465]LogModuleManager: Shutting down and abandoning module SlateReflector (71)
[2016.05.02-22.52.45:745][465]LogModuleManager: Shutting down and abandoning module Slate (70)
[2016.05.02-22.52.45:745][465]LogModuleManager: Shutting down and abandoning module EditorStyle (69)
[2016.05.02-22.52.45:746][465]LogModuleManager: Shutting down and abandoning module SessionServices (68)
[2016.05.02-22.52.45:746][465]LogModuleManager: Shutting down and abandoning module SourceCodeAccess (67)
[2016.05.02-22.52.45:746][465]LogModuleManager: Shutting down and abandoning module HeadMountedDisplay (66)
[2016.05.02-22.52.45:746][465]LogModuleManager: Shutting down and abandoning module XAudio2 (65)
[2016.05.02-22.52.45:746][465]LogModuleManager: Shutting down and abandoning module Networking (63)
[2016.05.02-22.52.45:746][465]LogModuleManager: Shutting down and abandoning module Core (62)
[2016.05.02-22.52.45:746][465]LogModuleManager: Shutting down and abandoning module KismetCompiler (61)
[2016.05.02-22.52.45:746][465]LogModuleManager: Shutting down and abandoning module PhysXFormats (60)
[2016.05.02-22.52.45:746][465]LogModuleManager: Shutting down and abandoning module MeshUtilities (59)
[2016.05.02-22.52.45:746][465]LogModuleManager: Shutting down and abandoning module CookingStats (58)
[2016.05.02-22.52.45:746][465]LogModuleManager: Shutting down and abandoning module DerivedDataCache (57)
[2016.05.02-22.52.45:746][465]LogDerivedDataCache: Shutdown
[2016.05.02-22.52.45:746][465]LogModuleManager: Shutting down and abandoning module ShaderFormatOpenGL (56)
[2016.05.02-22.52.45:746][465]LogModuleManager: Shutting down and abandoning module ShaderFormatD3D (55)
[2016.05.02-22.52.45:747][465]LogModuleManager: Shutting down and abandoning module MetalShaderFormat (54)
[2016.05.02-22.52.45:747][465]LogModuleManager: Shutting down and abandoning module TextureFormatUncompressed (53)
[2016.05.02-22.52.45:747][465]LogModuleManager: Shutting down and abandoning module TextureFormatPVR (52)
[2016.05.02-22.52.45:747][465]LogModuleManager: Shutting down and abandoning module TextureFormatIntelISPCTexComp (51)
[2016.05.02-22.52.45:747][465]LogModuleManager: Shutting down and abandoning module TextureFormatDXT (50)
[2016.05.02-22.52.45:747][465]LogModuleManager: Shutting down and abandoning module ImageWrapper (49)
[2016.05.02-22.52.45:747][465]LogModuleManager: Shutting down and abandoning module TextureFormatASTC (48)
[2016.05.02-22.52.45:747][465]LogModuleManager: Shutting down and abandoning module TextureFormatAndroid (47)
[2016.05.02-22.52.45:747][465]LogModuleManager: Shutting down and abandoning module AudioFormatOpus (46)
[2016.05.02-22.52.45:747][465]LogModuleManager: Shutting down and abandoning module AudioFormatOgg (45)
[2016.05.02-22.52.45:747][465]LogModuleManager: Shutting down and abandoning module AudioFormatADPCM (44)
[2016.05.02-22.52.45:747][465]LogModuleManager: Shutting down and abandoning module LinuxTargetPlatform (43)
[2016.05.02-22.52.45:747][465]LogModuleManager: Shutting down and abandoning module LinuxServerTargetPlatform (42)
[2016.05.02-22.52.45:747][465]LogModuleManager: Shutting down and abandoning module LinuxNoEditorTargetPlatform (41)
[2016.05.02-22.52.45:747][465]LogModuleManager: Shutting down and abandoning module TVOSTargetPlatform (40)
[2016.05.02-22.52.45:747][465]LogModuleManager: Shutting down and abandoning module Messaging (39)
[2016.05.02-22.52.45:747][465]LogModuleManager: Shutting down and abandoning module IOSTargetPlatform (38)
[2016.05.02-22.52.45:747][465]LogModuleManager: Shutting down and abandoning module HTML5TargetPlatform (37)
[2016.05.02-22.52.45:747][465]LogModuleManager: Shutting down and abandoning module Android_PVRTCTargetPlatform (36)
[2016.05.02-22.52.45:747][465]LogModuleManager: Shutting down and abandoning module Android_MultiTargetPlatform (35)
[2016.05.02-22.52.45:747][465]LogModuleManager: Shutting down and abandoning module Android_ETC2TargetPlatform (34)
[2016.05.02-22.52.45:747][465]LogModuleManager: Shutting down and abandoning module Android_ETC1TargetPlatform (33)
[2016.05.02-22.52.45:747][465]LogModuleManager: Shutting down and abandoning module Android_DXTTargetPlatform (32)
[2016.05.02-22.52.45:747][465]LogModuleManager: Shutting down and abandoning module Android_ATCTargetPlatform (31)
[2016.05.02-22.52.45:747][465]LogModuleManager: Shutting down and abandoning module Android_ASTCTargetPlatform (30)
[2016.05.02-22.52.45:747][465]LogModuleManager: Shutting down and abandoning module AndroidTargetPlatform (29)
[2016.05.02-22.52.45:747][465]LogModuleManager: Shutting down and abandoning module WindowsTargetPlatform (28)
[2016.05.02-22.52.45:747][465]LogModuleManager: Shutting down and abandoning module WindowsServerTargetPlatform (27)
[2016.05.02-22.52.45:747][465]LogModuleManager: Shutting down and abandoning module WindowsNoEditorTargetPlatform (26)
[2016.05.02-22.52.45:747][465]LogModuleManager: Shutting down and abandoning module WindowsClientTargetPlatform (25)
[2016.05.02-22.52.45:747][465]LogModuleManager: Shutting down and abandoning module AllDesktopTargetPlatform (24)
[2016.05.02-22.52.45:747][465]LogModuleManager: Shutting down and abandoning module TargetPlatform (23)
[2016.05.02-22.52.45:747][465]LogModuleManager: Shutting down and abandoning module InputCore (22)
[2016.05.02-22.52.45:747][465]LogModuleManager: Shutting down and abandoning module Settings (21)
[2016.05.02-22.52.45:747][465]LogModuleManager: Shutting down and abandoning module OnlineSubsystem (19)
[2016.05.02-22.52.45:747][465]LogModuleManager: Shutting down and abandoning module HTTP (18)
[2016.05.02-22.52.47:750][465]LogModuleManager: Shutting down and abandoning module XMPP (17)
[2016.05.02-22.52.47:750][465]LogModuleManager: Shutting down and abandoning module OculusRift (16)
[2016.05.02-22.52.47:750][465]LogModuleManager: Shutting down and abandoning module ExampleDeviceProfileSelector (15)
[2016.05.02-22.52.47:750][465]LogModuleManager: Shutting down and abandoning module TextureCompressor (14)
[2016.05.02-22.52.47:750][465]LogModuleManager: Shutting down and abandoning module ShaderCore (13)
[2016.05.02-22.52.47:750][465]LogModuleManager: Shutting down and abandoning module Landscape (12)
[2016.05.02-22.52.47:750][465]LogModuleManager: Shutting down and abandoning module SlateRHIRenderer (11)
[2016.05.02-22.52.47:750][465]LogModuleManager: Shutting down and abandoning module OpenGLDrv (10)
[2016.05.02-22.52.47:750][465]LogModuleManager: Shutting down and abandoning module D3D11RHI (9)
[2016.05.02-22.52.47:750][465]LogModuleManager: Shutting down and abandoning module AnimGraphRuntime (8)
[2016.05.02-22.52.47:750][465]LogModuleManager: Shutting down and abandoning module Renderer (7)
[2016.05.02-22.52.47:750][465]LogModuleManager: Shutting down and abandoning module Engine (6)
[2016.05.02-22.52.47:750][465]LogModuleManager: Shutting down and abandoning module CoreUObject (5)
[2016.05.02-22.52.47:750][465]LogModuleManager: Shutting down and abandoning module NetworkFile (4)
[2016.05.02-22.52.47:750][465]LogModuleManager: Shutting down and abandoning module StreamingFile (3)
[2016.05.02-22.52.47:750][465]LogModuleManager: Shutting down and abandoning module SandboxFile (2)
[2016.05.02-22.52.47:750][465]LogModuleManager: Shutting down and abandoning module PakFile (1)
[2016.05.02-22.52.47:752][465]LogExit: Exiting.
[2016.05.02-22.52.47:753][465]Log file closed, 05/02/16 17:52:47
