Log file open, 05/02/16 15:15:16
LogInit:Display: Running engine for game: MyProject3
LogPlatformFile: Not using cached read wrapper
LogInit:Display: RandInit(-1247837972) SRandInit(-1247837971).
LogTaskGraph: Started task graph with 4 named threads and 7 total threads.
LogStats: Stats thread started at 0.062748
LogHMD: Can't find Oculus library dev build: is proper Runtime installed? Version: 1.3.0
LogInit: Version: 4.11.2-2946394+++UE4+Release-4.11
LogInit: API Version: 2927265
LogInit: Compiled (64-bit): Apr 18 2016 02:18:46
LogInit: Compiled with Visual C++: 19.00.23026.00
LogInit: Build Configuration: Development
LogInit: Branch Name: ++UE4+Release-4.11
LogInit: Command line:  
LogInit: Base directory: D:/Program Files/Epic Games/4.11/Engine/Binaries/Win64/
LogInit: Installed Engine Build: 1
LogInit: Using libcurl 7.41.0
LogInit:  - built for x86_64-pc-win32
LogInit:  - supports SSL with WinSSL
LogInit:  - other features:
LogInit:      CURL_VERSION_SSL
LogInit:      CURL_VERSION_IPV6
LogInit:      CURL_VERSION_ASYNCHDNS
LogInit:      CURL_VERSION_LARGEFILE
LogInit:      CURL_VERSION_IDN
LogInit:  CurlRequestOptions (configurable via config and command line):
LogInit:  - bVerifyPeer = true  - Libcurl will verify peer certificate
LogInit:  - bUseHttpProxy = false  - Libcurl will NOT use HTTP proxy
LogInit:  - bDontReuseConnections = false  - Libcurl will reuse connections
LogInit:  - CertBundlePath = nullptr  - Libcurl will use whatever was configured at build time.
LogInit: Presizing for max 16777216 objects, including 0 objects not considered by GC, pre-allocating 0 bytes for permanent pool.
LogInit: Object subsystem initialized
[2016.05.02-20.15.16:909][  0]LogInit: Selected Device Profile: [Windows]
[2016.05.02-20.15.16:909][  0]LogInit: Applying CVar settings loaded from the selected device profile: [Windows]
[2016.05.02-20.15.16:916][  0]LogInit: Computer: MSI-2
[2016.05.02-20.15.16:916][  0]LogInit: User: Students
[2016.05.02-20.15.16:916][  0]LogInit: CPU Page size=65536, Cores=4
[2016.05.02-20.15.16:916][  0]LogInit: High frequency timer resolution =2.728068 MHz
[2016.05.02-20.15.16:917][  0]LogMemory: Memory total: Physical=32.0GB (32GB approx)
[2016.05.02-20.15.16:917][  0]LogMemory: Platform Memory Stats for Windows
[2016.05.02-20.15.16:917][  0]LogMemory: Process Physical Memory: 313.15 MB used, 313.15 MB peak
[2016.05.02-20.15.16:917][  0]LogMemory: Process Virtual Memory: 315.06 MB used, 315.06 MB peak
[2016.05.02-20.15.16:917][  0]LogMemory: Physical Memory: 14911.17 MB used, 32720.83 MB total
[2016.05.02-20.15.16:917][  0]LogMemory: Virtual Memory: 653.23 MB used, 134217728.00 MB total
[2016.05.02-20.15.16:942][  0]LogTextLocalizationManager: No specific translations for ('en-US') exist, so ('en') translations will be used.
[2016.05.02-20.15.17:225][  0]LogD3D11RHI: D3D11 adapters:
[2016.05.02-20.15.17:249][  0]LogD3D11RHI:    0. 'NVIDIA GeForce GTX 980M' (Feature Level 11_0)
[2016.05.02-20.15.17:249][  0]LogD3D11RHI:       8093MB of dedicated video memory, 0MB of dedicated system memory, and 16360MB of shared system memory, 1 output[s]
[2016.05.02-20.15.17:250][  0]LogD3D11RHI:    1. 'Microsoft Basic Render Driver' (Feature Level 11_0)
[2016.05.02-20.15.17:250][  0]LogD3D11RHI:       0MB of dedicated video memory, 0MB of dedicated system memory, and 16360MB of shared system memory, 0 output[s]
[2016.05.02-20.15.17:250][  0]LogD3D11RHI: Chosen D3D11 Adapter: 0
[2016.05.02-20.15.17:255][  0]LogD3D11RHI: Creating new Direct3DDevice
[2016.05.02-20.15.17:255][  0]LogD3D11RHI:     Adapter Name: NVIDIA GeForce GTX 980M
[2016.05.02-20.15.17:255][  0]LogD3D11RHI:   Driver Version: 10.18.13.6472 (internal 10.18.13.6472)
[2016.05.02-20.15.17:255][  0]LogD3D11RHI:      Driver Date: 3-21-2016
[2016.05.02-20.15.17:255][  0]LogRHI: Texture pool is 1361 MB (70% of 1945 MB)
[2016.05.02-20.15.17:265][  0]LogD3D11RHI: Async texture creation enabled
[2016.05.02-20.15.17:273][  0]LogShaderCompilers: Guid format shader working directory is -6 characters bigger than the processId version (C:/Users/Students/Documents/Unreal Projects/MyProject3/Intermediate/Shaders/WorkingDirectory/47708/).
[2016.05.02-20.15.17:274][  0]LogShaderCompilers: Cleaned the shader compiler working directory 'C:/Users/Students/AppData/Local/Temp/UnrealShaderWorkingDir/15B709F248B43352328D569067BEAA33/'.
[2016.05.02-20.15.17:274][  0]LogShaderCompilers:Display: Using Local Shader Compiler.
[2016.05.02-20.15.18:032][  0]LogTemp:Display: Loaded TP AllDesktopTargetPlatform
[2016.05.02-20.15.18:035][  0]LogTemp:Display: Loaded TP WindowsClientTargetPlatform
[2016.05.02-20.15.18:038][  0]LogTemp:Display: Loaded TP WindowsNoEditorTargetPlatform
[2016.05.02-20.15.18:040][  0]LogTemp:Display: Loaded TP WindowsServerTargetPlatform
[2016.05.02-20.15.18:043][  0]LogTemp:Display: Loaded TP WindowsTargetPlatform
[2016.05.02-20.15.18:045][  0]LogTemp:Display: Loaded TP AndroidTargetPlatform
[2016.05.02-20.15.18:047][  0]LogTemp:Display: Loaded TP Android_ASTCTargetPlatform
[2016.05.02-20.15.18:049][  0]LogTemp:Display: Loaded TP Android_ATCTargetPlatform
[2016.05.02-20.15.18:051][  0]LogTemp:Display: Loaded TP Android_DXTTargetPlatform
[2016.05.02-20.15.18:053][  0]LogTemp:Display: Loaded TP Android_ETC1TargetPlatform
[2016.05.02-20.15.18:055][  0]LogTemp:Display: Loaded TP Android_ETC2TargetPlatform
[2016.05.02-20.15.18:060][  0]LogTemp:Display: Loaded TP Android_MultiTargetPlatform
[2016.05.02-20.15.18:060][  0]LogTemp:Display: Loaded TP Android_PVRTCTargetPlatform
[2016.05.02-20.15.18:060][  0]LogTemp:Display: Loaded TP HTML5TargetPlatform
[2016.05.02-20.15.18:074][  0]LogTemp:Display: Loaded TP IOSTargetPlatform
[2016.05.02-20.15.18:076][  0]LogTemp:Display: Loaded TP TVOSTargetPlatform
[2016.05.02-20.15.18:078][  0]LogTemp:Display: Loaded TP LinuxNoEditorTargetPlatform
[2016.05.02-20.15.18:080][  0]LogTemp:Display: Loaded TP LinuxServerTargetPlatform
[2016.05.02-20.15.18:083][  0]LogTemp:Display: Loaded TP LinuxTargetPlatform
[2016.05.02-20.15.18:083][  0]LogTargetPlatformManager:Display: Building Assets For Windows
[2016.05.02-20.15.18:122][  0]LogDerivedDataCache:Display: Max Cache Size: 512 MB
[2016.05.02-20.15.18:157][  0]LogDerivedDataCache: Loaded boot cache 0.04s 46MB C:/Users/Students/AppData/Local/UnrealEngine/4.11/DerivedDataCache/Boot.ddc.
[2016.05.02-20.15.18:157][  0]LogDerivedDataCache:Display: Loaded Boot cache: C:/Users/Students/AppData/Local/UnrealEngine/4.11/DerivedDataCache/Boot.ddc
[2016.05.02-20.15.18:157][  0]LogDerivedDataCache: FDerivedDataBackendGraph:  Pak pak cache file C:/Users/Students/Documents/Unreal Projects/MyProject3/DerivedDataCache/DDC.ddp not found, will not use a pak cache.
[2016.05.02-20.15.18:157][  0]LogDerivedDataCache: Unable to find inner node Pak for hierarchical cache Hierarchy.
[2016.05.02-20.15.18:157][  0]LogDerivedDataCache: FDerivedDataBackendGraph:  CompressedPak pak cache file C:/Users/Students/Documents/Unreal Projects/MyProject3/DerivedDataCache/Compressed.ddp not found, will not use a pak cache.
[2016.05.02-20.15.18:157][  0]LogDerivedDataCache: Unable to find inner node CompressedPak for hierarchical cache Hierarchy.
[2016.05.02-20.15.18:169][  0]LogDerivedDataCache:Display: Pak cache opened for reading ../../../Engine/DerivedDataCache/Compressed.ddp.
[2016.05.02-20.15.18:180][  0]LogDerivedDataCache: Using Local data cache path C:/Users/Students/AppData/Local/UnrealEngine/Common/DerivedDataCache: Writable
[2016.05.02-20.15.18:290][  0]LogInit: Selected Device Profile: [Windows]
[2016.05.02-20.15.18:291][  0]LogContentStreaming: Texture pool size is 0.00 MB
[2016.05.02-20.15.18:313][  0]LogMaterial: Uniform references updated for custom material expression Custom.
[2016.05.02-20.15.18:401][  0]LogMeshUtilities: No automatic mesh reduction module available
[2016.05.02-20.15.18:401][  0]LogMeshUtilities: No automatic mesh merging module available
[2016.05.02-20.15.18:401][  0]LogMeshUtilities: No distributed automatic mesh merging module available
[2016.05.02-20.15.18:557][  0]LogUObjectArray: 27679 objects as part of root set at end of initial load.
[2016.05.02-20.15.18:557][  0]LogUObjectAllocator: 5591600 out of 0 bytes used by permanent object pool.
[2016.05.02-20.15.18:557][  0]LogUObjectArray: CloseDisregardForGC: 0/0 objects in disregard for GC pool
[2016.05.02-20.15.18:560][  0]LogInit: WinSock: version 1.1 (2.2), MaxSocks=32767, MaxUdp=65467
[2016.05.02-20.15.18:605][  0]LogSlate: SlateFontCache - WITH_FREETYPE: 1, WITH_HARFBUZZ: 1
[2016.05.02-20.15.18:605][  0]LogSlate: SlateFontCache - WITH_FREETYPE: 1, WITH_HARFBUZZ: 1
[2016.05.02-20.15.18:680][  0]LogStreaming:Warning: Failed to read file '../../../Engine/Content/Editor/Slate/Common/Selection_16x.png' error.
[2016.05.02-20.15.18:680][  0]LogSlate: Could not find file for Slate resource: ../../../Engine/Content/Editor/Slate/Common/Selection_16x.png
[2016.05.02-20.15.18:680][  0]LogStreaming:Warning: Failed to read file '../../../Engine/Content/Editor/Slate/Common/Selection_16x.png' error.
[2016.05.02-20.15.18:680][  0]LogSlate: Could not find file for Slate resource: ../../../Engine/Content/Editor/Slate/Common/Selection_16x.png
[2016.05.02-20.15.18:680][  0]LogStreaming:Warning: Failed to read file '../../../Engine/Content/Editor/Slate/Common/Selection_16x.png' error.
[2016.05.02-20.15.18:680][  0]LogSlate: Could not find file for Slate resource: ../../../Engine/Content/Editor/Slate/Common/Selection_16x.png
[2016.05.02-20.15.19:079][  0]LogUdpMessaging: Initializing bridge on interface 0.0.0.0:0 to multicast group 230.0.0.1:6666.
[2016.05.02-20.15.19:191][  0]LogAssetRegistry: FAssetRegistry took 0.0210 seconds to start up
[2016.05.02-20.15.19:283][  0]SourceControl: Info Source control is disabled
[2016.05.02-20.15.19:290][  0]SourceControl: Info Source control is disabled
[2016.05.02-20.15.19:293][  0]SourceControl: Info Source control is disabled
[2016.05.02-20.15.19:297][  0]SourceControl: Info Source control is disabled
[2016.05.02-20.15.19:351][  0]LogHMD: Failed to initialize OpenVR with code 110
[2016.05.02-20.15.19:402][  0]LogEngine: Initializing Engine...
[2016.05.02-20.15.19:504][  0]LogAIModule: Creating AISystem for world NewWorld
[2016.05.02-20.15.19:508][  0]LogInit: XAudio2 using 'Speakers (Realtek High Definition Audio)' : 2 channels at 48 kHz using 32 bits per sample (channel mask 0x3)
[2016.05.02-20.15.19:517][  0]LogInit: FAudioDevice initialized.
[2016.05.02-20.15.19:536][  0]LogDerivedDataCache: Saved boot cache 0.02s 46MB C:/Users/Students/AppData/Local/UnrealEngine/4.11/DerivedDataCache/Boot.ddc.
[2016.05.02-20.15.19:541][  0]LogInit: Texture streaming: Enabled
[2016.05.02-20.15.19:555][  0]LogInit: Transaction tracking system initialized
[2016.05.02-20.15.19:568][  0]BlueprintLog: New page: Editor Load
[2016.05.02-20.15.19:603][  0]LocalizationService: Info Localization service is disabled
[2016.05.02-20.15.19:642][  0]LogConsoleResponse:Display: 
[2016.05.02-20.15.19:909][  0]LogCook:Display: Max memory allowance for cook 8192mb
[2016.05.02-20.15.19:909][  0]LogCook:Display: Mobile HDR setting 1
[2016.05.02-20.15.19:909][  0]LogCook:Display: Done creating registry. It took  0.00s.
[2016.05.02-20.15.19:934][  0]LogFileCache: Scanning file cache for directory 'C:/Users/Students/Documents/Unreal Projects/MyProject3/Content/' took 0.01s
[2016.05.02-20.15.19:934][  0]SourceControl: Info Source control is disabled
[2016.05.02-20.15.20:005][  0]LogWindowsTextInputMethodSystem:Display: IME system now deactivated.
[2016.05.02-20.15.29:766][  0]LogWindowsTextInputMethodSystem:Display: IME system now deactivated.
[2016.05.02-20.15.29:809][  0]LogWindowsTextInputMethodSystem:Display: IME system now deactivated.
[2016.05.02-20.15.32:023][  0]LogWindowsTextInputMethodSystem:Display: IME system now deactivated.
[2016.05.02-20.15.32:298][  0]LogWindowsTextInputMethodSystem:Display: IME system now deactivated.
[2016.05.02-20.15.32:298][  0]Cmd: MAP LOAD FILE="C:/Users/Students/Documents/Unreal Projects/MyProject3/Content/Runner.umap" TEMPLATE=0 SHOWPROGRESS=1 FEATURELEVEL=3
[2016.05.02-20.15.32:298][  0]LightingResults: New page: Lighting Build
[2016.05.02-20.15.32:300][  0]MapCheck: New page: Map Check
[2016.05.02-20.15.32:300][  0]LightingResults: New page: Lighting Build
[2016.05.02-20.15.32:461][  0]LogAIModule: Creating AISystem for world Runner
[2016.05.02-20.15.32:464][  0]LogEditorServer: Finished looking for orphan Actors (0.000 secs)
[2016.05.02-20.15.32:465][  0]Cmd: MAP CHECKDEP NOCLEARLOG
[2016.05.02-20.15.32:490][  0]MapCheck: Info Map check complete: 0 Error(s), 0 Warning(s), took 25.304ms to complete.
[2016.05.02-20.15.32:490][  0]LogFileHelpers: Loading map 'Runner' took 0.192
[2016.05.02-20.15.32:535][  0]LogStats:Warning: MetaData mismatch. Did you assign a stat to two groups? New //STATGROUP_Threads//SplashScreenThread///Thread_44c0_0///####STATCAT_Advanced#### old //STATGROUP_Threads//SplashScreenThread///Thread_33bc_0///####STATCAT_Advanced####
[2016.05.02-20.15.32:535][  0]LogCollectionManager: Loaded 0 collections in 0.000696 seconds
[2016.05.02-20.15.32:571][  0]LogFileCache: Scanning file cache for directory 'C:/Users/Students/Documents/Unreal Projects/MyProject3/Saved/Collections/' took 0.01s
[2016.05.02-20.15.32:571][  0]LogFileCache: Scanning file cache for directory 'C:/Users/Students/Documents/Unreal Projects/MyProject3/Content/Developers/Students/Collections/' took 0.01s
[2016.05.02-20.15.32:571][  0]LogFileCache: Scanning file cache for directory 'C:/Users/Students/Documents/Unreal Projects/MyProject3/Content/Collections/' took 0.01s
[2016.05.02-20.15.32:571][  0]LogCollectionManager: Rebuilt the GUID cache for 0 collections in 0.000002 seconds
[2016.05.02-20.15.32:577][  0]LogContentBrowser: Native class hierarchy populated in 0.0054 seconds. Added 1996 classes and 351 folders.
[2016.05.02-20.15.32:578][  0]LogStats: UGameplayTagsManager::ConstructGameplayTagTree: Construct from data asset -  0.000 s
[2016.05.02-20.15.32:578][  0]LogStats: UGameplayTagsManager::ConstructGameplayTagTree: GameplayTagTreeChangedEvent.Broadcast -  0.000 s
[2016.05.02-20.15.32:579][  0]LogContentBrowser: Native class hierarchy updated for 'GameplayTags' in 0.0003 seconds. Added 12 classes and 0 folders.
[2016.05.02-20.15.32:581][  0]LogContentBrowser: Native class hierarchy updated for 'WidgetCarousel' in 0.0002 seconds. Added 0 classes and 0 folders.
[2016.05.02-20.15.32:584][  0]LogContentBrowser: Native class hierarchy updated for 'SuperSearch' in 0.0002 seconds. Added 1 classes and 2 folders.
[2016.05.02-20.15.32:609][  0]LogContentBrowser: Native class hierarchy updated for 'AddContentDialog' in 0.0003 seconds. Added 0 classes and 0 folders.
[2016.05.02-20.15.32:611][  0]LogContentBrowser: Native class hierarchy updated for 'SceneOutliner' in 0.0002 seconds. Added 1 classes and 2 folders.
[2016.05.02-20.15.32:626][  0]LogCrashTracker: Crashtracker disabled due to settings.
[2016.05.02-20.15.32:629][  0]LogUObjectGlobals:Warning: Failed to find object 'Class None.'
[2016.05.02-20.15.32:654][  0]LogContentBrowser: Native class hierarchy updated for 'HierarchicalLODOutliner' in 0.0003 seconds. Added 1 classes and 2 folders.
[2016.05.02-20.15.32:654][  0]LogLoad: Full Startup: 16.24 seconds (BP compile: 0.02 seconds)
[2016.05.02-20.15.32:654][  0]LogExternalProfiler: Found external profiler: VSPerf
[2016.05.02-20.15.32:654][  0]LogExternalProfiler: Using external profiler: VSPerf
[2016.05.02-20.15.32:671][  0]LogOcInput: OculusInput pre-init called
[2016.05.02-20.15.32:672][  0]LogOcInput: Can't find Oculus library dev build: is proper Runtime installed? Version: 1.3.0
[2016.05.02-20.15.32:686][  0]LogAssetRegistry: Asset discovery search completed in 13.5157 seconds
[2016.05.02-20.15.32:686][  0]LogCollectionManager: Rebuilt the object cache for 0 collections in 0.000000 seconds (found 0 objects)
[2016.05.02-20.15.32:686][  0]LogCollectionManager: Fixed up redirectors for 0 collections in 0.000014 seconds (updated 0 objects)
[2016.05.02-20.15.32:702][  0]LogContentStreaming: Texture pool size now 1000 MB
[2016.05.02-20.15.32:814][  0]LogRenderer: Reallocating scene render targets to support 1616x916 (Frame:2).
[2016.05.02-20.15.39:250][360]LogContentBrowser: Native class hierarchy updated for 'BlueprintGraph' in 0.0005 seconds. Added 108 classes and 0 folders.
[2016.05.02-20.15.39:771][360]LogSpawn:Warning: SpawnActor failed because we are running a ConstructionScript (KinectAccessLayer)
[2016.05.02-20.15.39:854][361]LogLinker:Warning: Can't find file '/Game/UE4_Mannequin/Mesh/UE4_Mannequin'
[2016.05.02-20.15.39:855][361]LogLinker:Warning: Can't find file '/Game/UE4_Mannequin/Mesh/UE4_Mannequin'
[2016.05.02-20.15.39:855][361]LogUObjectGlobals:Warning: Failed to find object 'SkeletalMesh /Game/UE4_Mannequin/Mesh/UE4_Mannequin.UE4_Mannequin'
[2016.05.02-20.15.42:272][503]LogRenderer: Reallocating scene render targets to support 1616x1128 (Frame:291).
[2016.05.02-20.15.50:754][940]Cmd: MAP LOAD FILE="../../../Engine/Content/Maps/Templates/Template_Default.umap" TEMPLATE=1 SHOWPROGRESS=1 FEATURELEVEL=3
[2016.05.02-20.15.50:771][940]LightingResults: New page: Lighting Build
[2016.05.02-20.15.50:783][940]LoadErrors: New page: Loading map: Template_Default.umap
[2016.05.02-20.15.50:783][940]MapCheck: New page: Map Check
[2016.05.02-20.15.50:783][940]LightingResults: New page: Lighting Build
[2016.05.02-20.15.50:783][940]LogActorComponent: UnregisterComponent: (/Engine/Transient.KinectInterfaceComponent_4) Not registered. Aborting.
[2016.05.02-20.15.50:838][940]LogAIModule: Creating AISystem for world Untitled_1
[2016.05.02-20.15.50:841][940]LogEditorServer: Finished looking for orphan Actors (0.000 secs)
[2016.05.02-20.15.50:848][940]Cmd: MAP CHECKDEP NOCLEARLOG
[2016.05.02-20.15.50:876][940]MapCheck: Info Map check complete: 0 Error(s), 0 Warning(s), took 27.898ms to complete.
[2016.05.02-20.15.50:876][940]LogFileHelpers: Loading map 'Template_Default' took 0.124
[2016.05.02-20.15.57:401][176]Cmd: OBJ SAVEPACKAGE PACKAGE="/Game/NewMap" FILE="C:/Users/Students/Documents/Unreal Projects/MyProject3/Content/NewMap.umap" SILENT=true AUTOSAVING=false KEEPDIRTY=false
[2016.05.02-20.15.57:403][176]LogActorComponent: UnregisterComponent: (/Engine/Transient.KinectInterfaceComponent_4) Not registered. Aborting.
[2016.05.02-20.15.57:437][176]LogSavePackage: Save=21.44ms
[2016.05.02-20.15.57:437][176]LogSavePackage: Moving 'C:/Users/Students/Documents/Unreal Projects/MyProject3/Saved/NewMap14E6D21A4186EFF686E67E8C9635FE98.tmp' to 'C:/Users/Students/Documents/Unreal Projects/MyProject3/Content/NewMap.umap'
[2016.05.02-20.15.57:438][176]LogSavePackage: Total save time: 23.02ms
[2016.05.02-20.15.57:438][176]LogSavePackage:Display: Finished SavePackage C:/Users/Students/Documents/Unreal Projects/MyProject3/Content/NewMap.umap
[2016.05.02-20.15.57:459][176]LogFileHelpers: Saving map 'NewMap' took 0.200
[2016.05.02-20.15.58:617][245]LogPlayLevel: PlayLevel: No blueprints needed recompiling
[2016.05.02-20.15.58:617][245]PIE: New page: PIE session: NewMap (May 2, 2016, 9:15:58 AM)
[2016.05.02-20.15.58:617][245]LogPlayLevel: Creating play world package: /Game/UEDPIE_0_NewMap
[2016.05.02-20.15.58:618][245]LogPlayLevel: PIE: StaticDuplicateObject took: (0.001356s)
[2016.05.02-20.15.58:619][245]LogAIModule: Creating AISystem for world NewMap
[2016.05.02-20.15.58:619][245]LogPlayLevel: PIE: World Init took: (0.000441s)
[2016.05.02-20.15.58:619][245]LogPlayLevel: PIE: Created PIE world by copying editor world from /Game/NewMap.NewMap to /Game/UEDPIE_0_NewMap.NewMap (0.001936s)
[2016.05.02-20.15.58:619][245]LogActorComponent: UnregisterComponent: (/Engine/Transient.KinectInterfaceComponent_4) Not registered. Aborting.
[2016.05.02-20.15.58:636][245]LogInit: XAudio2 using 'Speakers (Realtek High Definition Audio)' : 2 channels at 48 kHz using 32 bits per sample (channel mask 0x3)
[2016.05.02-20.15.58:643][245]LogInit: FAudioDevice initialized.
[2016.05.02-20.15.58:788][245]LogBlueprint:Warning: [compiler RunGameMode] Warning 'ReturnValue' is already a 'BP Floor Tile', you don't need  Cast To BP_FloorTile .
[2016.05.02-20.15.58:789][245]LogBlueprint:Warning: [compiler RunGameMode] Warning [0042.38] Compile of RunGameMode successful, but with 1 Warning(s) [in 2 ms]
[2016.05.02-20.15.58:789][245]LogBlueprint:Warning: [compiler RunGameMode] Warning [0042.38] Compile of RunGameMode successful, but with 2 Warning(s) [in 0 ms]
[2016.05.02-20.15.58:789][245]LogBlueprint:Warning: [compiler RunGameMode] Warning [0042.38] Compile of RunGameMode successful, but with 3 Warning(s) [in 0 ms]
[2016.05.02-20.15.58:796][245]LogBlueprint:Warning: [compiler RunGameMode] Warning 'ReturnValue' is already a 'BP Floor Tile', you don't need  Cast To BP_FloorTile .
[2016.05.02-20.15.58:796][245]LogBlueprint:Warning: [compiler RunGameMode] Warning [0042.38] Compile of RunGameMode successful, but with 1 Warning(s) [in 2 ms]
[2016.05.02-20.15.58:796][245]LogBlueprint:Warning: [compiler RunGameMode] Warning [0042.38] Compile of RunGameMode successful, but with 2 Warning(s) [in 0 ms]
[2016.05.02-20.15.58:797][245]LogBlueprint:Warning: [compiler RunGameMode] Warning [0042.38] Compile of RunGameMode successful, but with 3 Warning(s) [in 0 ms]
[2016.05.02-20.15.59:123][245]LogWorld: Game class is 'RunGameMode_C'
[2016.05.02-20.15.59:125][245]LogWorld: Bringing World /Game/UEDPIE_0_NewMap.NewMap up for play (max tick rate 60) at 2016.05.02-15.15.59
[2016.05.02-20.15.59:160][245]LogWorld: Bringing up level for play took: 0.036162
[2016.05.02-20.15.59:163][245]LogContentBrowser: Native class hierarchy updated for 'MovieSceneCapture' in 0.0004 seconds. Added 9 classes and 0 folders.
[2016.05.02-20.15.59:170][245]PIE: Info Play in editor start time for /Game/UEDPIE_0_NewMap 1.463
[2016.05.02-20.16.01:311][363]LogActorComponent: UnregisterComponent: (/Engine/Transient.CharMoveComp) Not registered. Aborting.
[2016.05.02-20.16.41:330][ 87]LogActorComponent: UnregisterComponent: (/Engine/Transient.KinectInterfaceComponent_4) Not registered. Aborting.
[2016.05.02-20.16.41:330][ 87]LogActorComponent: UnregisterComponent: (/Engine/Transient.CharMoveComp) Not registered. Aborting.
[2016.05.02-20.16.41:408][ 87]LogActorComponent: UnregisterComponent: (/Engine/Transient.EditorFloorComp) Not registered. Aborting.
[2016.05.02-20.16.41:454][ 87]LogWindowsTextInputMethodSystem:Display: IME system now deactivated.
[2016.05.02-20.16.41:626][ 88]Cmd: QUIT_EDITOR
[2016.05.02-20.16.42:103][ 88]LogExit: Preparing to exit.
[2016.05.02-20.16.43:253][ 88]LogExit: Editor shut down
[2016.05.02-20.16.43:254][ 88]LogExit: Transaction tracking system shut down
[2016.05.02-20.16.43:377][ 88]LogObj: Freed 0b from 0 cluster array pools.
[2016.05.02-20.16.43:377][ 88]LogExit: Object subsystem successfully closed.
[2016.05.02-20.16.43:384][ 88]LogD3D11RHI: Shutdown
[2016.05.02-20.16.43:384][ 88]LogD3D11RHI: CleanupD3DDevice
[2016.05.02-20.16.43:447][ 88]LogD3D11RHI: ~FD3D11DynamicRHI
[2016.05.02-20.16.43:717][ 88]LogDerivedDataCache: Shutdown
[2016.05.02-20.16.43:717][ 88]LogModuleManager: Shutting down and abandoning module ExternalImagePicker (209)
[2016.05.02-20.16.43:717][ 88]LogModuleManager: Shutting down and abandoning module MovieSceneCapture (208)
[2016.05.02-20.16.43:717][ 88]LogModuleManager: Shutting down and abandoning module NewLevelDialog (207)
[2016.05.02-20.16.43:717][ 88]LogModuleManager: Shutting down and abandoning module BlueprintGraph (206)
[2016.05.02-20.16.43:717][ 88]LogModuleManager: Shutting down and abandoning module HierarchicalLODOutliner (205)
[2016.05.02-20.16.43:717][ 88]LogModuleManager: Shutting down and abandoning module CrashTracker (204)
[2016.05.02-20.16.43:717][ 88]LogModuleManager: Shutting down and abandoning module SceneOutliner (203)
[2016.05.02-20.16.43:717][ 88]LogModuleManager: Shutting down and abandoning module SuperSearch (202)
[2016.05.02-20.16.43:717][ 88]LogModuleManager: Shutting down and abandoning module WidgetCarousel (201)
[2016.05.02-20.16.43:717][ 88]LogModuleManager: Shutting down and abandoning module AddContentDialog (200)
[2016.05.02-20.16.43:718][ 88]LogModuleManager: Shutting down and abandoning module GameplayTags (199)
[2016.05.02-20.16.43:718][ 88]LogModuleManager: Shutting down and abandoning module EditorWidgets (198)
[2016.05.02-20.16.43:718][ 88]LogModuleManager: Shutting down and abandoning module CollectionManager (197)
[2016.05.02-20.16.43:718][ 88]LogModuleManager: Shutting down and abandoning module StatsViewer (196)
[2016.05.02-20.16.43:718][ 88]LogModuleManager: Shutting down and abandoning module FoliageEdit (195)
[2016.05.02-20.16.43:718][ 88]LogModuleManager: Shutting down and abandoning module LandscapeEditor (194)
[2016.05.02-20.16.43:718][ 88]LogModuleManager: Shutting down and abandoning module ActorPickerMode (193)
[2016.05.02-20.16.43:718][ 88]LogModuleManager: Shutting down and abandoning module GeometryMode (192)
[2016.05.02-20.16.43:718][ 88]LogModuleManager: Shutting down and abandoning module TextureAlignMode (191)
[2016.05.02-20.16.43:718][ 88]LogModuleManager: Shutting down and abandoning module BspMode (190)
[2016.05.02-20.16.43:718][ 88]LogModuleManager: Shutting down and abandoning module PlacementMode (189)
[2016.05.02-20.16.43:718][ 88]LogModuleManager: Shutting down and abandoning module AutomationWorker (188)
[2016.05.02-20.16.43:718][ 88]LogModuleManager: Shutting down and abandoning module CharacterAI (187)
[2016.05.02-20.16.43:718][ 88]LogModuleManager: Shutting down and abandoning module SmartSnapping (186)
[2016.05.02-20.16.43:718][ 88]LogModuleManager: Shutting down and abandoning module ViewportSnapping (185)
[2016.05.02-20.16.43:718][ 88]LogModuleManager: Shutting down and abandoning module LogVisualizer (184)
[2016.05.02-20.16.43:718][ 88]LogModuleManager: Shutting down and abandoning module GameProjectGeneration (183)
[2016.05.02-20.16.43:718][ 88]LogModuleManager: Shutting down and abandoning module IntroTutorials (182)
[2016.05.02-20.16.43:718][ 88]LogModuleManager: Shutting down and abandoning module EditorLiveStreaming (181)
[2016.05.02-20.16.43:718][ 88]LogModuleManager: Shutting down and abandoning module IOSPlatformEditor (180)
[2016.05.02-20.16.43:718][ 88]LogModuleManager: Shutting down and abandoning module HTML5PlatformEditor (179)
[2016.05.02-20.16.43:718][ 88]LogModuleManager: Shutting down and abandoning module AndroidDeviceDetection (178)
[2016.05.02-20.16.44:638][ 88]LogModuleManager: Shutting down and abandoning module AndroidPlatformEditor (177)
[2016.05.02-20.16.44:639][ 88]LogModuleManager: Shutting down and abandoning module IOSRuntimeSettings (176)
[2016.05.02-20.16.44:639][ 88]LogModuleManager: Shutting down and abandoning module AndroidRuntimeSettings (175)
[2016.05.02-20.16.44:639][ 88]LogModuleManager: Shutting down and abandoning module MergeActors (174)
[2016.05.02-20.16.44:639][ 88]LogModuleManager: Shutting down and abandoning module SizeMap (173)
[2016.05.02-20.16.44:639][ 88]LogModuleManager: Shutting down and abandoning module TreeMap (172)
[2016.05.02-20.16.44:639][ 88]LogModuleManager: Shutting down and abandoning module ReferenceViewer (171)
[2016.05.02-20.16.44:639][ 88]LogModuleManager: Shutting down and abandoning module LocalizationService (170)
[2016.05.02-20.16.44:639][ 88]LogModuleManager: Shutting down and abandoning module LocalizationDashboard (169)
[2016.05.02-20.16.44:639][ 88]LogModuleManager: Shutting down and abandoning module HardwareTargeting (168)
[2016.05.02-20.16.44:639][ 88]LogModuleManager: Shutting down and abandoning module DeviceProfileEditor (167)
[2016.05.02-20.16.44:639][ 88]LogModuleManager: Shutting down and abandoning module UndoHistory (166)
[2016.05.02-20.16.44:639][ 88]LogModuleManager: Shutting down and abandoning module UserFeedback (165)
[2016.05.02-20.16.44:639][ 88]LogModuleManager: Shutting down and abandoning module XmlParser (164)
[2016.05.02-20.16.44:639][ 88]LogModuleManager: Shutting down and abandoning module Blutility (163)
[2016.05.02-20.16.44:639][ 88]LogModuleManager: Shutting down and abandoning module ProjectTargetPlatformEditor (162)
[2016.05.02-20.16.44:639][ 88]LogModuleManager: Shutting down and abandoning module ProjectSettingsViewer (161)
[2016.05.02-20.16.44:639][ 88]LogModuleManager: Shutting down and abandoning module InputBindingEditor (160)
[2016.05.02-20.16.44:639][ 88]LogModuleManager: Shutting down and abandoning module EditorSettingsViewer (159)
[2016.05.02-20.16.44:639][ 88]LogModuleManager: Shutting down and abandoning module SettingsEditor (158)
[2016.05.02-20.16.44:639][ 88]LogModuleManager: Shutting down and abandoning module ProjectLauncher (157)
[2016.05.02-20.16.44:639][ 88]LogModuleManager: Shutting down and abandoning module SessionFrontend (156)
[2016.05.02-20.16.44:639][ 88]LogModuleManager: Shutting down and abandoning module ProfilerClient (155)
[2016.05.02-20.16.44:639][ 88]LogModuleManager: Shutting down and abandoning module TargetDeviceServices (154)
[2016.05.02-20.16.44:639][ 88]LogModuleManager: Shutting down and abandoning module DeviceManager (153)
[2016.05.02-20.16.44:671][ 88]LogModuleManager: Shutting down and abandoning module AutomationController (152)
[2016.05.02-20.16.44:671][ 88]LogModuleManager: Shutting down and abandoning module AutomationWindow (151)
[2016.05.02-20.16.44:671][ 88]LogModuleManager: Shutting down and abandoning module Layers (150)
[2016.05.02-20.16.44:671][ 88]LogModuleManager: Shutting down and abandoning module ComponentVisualizers (149)
[2016.05.02-20.16.44:671][ 88]LogModuleManager: Shutting down and abandoning module DetailCustomizations (148)
[2016.05.02-20.16.44:671][ 88]LogModuleManager: Shutting down and abandoning module PackagesDialog (147)
[2016.05.02-20.16.44:671][ 88]LogModuleManager: Shutting down and abandoning module Persona (146)
[2016.05.02-20.16.44:671][ 88]LogModuleManager: Shutting down and abandoning module Kismet (145)
[2016.05.02-20.16.44:671][ 88]LogModuleManager: Shutting down and abandoning module GraphEditor (144)
[2016.05.02-20.16.44:671][ 88]LogModuleManager: Shutting down and abandoning module ClassViewer (143)
[2016.05.02-20.16.44:671][ 88]LogModuleManager: Shutting down and abandoning module Toolbox (142)
[2016.05.02-20.16.44:671][ 88]LogModuleManager: Shutting down and abandoning module ModuleUI (141)
[2016.05.02-20.16.44:671][ 88]LogModuleManager: Shutting down and abandoning module MovieSceneTools (140)
[2016.05.02-20.16.44:671][ 88]LogModuleManager: Shutting down and abandoning module OutputLog (139)
[2016.05.02-20.16.44:671][ 88]LogModuleManager: Shutting down and abandoning module GammaUI (138)
[2016.05.02-20.16.44:671][ 88]LogModuleManager: Shutting down and abandoning module Documentation (137)
[2016.05.02-20.16.44:671][ 88]LogModuleManager: Shutting down and abandoning module StreamingPauseRendering (136)
[2016.05.02-20.16.44:671][ 88]LogModuleManager: Shutting down and abandoning module AnalyticsET (135)
[2016.05.02-20.16.44:671][ 88]LogModuleManager: Shutting down and abandoning module Analytics (134)
[2016.05.02-20.16.44:671][ 88]LogModuleManager: Shutting down and abandoning module PortalServices (133)
[2016.05.02-20.16.44:671][ 88]LogModuleManager: Shutting down and abandoning module PortalRpc (132)
[2016.05.02-20.16.44:671][ 88]LogModuleManager: Shutting down and abandoning module MessagingRpc (131)
[2016.05.02-20.16.44:671][ 88]LogModuleManager: Shutting down and abandoning module AITestSuite (130)
[2016.05.02-20.16.44:671][ 88]LogModuleManager: Shutting down and abandoning module GameplayDebugger (129)
[2016.05.02-20.16.44:671][ 88]LogModuleManager: Shutting down and abandoning module AIModule (128)
[2016.05.02-20.16.44:671][ 88]LogModuleManager: Shutting down and abandoning module ProfilerService (127)
[2016.05.02-20.16.44:698][ 88]LogModuleManager: Shutting down and abandoning module TaskGraph (126)
[2016.05.02-20.16.44:698][ 88]LogModuleManager: Shutting down and abandoning module SlateRemote (125)
[2016.05.02-20.16.44:698][ 88]LogModuleManager: Shutting down and abandoning module SteamVRController (124)
[2016.05.02-20.16.44:698][ 88]LogModuleManager: Shutting down and abandoning module SteamVR (123)
[2016.05.02-20.16.44:698][ 88]LogModuleManager: Shutting down and abandoning module ProceduralMeshComponent (122)
[2016.05.02-20.16.44:698][ 88]LogModuleManager: Shutting down and abandoning module OculusLibrary (121)
[2016.05.02-20.16.44:698][ 88]LogModuleManager: Shutting down and abandoning module OculusInput (120)
[2016.05.02-20.16.44:698][ 88]LogModuleManager: Shutting down and abandoning module CustomMeshComponent (119)
[2016.05.02-20.16.44:698][ 88]LogModuleManager: Shutting down and abandoning module CableComponent (118)
[2016.05.02-20.16.44:698][ 88]LogModuleManager: Shutting down and abandoning module ArchVisCharacter (117)
[2016.05.02-20.16.44:698][ 88]LogModuleManager: Shutting down and abandoning module MediaPlayerEditor (116)
[2016.05.02-20.16.44:698][ 88]LogModuleManager: Shutting down and abandoning module HTML5Networking (115)
[2016.05.02-20.16.44:698][ 88]LogModuleManager: Shutting down and abandoning module SpeedTreeImporter (114)
[2016.05.02-20.16.44:698][ 88]LogModuleManager: Shutting down and abandoning module PluginBrowser (113)
[2016.05.02-20.16.44:698][ 88]LogModuleManager: Shutting down and abandoning module EpicSurvey (112)
[2016.05.02-20.16.44:698][ 88]LogModuleManager: Shutting down and abandoning module DesktopPlatform (111)
[2016.05.02-20.16.44:698][ 88]LogModuleManager: Shutting down and abandoning module VisualStudioSourceCodeAccess (110)
[2016.05.02-20.16.44:698][ 88]LogModuleManager: Shutting down and abandoning module UObjectPlugin (109)
[2016.05.02-20.16.44:698][ 88]LogModuleManager: Shutting down and abandoning module SubversionSourceControl (108)
[2016.05.02-20.16.44:698][ 88]LogModuleManager: Shutting down and abandoning module PerforceSourceControl (107)
[2016.05.02-20.16.44:698][ 88]LogModuleManager: Shutting down and abandoning module SourceControl (106)
[2016.05.02-20.16.44:698][ 88]LogModuleManager: Shutting down and abandoning module GitSourceControl (105)
[2016.05.02-20.16.44:698][ 88]LogModuleManager: Shutting down and abandoning module LightPropagationVolumeEditor (104)
[2016.05.02-20.16.44:698][ 88]LogModuleManager: Shutting down and abandoning module PaperTiledImporter (103)
[2016.05.02-20.16.44:698][ 88]LogModuleManager: Shutting down and abandoning module PaperSpriteSheetImporter (102)
[2016.05.02-20.16.44:698][ 88]LogModuleManager: Shutting down and abandoning module MeshPaint (101)
[2016.05.02-20.16.44:698][ 88]LogModuleManager: Shutting down and abandoning module HotReload (100)
[2016.05.02-20.16.44:699][ 88]LogModuleManager: Shutting down and abandoning module MainFrame (99)
[2016.05.02-20.16.44:699][ 88]LogModuleManager: Shutting down and abandoning module LevelEditor (98)
[2016.05.02-20.16.44:699][ 88]LogModuleManager: Shutting down and abandoning module DirectoryWatcher (97)
[2016.05.02-20.16.44:699][ 88]LogModuleManager: Shutting down and abandoning module AssetRegistry (96)
[2016.05.02-20.16.44:836][ 88]LogModuleManager: Shutting down and abandoning module ContentBrowser (95)
[2016.05.02-20.16.44:837][ 88]LogModuleManager: Shutting down and abandoning module Paper2DEditor (94)
[2016.05.02-20.16.44:837][ 88]LogModuleManager: Shutting down and abandoning module Kinect4Unreal (93)
[2016.05.02-20.16.44:837][ 88]LogModuleManager: Shutting down and abandoning module UdpMessaging (92)
[2016.05.02-20.16.44:937][ 88]LogModuleManager: Shutting down and abandoning module LightPropagationVolumeRuntime (91)
[2016.05.02-20.16.44:937][ 88]LogModuleManager: Shutting down and abandoning module Paper2D (90)
[2016.05.02-20.16.44:937][ 88]LogModuleManager: Shutting down and abandoning module WindowsMoviePlayer (89)
[2016.05.02-20.16.44:937][ 88]LogModuleManager: Shutting down and abandoning module Media (88)
[2016.05.02-20.16.44:937][ 88]LogModuleManager: Shutting down and abandoning module WmfMedia (87)
[2016.05.02-20.16.44:937][ 88]LogModuleManager: Shutting down and abandoning module MediaAssets (86)
[2016.05.02-20.16.44:937][ 88]LogModuleManager: Shutting down and abandoning module GameLiveStreaming (85)
[2016.05.02-20.16.44:937][ 88]LogModuleManager: Shutting down and abandoning module GameplayTagsEditor (84)
[2016.05.02-20.16.44:937][ 88]LogModuleManager: Shutting down and abandoning module OnlineBlueprintSupport (83)
[2016.05.02-20.16.44:937][ 88]LogModuleManager: Shutting down and abandoning module GameplayTasksEditor (82)
[2016.05.02-20.16.44:937][ 88]LogModuleManager: Shutting down and abandoning module PropertyEditor (81)
[2016.05.02-20.16.44:937][ 88]LogModuleManager: Shutting down and abandoning module BehaviorTreeEditor (80)
[2016.05.02-20.16.44:937][ 88]LogModuleManager: Shutting down and abandoning module FunctionalTesting (79)
[2016.05.02-20.16.44:937][ 88]LogModuleManager: Shutting down and abandoning module CollisionAnalyzer (78)
[2016.05.02-20.16.44:937][ 88]LogModuleManager: Shutting down and abandoning module WorkspaceMenuStructure (77)
[2016.05.02-20.16.44:937][ 88]LogModuleManager: Shutting down and abandoning module MessageLog (76)
[2016.05.02-20.16.44:937][ 88]LogModuleManager: Shutting down and abandoning module Sequencer (75)
[2016.05.02-20.16.44:937][ 88]LogModuleManager: Shutting down and abandoning module AssetTools (74)
[2016.05.02-20.16.44:937][ 88]LogModuleManager: Shutting down and abandoning module UMGEditor (73)
[2016.05.02-20.16.44:937][ 88]LogModuleManager: Shutting down and abandoning module UMG (72)
[2016.05.02-20.16.44:937][ 88]LogModuleManager: Shutting down and abandoning module SlateReflector (71)
[2016.05.02-20.16.44:937][ 88]LogModuleManager: Shutting down and abandoning module Slate (70)
[2016.05.02-20.16.44:937][ 88]LogModuleManager: Shutting down and abandoning module EditorStyle (69)
[2016.05.02-20.16.44:939][ 88]LogModuleManager: Shutting down and abandoning module SessionServices (68)
[2016.05.02-20.16.44:939][ 88]LogModuleManager: Shutting down and abandoning module SourceCodeAccess (67)
[2016.05.02-20.16.44:939][ 88]LogModuleManager: Shutting down and abandoning module HeadMountedDisplay (66)
[2016.05.02-20.16.44:939][ 88]LogModuleManager: Shutting down and abandoning module XAudio2 (65)
[2016.05.02-20.16.44:939][ 88]LogModuleManager: Shutting down and abandoning module Networking (63)
[2016.05.02-20.16.44:939][ 88]LogModuleManager: Shutting down and abandoning module Core (62)
[2016.05.02-20.16.44:939][ 88]LogModuleManager: Shutting down and abandoning module KismetCompiler (61)
[2016.05.02-20.16.44:939][ 88]LogModuleManager: Shutting down and abandoning module PhysXFormats (60)
[2016.05.02-20.16.44:939][ 88]LogModuleManager: Shutting down and abandoning module MeshUtilities (59)
[2016.05.02-20.16.44:939][ 88]LogModuleManager: Shutting down and abandoning module CookingStats (58)
[2016.05.02-20.16.44:939][ 88]LogModuleManager: Shutting down and abandoning module DerivedDataCache (57)
[2016.05.02-20.16.44:939][ 88]LogDerivedDataCache: Shutdown
[2016.05.02-20.16.44:939][ 88]LogModuleManager: Shutting down and abandoning module ShaderFormatOpenGL (56)
[2016.05.02-20.16.44:939][ 88]LogModuleManager: Shutting down and abandoning module ShaderFormatD3D (55)
[2016.05.02-20.16.44:939][ 88]LogModuleManager: Shutting down and abandoning module MetalShaderFormat (54)
[2016.05.02-20.16.44:939][ 88]LogModuleManager: Shutting down and abandoning module TextureFormatUncompressed (53)
[2016.05.02-20.16.44:939][ 88]LogModuleManager: Shutting down and abandoning module TextureFormatPVR (52)
[2016.05.02-20.16.44:939][ 88]LogModuleManager: Shutting down and abandoning module TextureFormatIntelISPCTexComp (51)
[2016.05.02-20.16.44:939][ 88]LogModuleManager: Shutting down and abandoning module TextureFormatDXT (50)
[2016.05.02-20.16.44:939][ 88]LogModuleManager: Shutting down and abandoning module ImageWrapper (49)
[2016.05.02-20.16.44:939][ 88]LogModuleManager: Shutting down and abandoning module TextureFormatASTC (48)
[2016.05.02-20.16.44:939][ 88]LogModuleManager: Shutting down and abandoning module TextureFormatAndroid (47)
[2016.05.02-20.16.44:939][ 88]LogModuleManager: Shutting down and abandoning module AudioFormatOpus (46)
[2016.05.02-20.16.44:939][ 88]LogModuleManager: Shutting down and abandoning module AudioFormatOgg (45)
[2016.05.02-20.16.44:939][ 88]LogModuleManager: Shutting down and abandoning module AudioFormatADPCM (44)
[2016.05.02-20.16.44:939][ 88]LogModuleManager: Shutting down and abandoning module LinuxTargetPlatform (43)
[2016.05.02-20.16.44:939][ 88]LogModuleManager: Shutting down and abandoning module LinuxServerTargetPlatform (42)
[2016.05.02-20.16.44:939][ 88]LogModuleManager: Shutting down and abandoning module LinuxNoEditorTargetPlatform (41)
[2016.05.02-20.16.44:939][ 88]LogModuleManager: Shutting down and abandoning module TVOSTargetPlatform (40)
[2016.05.02-20.16.44:939][ 88]LogModuleManager: Shutting down and abandoning module Messaging (39)
[2016.05.02-20.16.44:939][ 88]LogModuleManager: Shutting down and abandoning module IOSTargetPlatform (38)
[2016.05.02-20.16.44:939][ 88]LogModuleManager: Shutting down and abandoning module HTML5TargetPlatform (37)
[2016.05.02-20.16.44:939][ 88]LogModuleManager: Shutting down and abandoning module Android_PVRTCTargetPlatform (36)
[2016.05.02-20.16.44:939][ 88]LogModuleManager: Shutting down and abandoning module Android_MultiTargetPlatform (35)
[2016.05.02-20.16.44:939][ 88]LogModuleManager: Shutting down and abandoning module Android_ETC2TargetPlatform (34)
[2016.05.02-20.16.44:939][ 88]LogModuleManager: Shutting down and abandoning module Android_ETC1TargetPlatform (33)
[2016.05.02-20.16.44:939][ 88]LogModuleManager: Shutting down and abandoning module Android_DXTTargetPlatform (32)
[2016.05.02-20.16.44:939][ 88]LogModuleManager: Shutting down and abandoning module Android_ATCTargetPlatform (31)
[2016.05.02-20.16.44:939][ 88]LogModuleManager: Shutting down and abandoning module Android_ASTCTargetPlatform (30)
[2016.05.02-20.16.44:939][ 88]LogModuleManager: Shutting down and abandoning module AndroidTargetPlatform (29)
[2016.05.02-20.16.44:939][ 88]LogModuleManager: Shutting down and abandoning module WindowsTargetPlatform (28)
[2016.05.02-20.16.44:939][ 88]LogModuleManager: Shutting down and abandoning module WindowsServerTargetPlatform (27)
[2016.05.02-20.16.44:939][ 88]LogModuleManager: Shutting down and abandoning module WindowsNoEditorTargetPlatform (26)
[2016.05.02-20.16.44:939][ 88]LogModuleManager: Shutting down and abandoning module WindowsClientTargetPlatform (25)
[2016.05.02-20.16.44:939][ 88]LogModuleManager: Shutting down and abandoning module AllDesktopTargetPlatform (24)
[2016.05.02-20.16.44:939][ 88]LogModuleManager: Shutting down and abandoning module TargetPlatform (23)
[2016.05.02-20.16.44:939][ 88]LogModuleManager: Shutting down and abandoning module InputCore (22)
[2016.05.02-20.16.44:939][ 88]LogModuleManager: Shutting down and abandoning module Settings (21)
[2016.05.02-20.16.44:939][ 88]LogModuleManager: Shutting down and abandoning module OnlineSubsystem (19)
[2016.05.02-20.16.44:939][ 88]LogModuleManager: Shutting down and abandoning module HTTP (18)
[2016.05.02-20.16.45:940][ 88]LogModuleManager: Shutting down and abandoning module XMPP (17)
[2016.05.02-20.16.45:940][ 88]LogModuleManager: Shutting down and abandoning module OculusRift (16)
[2016.05.02-20.16.45:940][ 88]LogModuleManager: Shutting down and abandoning module ExampleDeviceProfileSelector (15)
[2016.05.02-20.16.45:940][ 88]LogModuleManager: Shutting down and abandoning module TextureCompressor (14)
[2016.05.02-20.16.45:940][ 88]LogModuleManager: Shutting down and abandoning module ShaderCore (13)
[2016.05.02-20.16.45:940][ 88]LogModuleManager: Shutting down and abandoning module Landscape (12)
[2016.05.02-20.16.45:940][ 88]LogModuleManager: Shutting down and abandoning module SlateRHIRenderer (11)
[2016.05.02-20.16.45:941][ 88]LogModuleManager: Shutting down and abandoning module OpenGLDrv (10)
[2016.05.02-20.16.45:941][ 88]LogModuleManager: Shutting down and abandoning module D3D11RHI (9)
[2016.05.02-20.16.45:941][ 88]LogModuleManager: Shutting down and abandoning module AnimGraphRuntime (8)
[2016.05.02-20.16.45:941][ 88]LogModuleManager: Shutting down and abandoning module Renderer (7)
[2016.05.02-20.16.45:941][ 88]LogModuleManager: Shutting down and abandoning module Engine (6)
[2016.05.02-20.16.45:941][ 88]LogModuleManager: Shutting down and abandoning module CoreUObject (5)
[2016.05.02-20.16.45:941][ 88]LogModuleManager: Shutting down and abandoning module NetworkFile (4)
[2016.05.02-20.16.45:941][ 88]LogModuleManager: Shutting down and abandoning module StreamingFile (3)
[2016.05.02-20.16.45:941][ 88]LogModuleManager: Shutting down and abandoning module SandboxFile (2)
[2016.05.02-20.16.45:941][ 88]LogModuleManager: Shutting down and abandoning module PakFile (1)
[2016.05.02-20.16.45:943][ 88]LogExit: Exiting.
[2016.05.02-20.16.45:944][ 88]Log file closed, 05/02/16 15:16:45
